#
# There is insufficient memory for the Java Runtime Environment to continue.
# Native memory allocation (mmap) failed to map 65536 bytes for Failed to commit metaspace.
# Possible reasons:
#   The system is out of physical RAM or swap space
#   The process is running with CompressedOops enabled, and the Java Heap may be blocking the growth of the native heap
# Possible solutions:
#   Reduce memory load on the system
#   Increase physical memory or swap space
#   Check if swap backing store is full
#   Decrease Java heap size (-Xmx/-Xms)
#   Decrease number of Java threads
#   Decrease Java thread stack sizes (-Xss)
#   Set larger code cache with -XX:ReservedCodeCacheSize=
#   JVM is running with Zero Based Compressed Oops mode in which the Java heap is
#     placed in the first 32GB address space. The Java Heap base address is the
#     maximum limit for the native heap growth. Please use -XX:HeapBaseMinAddress
#     to set the Java Heap base and to place the Java Heap above 32GB virtual address.
# This output file may be truncated or incomplete.
#
#  Out of Memory Error (virtualSpaceNode.cpp:110), pid=31284, tid=21948
#
# JRE version: OpenJDK Runtime Environment JBR-17.0.10+1-1207.14-jcef (17.0.10+1) (build 17.0.10+1-b1207.14)
# Java VM: OpenJDK 64-Bit Server VM JBR-17.0.10+1-1207.14-jcef (17.0.10+1-b1207.14, mixed mode, tiered, compressed oops, compressed class ptrs, g1 gc, windows-amd64)
# No core dump will be written. Minidumps are not enabled by default on client versions of Windows
#

---------------  S U M M A R Y ------------

Command Line: git4idea.http.GitAskPassApp Username for 'https://github.com': 

Host: 11th Gen Intel(R) Core(TM) i5-1135G7 @ 2.40GHz, 8 cores, 15G,  Windows 11 , 64 bit Build 22621 (10.0.22621.3527)
Time: Fri Jun 14 02:53:00 2024  Windows 11 , 64 bit Build 22621 (10.0.22621.3527) elapsed time: 0.262272 seconds (0d 0h 0m 0s)

---------------  T H R E A D  ---------------

Current thread (0x000001d23309d360):  JavaThread "main" [_thread_in_vm, id=21948, stack(0x00000015af900000,0x00000015afa00000)]

Stack: [0x00000015af900000,0x00000015afa00000]
Native frames: (J=compiled Java code, j=interpreted, Vv=VM code, C=native code)
V  [jvm.dll+0x687989]
V  [jvm.dll+0x84116a]
V  [jvm.dll+0x842dae]
V  [jvm.dll+0x843413]
V  [jvm.dll+0x249ccf]
V  [jvm.dll+0x83c11b]
V  [jvm.dll+0x62bf36]
V  [jvm.dll+0x62bf9a]
V  [jvm.dll+0x62e7ca]
V  [jvm.dll+0x62c8d6]
V  [jvm.dll+0x371fe2]
V  [jvm.dll+0x1e479b]
V  [jvm.dll+0x54c7d5]
V  [jvm.dll+0x1f3a5b]
V  [jvm.dll+0x7b97bb]
V  [jvm.dll+0x7bac2c]
V  [jvm.dll+0x7baf78]
V  [jvm.dll+0x24170e]
V  [jvm.dll+0x24195f]
V  [jvm.dll+0x56aab8]
V  [jvm.dll+0x56da37]
V  [jvm.dll+0x38a3c2]
V  [jvm.dll+0x389a2f]
C  0x000001d23dd5a503

The last pc belongs to invokestatic (printed below).
Java frames: (J=compiled Java code, j=interpreted, Vv=VM code)
j  java.security.MessageDigest.getInstance(Ljava/lang/String;)Ljava/security/MessageDigest;+61 java.base@17.0.10
j  sun.security.ec.ECDSASignature.<init>(Ljava/lang/String;Z)V+11 jdk.crypto.ec@17.0.10
j  sun.security.ec.ECDSASignature.<init>(Ljava/lang/String;)V+3 jdk.crypto.ec@17.0.10
j  sun.security.ec.ECDSASignature$SHA1.<init>()V+3 jdk.crypto.ec@17.0.10
j  sun.security.ec.SunEC$ProviderService.newInstance(Ljava/lang/Object;)Ljava/lang/Object;+142 jdk.crypto.ec@17.0.10
j  java.security.Signature.isSpi(Ljava/security/Provider$Service;)Z+38 java.base@17.0.10
j  java.security.Signature.getInstance(Ljava/lang/String;)Ljava/security/Signature;+89 java.base@17.0.10
j  sun.security.ssl.JsseJce$EcAvailability.<clinit>()V+4 java.base@17.0.10
v  ~StubRoutines::call_stub
j  sun.security.ssl.JsseJce.isEcAvailable()Z+0 java.base@17.0.10
j  sun.security.ssl.CipherSuite$KeyExchange.isAvailable()Z+29 java.base@17.0.10
j  sun.security.ssl.CipherSuite.isAvailable()Z+23 java.base@17.0.10
j  sun.security.ssl.SSLContextImpl.getApplicableCipherSuites(Ljava/util/Collection;Ljava/util/List;)Ljava/util/List;+50 java.base@17.0.10
j  sun.security.ssl.SSLContextImpl.getApplicableSupportedCipherSuites(Ljava/util/List;)Ljava/util/List;+4 java.base@17.0.10
j  sun.security.ssl.SSLContextImpl$AbstractTLSContext.<clinit>()V+84 java.base@17.0.10
v  ~StubRoutines::call_stub
j  java.lang.Class.forName0(Ljava/lang/String;ZLjava/lang/ClassLoader;Ljava/lang/Class;)Ljava/lang/Class;+0 java.base@17.0.10
j  java.lang.Class.forName(Ljava/lang/String;)Ljava/lang/Class;+11 java.base@17.0.10
j  java.security.Provider$Service.getImplClass()Ljava/lang/Class;+64 java.base@17.0.10
j  java.security.Provider$Service.getDefaultConstructor()Ljava/lang/reflect/Constructor;+46 java.base@17.0.10
j  java.security.Provider$Service.newInstanceOf()Ljava/lang/Object;+1 java.base@17.0.10
j  java.security.Provider$Service.newInstanceUtil(Ljava/lang/Class;Ljava/lang/Object;)Ljava/lang/Object;+5 java.base@17.0.10
j  java.security.Provider$Service.newInstance(Ljava/lang/Object;)Ljava/lang/Object;+227 java.base@17.0.10
j  sun.security.jca.GetInstance.getInstance(Ljava/security/Provider$Service;Ljava/lang/Class;)Lsun/security/jca/GetInstance$Instance;+2 java.base@17.0.10
j  sun.security.jca.GetInstance.getInstance(Ljava/lang/String;Ljava/lang/Class;Ljava/lang/String;)Lsun/security/jca/GetInstance$Instance;+56 java.base@17.0.10
j  javax.net.ssl.SSLContext.getInstance(Ljava/lang/String;)Ljavax/net/ssl/SSLContext;+12 java.base@17.0.10
j  externalApp.ExternalAppUtil.sendIdeRequest(Ljava/lang/String;ILjava/lang/String;Ljava/lang/String;)LexternalApp/ExternalAppUtil$Result;+34
j  git4idea.http.GitAskPassApp.main([Ljava/lang/String;)V+37
v  ~StubRoutines::call_stub
invokestatic  184 invokestatic  [0x000001d23dd5a460, 0x000001d23dd5a720]  704 bytes
[MachCode]
  0x000001d23dd5a460: 4883 ec08 | c5fa 1104 | 24eb 1f48 | 83ec 10c5 | fb11 0424 | eb14 4883 | ec10 4889 | 0424 48c7 
  0x000001d23dd5a480: 4424 0800 | 0000 00eb | 0150 4c89 | 6dc0 410f | b755 0148 | 8b4d d0c1 | e202 8b5c | d120 c1eb 
  0x000001d23dd5a4a0: 1081 e3ff | 0000 0081 | fbb8 0000 | 000f 84b6 | 0000 00bb | b800 0000 | e805 0000 | 00e9 9b00 
  0x000001d23dd5a4c0: 0000 488b | d348 8d44 | 2408 4c89 | 6dc0 498b | cfc5 f877 | 4989 afa8 | 0200 0049 | 8987 9802 
  0x000001d23dd5a4e0: 0000 4883 | ec20 f7c4 | 0f00 0000 | 0f84 1a00 | 0000 4883 | ec08 49ba | c099 1e0d | fa7f 0000 
  0x000001d23dd5a500: 41ff d248 | 83c4 08e9 | 0d00 0000 | 49ba c099 | 1e0d fa7f | 0000 41ff | d248 83c4 | 2049 c787 
  0x000001d23dd5a520: 9802 0000 | 0000 0000 | 49c7 87a8 | 0200 0000 | 0000 0049 | c787 a002 | 0000 0000 | 0000 c5f8 
  0x000001d23dd5a540: 7749 817f | 0800 0000 | 000f 8405 | 0000 00e9 | ac69 feff | 4c8b 6dc0 | 4c8b 75c8 | c341 0fb7 
  0x000001d23dd5a560: 5501 488b | 4dd0 c1e2 | 0248 8b5c | d128 488b | 5b08 488b | 5b08 488b | 5b18 80bb | 5b01 0000 
  0x000001d23dd5a580: 040f 840d | 0000 004c | 3bbb 6001 | 0000 0f85 | 1fff ffff | 488b 5cd1 | 288b 54d1 | 38c1 ea1c 
  0x000001d23dd5a5a0: 49ba d055 | a10d fa7f | 0000 498b | 14d2 5248 | 8b45 d848 | 85c0 0f84 | 1200 0000 | 4883 4008 
  0x000001d23dd5a5c0: 0148 8358 | 0800 4883 | c010 4889 | 45d8 488b | 45d8 4885 | c00f 8435 | 0100 0080 | 78f0 0a0f 
  0x000001d23dd5a5e0: 852b 0100 | 0048 83c0 | 084c 8b68 | f841 83ed | 0041 83fd | 020f 8c0a | 0100 004c | 8b6b 0845 
  0x000001d23dd5a600: 0fb7 6d2c | 4c2b 2841 | 83ed 014e | 8b6c ec08 | 4d85 ed75 | 0748 8348 | 0801 eb53 | 458b 6d08 
  0x000001d23dd5a620: 49ba 0000 | 0000 0800 | 0000 4d03 | ea4c 3368 | 0849 f7c5 | fcff ffff | 7435 49f7 | c502 0000 
  0x000001d23dd5a640: 0075 2c48 | 8178 0800 | 0000 0074 | 1e48 8178 | 0801 0000 | 0074 144c | 3368 0849 | f7c5 fcff 
  0x000001d23dd5a660: ffff 740b | 4883 4808 | 02eb 044c | 8968 0848 | 83c0 104c | 8b68 e841 | 83ed 0241 | 83fd 020f 
  0x000001d23dd5a680: 8c80 0000 | 004c 8b6b | 0845 0fb7 | 6d2c 4c2b | 2841 83ed | 014e 8b6c | ec08 4d85 | ed75 0748 
  0x000001d23dd5a6a0: 8348 0801 | eb53 458b | 6d08 49ba | 0000 0000 | 0800 0000 | 4d03 ea4c | 3368 0849 | f7c5 fcff 
  0x000001d23dd5a6c0: ffff 7435 | 49f7 c502 | 0000 0075 | 2c48 8178 | 0800 0000 | 0074 1e48 | 8178 0801 | 0000 0074 
  0x000001d23dd5a6e0: 144c 3368 | 0849 f7c5 | fcff ffff | 740b 4883 | 4808 02eb | 044c 8968 | 0848 83c0 | 104c 8b68 
  0x000001d23dd5a700: d841 83ed | 0441 c1e5 | 0349 03c5 | 4889 45d8 | 4c8d 6c24 | 084c 896d | f0ff 6360 | 0f1f 4000 
[/MachCode]

---------------  P R O C E S S  ---------------

Threads class SMR info:
_java_thread_list=0x000001d251d6f740, length=12, elements={
0x000001d23309d360, 0x000001d2516db250, 0x000001d2516dce20, 0x000001d251bd5fd0,
0x000001d251bd88b0, 0x000001d251bd9180, 0x000001d251bd9a50, 0x000001d251c209a0,
0x000001d251c2a1a0, 0x000001d251c33370, 0x000001d251d991b0, 0x000001d251da9ac0
}

Java Threads: ( => current thread )
=>0x000001d23309d360 JavaThread "main" [_thread_in_vm, id=21948, stack(0x00000015af900000,0x00000015afa00000)]
  0x000001d2516db250 JavaThread "Reference Handler" daemon [_thread_blocked, id=588, stack(0x00000015b0000000,0x00000015b0100000)]
  0x000001d2516dce20 JavaThread "Finalizer" daemon [_thread_blocked, id=8228, stack(0x00000015b0100000,0x00000015b0200000)]
  0x000001d251bd5fd0 JavaThread "Signal Dispatcher" daemon [_thread_blocked, id=15088, stack(0x00000015b0200000,0x00000015b0300000)]
  0x000001d251bd88b0 JavaThread "Attach Listener" daemon [_thread_blocked, id=17644, stack(0x00000015b0300000,0x00000015b0400000)]
  0x000001d251bd9180 JavaThread "Service Thread" daemon [_thread_blocked, id=36112, stack(0x00000015b0400000,0x00000015b0500000)]
  0x000001d251bd9a50 JavaThread "Monitor Deflation Thread" daemon [_thread_blocked, id=16380, stack(0x00000015b0500000,0x00000015b0600000)]
  0x000001d251c209a0 JavaThread "C2 CompilerThread0" daemon [_thread_blocked, id=32492, stack(0x00000015b0600000,0x00000015b0700000)]
  0x000001d251c2a1a0 JavaThread "C1 CompilerThread0" daemon [_thread_blocked, id=21516, stack(0x00000015b0700000,0x00000015b0800000)]
  0x000001d251c33370 JavaThread "Sweeper thread" daemon [_thread_blocked, id=18072, stack(0x00000015b0800000,0x00000015b0900000)]
  0x000001d251d991b0 JavaThread "Notification Thread" daemon [_thread_blocked, id=30944, stack(0x00000015b0900000,0x00000015b0a00000)]
  0x000001d251da9ac0 JavaThread "Common-Cleaner" daemon [_thread_blocked, id=33556, stack(0x00000015b0b00000,0x00000015b0c00000)]

Other Threads:
  0x000001d251bc1110 VMThread "VM Thread" [stack: 0x00000015aff00000,0x00000015b0000000] [id=20888]
  0x000001d251ba19c0 WatcherThread [stack: 0x00000015b0a00000,0x00000015b0b00000] [id=36204]
  0x000001d233107370 GCTaskThread "GC Thread#0" [stack: 0x00000015afa00000,0x00000015afb00000] [id=29552]
  0x000001d233117e40 ConcurrentGCThread "G1 Main Marker" [stack: 0x00000015afb00000,0x00000015afc00000] [id=5268]
  0x000001d233118860 ConcurrentGCThread "G1 Conc#0" [stack: 0x00000015afc00000,0x00000015afd00000] [id=19196]
  0x000001d23314e870 ConcurrentGCThread "G1 Refine#0" [stack: 0x00000015afd00000,0x00000015afe00000] [id=30912]
  0x000001d2515b4320 ConcurrentGCThread "G1 Service" [stack: 0x00000015afe00000,0x00000015aff00000] [id=10560]

Threads with active compile tasks:

VM state: not at safepoint (normal execution)

VM Mutex/Monitor currently owned by a thread:  ([mutex/lock_event])
[0x000001d230f96e00] Metaspace_lock - owner thread: 0x000001d23309d360

Heap address: 0x0000000704800000, size: 4024 MB, Compressed Oops mode: Zero based, Oop shift amount: 3

CDS archive(s) not mapped
Compressed class space mapped at: 0x0000000800000000-0x0000000840000000, reserved size: 1073741824
Narrow klass base: 0x0000000800000000, Narrow klass shift: 0, Narrow klass range: 0x40000000

GC Precious Log:
 CPUs: 8 total, 8 available
 Memory: 16092M
 Large Page Support: Disabled
 NUMA Support: Disabled
 Compressed Oops: Enabled (Zero based)
 Heap Region Size: 2M
 Heap Min Capacity: 8M
 Heap Initial Capacity: 252M
 Heap Max Capacity: 4024M
 Pre-touch: Disabled
 Parallel Workers: 8
 Concurrent Workers: 2
 Concurrent Refinement Workers: 8
 Periodic GC: Disabled

Heap:
 garbage-first heap   total 258048K, used 4096K [0x0000000704800000, 0x0000000800000000)
  region size 2048K, 3 young (6144K), 0 survivors (0K)
 Metaspace       used 9124K, committed 9280K, reserved 1114112K
  class space    used 850K, committed 896K, reserved 1048576K

Heap Regions: E=young(eden), S=young(survivor), O=old, HS=humongous(starts), HC=humongous(continues), CS=collection set, F=free, OA=open archive, CA=closed archive, TAMS=top-at-mark-start (previous, next)
|   0|0x0000000704800000, 0x0000000704800000, 0x0000000704a00000|  0%| F|  |TAMS 0x0000000704800000, 0x0000000704800000| Untracked 
|   1|0x0000000704a00000, 0x0000000704a00000, 0x0000000704c00000|  0%| F|  |TAMS 0x0000000704a00000, 0x0000000704a00000| Untracked 
|   2|0x0000000704c00000, 0x0000000704c00000, 0x0000000704e00000|  0%| F|  |TAMS 0x0000000704c00000, 0x0000000704c00000| Untracked 
|   3|0x0000000704e00000, 0x0000000704e00000, 0x0000000705000000|  0%| F|  |TAMS 0x0000000704e00000, 0x0000000704e00000| Untracked 
|   4|0x0000000705000000, 0x0000000705000000, 0x0000000705200000|  0%| F|  |TAMS 0x0000000705000000, 0x0000000705000000| Untracked 
|   5|0x0000000705200000, 0x0000000705200000, 0x0000000705400000|  0%| F|  |TAMS 0x0000000705200000, 0x0000000705200000| Untracked 
|   6|0x0000000705400000, 0x0000000705400000, 0x0000000705600000|  0%| F|  |TAMS 0x0000000705400000, 0x0000000705400000| Untracked 
|   7|0x0000000705600000, 0x0000000705600000, 0x0000000705800000|  0%| F|  |TAMS 0x0000000705600000, 0x0000000705600000| Untracked 
|   8|0x0000000705800000, 0x0000000705800000, 0x0000000705a00000|  0%| F|  |TAMS 0x0000000705800000, 0x0000000705800000| Untracked 
|   9|0x0000000705a00000, 0x0000000705a00000, 0x0000000705c00000|  0%| F|  |TAMS 0x0000000705a00000, 0x0000000705a00000| Untracked 
|  10|0x0000000705c00000, 0x0000000705c00000, 0x0000000705e00000|  0%| F|  |TAMS 0x0000000705c00000, 0x0000000705c00000| Untracked 
|  11|0x0000000705e00000, 0x0000000705e00000, 0x0000000706000000|  0%| F|  |TAMS 0x0000000705e00000, 0x0000000705e00000| Untracked 
|  12|0x0000000706000000, 0x0000000706000000, 0x0000000706200000|  0%| F|  |TAMS 0x0000000706000000, 0x0000000706000000| Untracked 
|  13|0x0000000706200000, 0x0000000706200000, 0x0000000706400000|  0%| F|  |TAMS 0x0000000706200000, 0x0000000706200000| Untracked 
|  14|0x0000000706400000, 0x0000000706400000, 0x0000000706600000|  0%| F|  |TAMS 0x0000000706400000, 0x0000000706400000| Untracked 
|  15|0x0000000706600000, 0x0000000706600000, 0x0000000706800000|  0%| F|  |TAMS 0x0000000706600000, 0x0000000706600000| Untracked 
|  16|0x0000000706800000, 0x0000000706800000, 0x0000000706a00000|  0%| F|  |TAMS 0x0000000706800000, 0x0000000706800000| Untracked 
|  17|0x0000000706a00000, 0x0000000706a00000, 0x0000000706c00000|  0%| F|  |TAMS 0x0000000706a00000, 0x0000000706a00000| Untracked 
|  18|0x0000000706c00000, 0x0000000706c00000, 0x0000000706e00000|  0%| F|  |TAMS 0x0000000706c00000, 0x0000000706c00000| Untracked 
|  19|0x0000000706e00000, 0x0000000706e00000, 0x0000000707000000|  0%| F|  |TAMS 0x0000000706e00000, 0x0000000706e00000| Untracked 
|  20|0x0000000707000000, 0x0000000707000000, 0x0000000707200000|  0%| F|  |TAMS 0x0000000707000000, 0x0000000707000000| Untracked 
|  21|0x0000000707200000, 0x0000000707200000, 0x0000000707400000|  0%| F|  |TAMS 0x0000000707200000, 0x0000000707200000| Untracked 
|  22|0x0000000707400000, 0x0000000707400000, 0x0000000707600000|  0%| F|  |TAMS 0x0000000707400000, 0x0000000707400000| Untracked 
|  23|0x0000000707600000, 0x0000000707600000, 0x0000000707800000|  0%| F|  |TAMS 0x0000000707600000, 0x0000000707600000| Untracked 
|  24|0x0000000707800000, 0x0000000707800000, 0x0000000707a00000|  0%| F|  |TAMS 0x0000000707800000, 0x0000000707800000| Untracked 
|  25|0x0000000707a00000, 0x0000000707a00000, 0x0000000707c00000|  0%| F|  |TAMS 0x0000000707a00000, 0x0000000707a00000| Untracked 
|  26|0x0000000707c00000, 0x0000000707c00000, 0x0000000707e00000|  0%| F|  |TAMS 0x0000000707c00000, 0x0000000707c00000| Untracked 
|  27|0x0000000707e00000, 0x0000000707e00000, 0x0000000708000000|  0%| F|  |TAMS 0x0000000707e00000, 0x0000000707e00000| Untracked 
|  28|0x0000000708000000, 0x0000000708000000, 0x0000000708200000|  0%| F|  |TAMS 0x0000000708000000, 0x0000000708000000| Untracked 
|  29|0x0000000708200000, 0x0000000708200000, 0x0000000708400000|  0%| F|  |TAMS 0x0000000708200000, 0x0000000708200000| Untracked 
|  30|0x0000000708400000, 0x0000000708400000, 0x0000000708600000|  0%| F|  |TAMS 0x0000000708400000, 0x0000000708400000| Untracked 
|  31|0x0000000708600000, 0x0000000708600000, 0x0000000708800000|  0%| F|  |TAMS 0x0000000708600000, 0x0000000708600000| Untracked 
|  32|0x0000000708800000, 0x0000000708800000, 0x0000000708a00000|  0%| F|  |TAMS 0x0000000708800000, 0x0000000708800000| Untracked 
|  33|0x0000000708a00000, 0x0000000708a00000, 0x0000000708c00000|  0%| F|  |TAMS 0x0000000708a00000, 0x0000000708a00000| Untracked 
|  34|0x0000000708c00000, 0x0000000708c00000, 0x0000000708e00000|  0%| F|  |TAMS 0x0000000708c00000, 0x0000000708c00000| Untracked 
|  35|0x0000000708e00000, 0x0000000708e00000, 0x0000000709000000|  0%| F|  |TAMS 0x0000000708e00000, 0x0000000708e00000| Untracked 
|  36|0x0000000709000000, 0x0000000709000000, 0x0000000709200000|  0%| F|  |TAMS 0x0000000709000000, 0x0000000709000000| Untracked 
|  37|0x0000000709200000, 0x0000000709200000, 0x0000000709400000|  0%| F|  |TAMS 0x0000000709200000, 0x0000000709200000| Untracked 
|  38|0x0000000709400000, 0x0000000709400000, 0x0000000709600000|  0%| F|  |TAMS 0x0000000709400000, 0x0000000709400000| Untracked 
|  39|0x0000000709600000, 0x0000000709600000, 0x0000000709800000|  0%| F|  |TAMS 0x0000000709600000, 0x0000000709600000| Untracked 
|  40|0x0000000709800000, 0x0000000709800000, 0x0000000709a00000|  0%| F|  |TAMS 0x0000000709800000, 0x0000000709800000| Untracked 
|  41|0x0000000709a00000, 0x0000000709a00000, 0x0000000709c00000|  0%| F|  |TAMS 0x0000000709a00000, 0x0000000709a00000| Untracked 
|  42|0x0000000709c00000, 0x0000000709c00000, 0x0000000709e00000|  0%| F|  |TAMS 0x0000000709c00000, 0x0000000709c00000| Untracked 
|  43|0x0000000709e00000, 0x0000000709e00000, 0x000000070a000000|  0%| F|  |TAMS 0x0000000709e00000, 0x0000000709e00000| Untracked 
|  44|0x000000070a000000, 0x000000070a000000, 0x000000070a200000|  0%| F|  |TAMS 0x000000070a000000, 0x000000070a000000| Untracked 
|  45|0x000000070a200000, 0x000000070a200000, 0x000000070a400000|  0%| F|  |TAMS 0x000000070a200000, 0x000000070a200000| Untracked 
|  46|0x000000070a400000, 0x000000070a400000, 0x000000070a600000|  0%| F|  |TAMS 0x000000070a400000, 0x000000070a400000| Untracked 
|  47|0x000000070a600000, 0x000000070a600000, 0x000000070a800000|  0%| F|  |TAMS 0x000000070a600000, 0x000000070a600000| Untracked 
|  48|0x000000070a800000, 0x000000070a800000, 0x000000070aa00000|  0%| F|  |TAMS 0x000000070a800000, 0x000000070a800000| Untracked 
|  49|0x000000070aa00000, 0x000000070aa00000, 0x000000070ac00000|  0%| F|  |TAMS 0x000000070aa00000, 0x000000070aa00000| Untracked 
|  50|0x000000070ac00000, 0x000000070ac00000, 0x000000070ae00000|  0%| F|  |TAMS 0x000000070ac00000, 0x000000070ac00000| Untracked 
|  51|0x000000070ae00000, 0x000000070ae00000, 0x000000070b000000|  0%| F|  |TAMS 0x000000070ae00000, 0x000000070ae00000| Untracked 
|  52|0x000000070b000000, 0x000000070b000000, 0x000000070b200000|  0%| F|  |TAMS 0x000000070b000000, 0x000000070b000000| Untracked 
|  53|0x000000070b200000, 0x000000070b200000, 0x000000070b400000|  0%| F|  |TAMS 0x000000070b200000, 0x000000070b200000| Untracked 
|  54|0x000000070b400000, 0x000000070b400000, 0x000000070b600000|  0%| F|  |TAMS 0x000000070b400000, 0x000000070b400000| Untracked 
|  55|0x000000070b600000, 0x000000070b600000, 0x000000070b800000|  0%| F|  |TAMS 0x000000070b600000, 0x000000070b600000| Untracked 
|  56|0x000000070b800000, 0x000000070b800000, 0x000000070ba00000|  0%| F|  |TAMS 0x000000070b800000, 0x000000070b800000| Untracked 
|  57|0x000000070ba00000, 0x000000070ba00000, 0x000000070bc00000|  0%| F|  |TAMS 0x000000070ba00000, 0x000000070ba00000| Untracked 
|  58|0x000000070bc00000, 0x000000070bc00000, 0x000000070be00000|  0%| F|  |TAMS 0x000000070bc00000, 0x000000070bc00000| Untracked 
|  59|0x000000070be00000, 0x000000070be00000, 0x000000070c000000|  0%| F|  |TAMS 0x000000070be00000, 0x000000070be00000| Untracked 
|  60|0x000000070c000000, 0x000000070c000000, 0x000000070c200000|  0%| F|  |TAMS 0x000000070c000000, 0x000000070c000000| Untracked 
|  61|0x000000070c200000, 0x000000070c200000, 0x000000070c400000|  0%| F|  |TAMS 0x000000070c200000, 0x000000070c200000| Untracked 
|  62|0x000000070c400000, 0x000000070c400000, 0x000000070c600000|  0%| F|  |TAMS 0x000000070c400000, 0x000000070c400000| Untracked 
|  63|0x000000070c600000, 0x000000070c600000, 0x000000070c800000|  0%| F|  |TAMS 0x000000070c600000, 0x000000070c600000| Untracked 
|  64|0x000000070c800000, 0x000000070c800000, 0x000000070ca00000|  0%| F|  |TAMS 0x000000070c800000, 0x000000070c800000| Untracked 
|  65|0x000000070ca00000, 0x000000070ca00000, 0x000000070cc00000|  0%| F|  |TAMS 0x000000070ca00000, 0x000000070ca00000| Untracked 
|  66|0x000000070cc00000, 0x000000070cc00000, 0x000000070ce00000|  0%| F|  |TAMS 0x000000070cc00000, 0x000000070cc00000| Untracked 
|  67|0x000000070ce00000, 0x000000070ce00000, 0x000000070d000000|  0%| F|  |TAMS 0x000000070ce00000, 0x000000070ce00000| Untracked 
|  68|0x000000070d000000, 0x000000070d000000, 0x000000070d200000|  0%| F|  |TAMS 0x000000070d000000, 0x000000070d000000| Untracked 
|  69|0x000000070d200000, 0x000000070d200000, 0x000000070d400000|  0%| F|  |TAMS 0x000000070d200000, 0x000000070d200000| Untracked 
|  70|0x000000070d400000, 0x000000070d400000, 0x000000070d600000|  0%| F|  |TAMS 0x000000070d400000, 0x000000070d400000| Untracked 
|  71|0x000000070d600000, 0x000000070d600000, 0x000000070d800000|  0%| F|  |TAMS 0x000000070d600000, 0x000000070d600000| Untracked 
|  72|0x000000070d800000, 0x000000070d800000, 0x000000070da00000|  0%| F|  |TAMS 0x000000070d800000, 0x000000070d800000| Untracked 
|  73|0x000000070da00000, 0x000000070da00000, 0x000000070dc00000|  0%| F|  |TAMS 0x000000070da00000, 0x000000070da00000| Untracked 
|  74|0x000000070dc00000, 0x000000070dc00000, 0x000000070de00000|  0%| F|  |TAMS 0x000000070dc00000, 0x000000070dc00000| Untracked 
|  75|0x000000070de00000, 0x000000070de00000, 0x000000070e000000|  0%| F|  |TAMS 0x000000070de00000, 0x000000070de00000| Untracked 
|  76|0x000000070e000000, 0x000000070e000000, 0x000000070e200000|  0%| F|  |TAMS 0x000000070e000000, 0x000000070e000000| Untracked 
|  77|0x000000070e200000, 0x000000070e200000, 0x000000070e400000|  0%| F|  |TAMS 0x000000070e200000, 0x000000070e200000| Untracked 
|  78|0x000000070e400000, 0x000000070e400000, 0x000000070e600000|  0%| F|  |TAMS 0x000000070e400000, 0x000000070e400000| Untracked 
|  79|0x000000070e600000, 0x000000070e600000, 0x000000070e800000|  0%| F|  |TAMS 0x000000070e600000, 0x000000070e600000| Untracked 
|  80|0x000000070e800000, 0x000000070e800000, 0x000000070ea00000|  0%| F|  |TAMS 0x000000070e800000, 0x000000070e800000| Untracked 
|  81|0x000000070ea00000, 0x000000070ea00000, 0x000000070ec00000|  0%| F|  |TAMS 0x000000070ea00000, 0x000000070ea00000| Untracked 
|  82|0x000000070ec00000, 0x000000070ec00000, 0x000000070ee00000|  0%| F|  |TAMS 0x000000070ec00000, 0x000000070ec00000| Untracked 
|  83|0x000000070ee00000, 0x000000070ee00000, 0x000000070f000000|  0%| F|  |TAMS 0x000000070ee00000, 0x000000070ee00000| Untracked 
|  84|0x000000070f000000, 0x000000070f000000, 0x000000070f200000|  0%| F|  |TAMS 0x000000070f000000, 0x000000070f000000| Untracked 
|  85|0x000000070f200000, 0x000000070f200000, 0x000000070f400000|  0%| F|  |TAMS 0x000000070f200000, 0x000000070f200000| Untracked 
|  86|0x000000070f400000, 0x000000070f400000, 0x000000070f600000|  0%| F|  |TAMS 0x000000070f400000, 0x000000070f400000| Untracked 
|  87|0x000000070f600000, 0x000000070f600000, 0x000000070f800000|  0%| F|  |TAMS 0x000000070f600000, 0x000000070f600000| Untracked 
|  88|0x000000070f800000, 0x000000070f800000, 0x000000070fa00000|  0%| F|  |TAMS 0x000000070f800000, 0x000000070f800000| Untracked 
|  89|0x000000070fa00000, 0x000000070fa00000, 0x000000070fc00000|  0%| F|  |TAMS 0x000000070fa00000, 0x000000070fa00000| Untracked 
|  90|0x000000070fc00000, 0x000000070fc00000, 0x000000070fe00000|  0%| F|  |TAMS 0x000000070fc00000, 0x000000070fc00000| Untracked 
|  91|0x000000070fe00000, 0x000000070fe00000, 0x0000000710000000|  0%| F|  |TAMS 0x000000070fe00000, 0x000000070fe00000| Untracked 
|  92|0x0000000710000000, 0x0000000710000000, 0x0000000710200000|  0%| F|  |TAMS 0x0000000710000000, 0x0000000710000000| Untracked 
|  93|0x0000000710200000, 0x0000000710200000, 0x0000000710400000|  0%| F|  |TAMS 0x0000000710200000, 0x0000000710200000| Untracked 
|  94|0x0000000710400000, 0x0000000710400000, 0x0000000710600000|  0%| F|  |TAMS 0x0000000710400000, 0x0000000710400000| Untracked 
|  95|0x0000000710600000, 0x0000000710600000, 0x0000000710800000|  0%| F|  |TAMS 0x0000000710600000, 0x0000000710600000| Untracked 
|  96|0x0000000710800000, 0x0000000710800000, 0x0000000710a00000|  0%| F|  |TAMS 0x0000000710800000, 0x0000000710800000| Untracked 
|  97|0x0000000710a00000, 0x0000000710a00000, 0x0000000710c00000|  0%| F|  |TAMS 0x0000000710a00000, 0x0000000710a00000| Untracked 
|  98|0x0000000710c00000, 0x0000000710c00000, 0x0000000710e00000|  0%| F|  |TAMS 0x0000000710c00000, 0x0000000710c00000| Untracked 
|  99|0x0000000710e00000, 0x0000000710e00000, 0x0000000711000000|  0%| F|  |TAMS 0x0000000710e00000, 0x0000000710e00000| Untracked 
| 100|0x0000000711000000, 0x0000000711000000, 0x0000000711200000|  0%| F|  |TAMS 0x0000000711000000, 0x0000000711000000| Untracked 
| 101|0x0000000711200000, 0x0000000711200000, 0x0000000711400000|  0%| F|  |TAMS 0x0000000711200000, 0x0000000711200000| Untracked 
| 102|0x0000000711400000, 0x0000000711400000, 0x0000000711600000|  0%| F|  |TAMS 0x0000000711400000, 0x0000000711400000| Untracked 
| 103|0x0000000711600000, 0x0000000711600000, 0x0000000711800000|  0%| F|  |TAMS 0x0000000711600000, 0x0000000711600000| Untracked 
| 104|0x0000000711800000, 0x0000000711800000, 0x0000000711a00000|  0%| F|  |TAMS 0x0000000711800000, 0x0000000711800000| Untracked 
| 105|0x0000000711a00000, 0x0000000711a00000, 0x0000000711c00000|  0%| F|  |TAMS 0x0000000711a00000, 0x0000000711a00000| Untracked 
| 106|0x0000000711c00000, 0x0000000711c00000, 0x0000000711e00000|  0%| F|  |TAMS 0x0000000711c00000, 0x0000000711c00000| Untracked 
| 107|0x0000000711e00000, 0x0000000711e00000, 0x0000000712000000|  0%| F|  |TAMS 0x0000000711e00000, 0x0000000711e00000| Untracked 
| 108|0x0000000712000000, 0x0000000712000000, 0x0000000712200000|  0%| F|  |TAMS 0x0000000712000000, 0x0000000712000000| Untracked 
| 109|0x0000000712200000, 0x0000000712200000, 0x0000000712400000|  0%| F|  |TAMS 0x0000000712200000, 0x0000000712200000| Untracked 
| 110|0x0000000712400000, 0x0000000712400000, 0x0000000712600000|  0%| F|  |TAMS 0x0000000712400000, 0x0000000712400000| Untracked 
| 111|0x0000000712600000, 0x0000000712600000, 0x0000000712800000|  0%| F|  |TAMS 0x0000000712600000, 0x0000000712600000| Untracked 
| 112|0x0000000712800000, 0x0000000712800000, 0x0000000712a00000|  0%| F|  |TAMS 0x0000000712800000, 0x0000000712800000| Untracked 
| 113|0x0000000712a00000, 0x0000000712a00000, 0x0000000712c00000|  0%| F|  |TAMS 0x0000000712a00000, 0x0000000712a00000| Untracked 
| 114|0x0000000712c00000, 0x0000000712c00000, 0x0000000712e00000|  0%| F|  |TAMS 0x0000000712c00000, 0x0000000712c00000| Untracked 
| 115|0x0000000712e00000, 0x0000000712e00000, 0x0000000713000000|  0%| F|  |TAMS 0x0000000712e00000, 0x0000000712e00000| Untracked 
| 116|0x0000000713000000, 0x0000000713000000, 0x0000000713200000|  0%| F|  |TAMS 0x0000000713000000, 0x0000000713000000| Untracked 
| 117|0x0000000713200000, 0x0000000713200000, 0x0000000713400000|  0%| F|  |TAMS 0x0000000713200000, 0x0000000713200000| Untracked 
| 118|0x0000000713400000, 0x0000000713400000, 0x0000000713600000|  0%| F|  |TAMS 0x0000000713400000, 0x0000000713400000| Untracked 
| 119|0x0000000713600000, 0x0000000713600000, 0x0000000713800000|  0%| F|  |TAMS 0x0000000713600000, 0x0000000713600000| Untracked 
| 120|0x0000000713800000, 0x0000000713800000, 0x0000000713a00000|  0%| F|  |TAMS 0x0000000713800000, 0x0000000713800000| Untracked 
| 121|0x0000000713a00000, 0x0000000713a00000, 0x0000000713c00000|  0%| F|  |TAMS 0x0000000713a00000, 0x0000000713a00000| Untracked 
| 122|0x0000000713c00000, 0x0000000713c00000, 0x0000000713e00000|  0%| F|  |TAMS 0x0000000713c00000, 0x0000000713c00000| Untracked 
| 123|0x0000000713e00000, 0x0000000713e73660, 0x0000000714000000| 22%| E|  |TAMS 0x0000000713e00000, 0x0000000713e00000| Complete 
| 124|0x0000000714000000, 0x0000000714200000, 0x0000000714200000|100%| E|CS|TAMS 0x0000000714000000, 0x0000000714000000| Complete 
| 125|0x0000000714200000, 0x0000000714400000, 0x0000000714400000|100%| E|CS|TAMS 0x0000000714200000, 0x0000000714200000| Complete 

Card table byte_map: [0x000001d246320000,0x000001d246b00000] _byte_map_base: 0x000001d242afc000

Marking Bits (Prev, Next): (CMBitMap*) 0x000001d233107990, (CMBitMap*) 0x000001d2331079d0
 Prev Bits: [0x000001d2472e0000, 0x000001d24b1c0000)
 Next Bits: [0x000001d24b1c0000, 0x000001d24f0a0000)

Polling page: 0x000001d231090000

Metaspace:

Usage:
  Non-class:      8.08 MB used.
      Class:    850.77 KB used.
       Both:      8.91 MB used.

Virtual space:
  Non-class space:       64.00 MB reserved,       8.19 MB ( 13%) committed,  1 nodes.
      Class space:        1.00 GB reserved,     896.00 KB ( <1%) committed,  1 nodes.
             Both:        1.06 GB reserved,       9.06 MB ( <1%) committed. 

Chunk freelists:
   Non-Class:  6.98 MB
       Class:  15.09 MB
        Both:  22.08 MB

MaxMetaspaceSize: unlimited
CompressedClassSpaceSize: 1.00 GB
Initial GC threshold: 21.00 MB
Current GC threshold: 21.00 MB
CDS: off
MetaspaceReclaimPolicy: balanced
 - commit_granule_bytes: 65536.
 - commit_granule_words: 8192.
 - virtual_space_node_default_size: 8388608.
 - enlarge_chunks_in_place: 1.
 - new_chunks_are_fully_committed: 0.
 - uncommit_free_chunks: 1.
 - use_allocation_guard: 0.
 - handle_deallocations: 1.


Internal statistics:

num_allocs_failed_limit: 0.
num_arena_births: 20.
num_arena_deaths: 0.
num_vsnodes_births: 2.
num_vsnodes_deaths: 0.
num_space_committed: 145.
num_space_uncommitted: 0.
num_chunks_returned_to_freelist: 0.
num_chunks_taken_from_freelist: 52.
num_chunk_merges: 0.
num_chunk_splits: 26.
num_chunks_enlarged: 15.
num_inconsistent_stats: 0.

CodeHeap 'non-profiled nmethods': size=120000Kb used=94Kb max_used=94Kb free=119905Kb
 bounds [0x000001d23e2e0000, 0x000001d23e550000, 0x000001d245810000]
CodeHeap 'profiled nmethods': size=120000Kb used=421Kb max_used=421Kb free=119578Kb
 bounds [0x000001d236810000, 0x000001d236a80000, 0x000001d23dd40000]
CodeHeap 'non-nmethods': size=5760Kb used=1150Kb max_used=1165Kb free=4609Kb
 bounds [0x000001d23dd40000, 0x000001d23dfb0000, 0x000001d23e2e0000]
 total_blobs=757 nmethods=331 adapters=339
 compilation: enabled
              stopped_count=0, restarted_count=0
 full_count=0

Compilation events (20 events):
Event: 0.252 Thread 0x000001d251c2a1a0 nmethod 322 0x000001d236877810 code [0x000001d2368779c0, 0x000001d236877db8]
Event: 0.252 Thread 0x000001d251c2a1a0  321       1       java.lang.Integer::intValue (5 bytes)
Event: 0.252 Thread 0x000001d251c2a1a0 nmethod 321 0x000001d23e2f6990 code [0x000001d23e2f6b20, 0x000001d23e2f6bf8]
Event: 0.252 Thread 0x000001d251c2a1a0  324       3       java.util.regex.ASCII::toLower (16 bytes)
Event: 0.252 Thread 0x000001d251c209a0 nmethod 323 0x000001d23e2f6c90 code [0x000001d23e2f6e00, 0x000001d23e2f6e78]
Event: 0.252 Thread 0x000001d251c2a1a0 nmethod 324 0x000001d236877e90 code [0x000001d236878020, 0x000001d236878218]
Event: 0.252 Thread 0x000001d251c2a1a0  327       3       java.lang.Character::toLowerCase (9 bytes)
Event: 0.252 Thread 0x000001d251c2a1a0 nmethod 327 0x000001d236878310 code [0x000001d2368784c0, 0x000001d2368786b8]
Event: 0.252 Thread 0x000001d251c2a1a0  325       3       java.util.regex.ASCII::isUpper (18 bytes)
Event: 0.252 Thread 0x000001d251c2a1a0 nmethod 325 0x000001d236878790 code [0x000001d236878920, 0x000001d236878a78]
Event: 0.252 Thread 0x000001d251c2a1a0  326       3       java.lang.Character::toLowerCase (6 bytes)
Event: 0.252 Thread 0x000001d251c2a1a0 nmethod 326 0x000001d236878b10 code [0x000001d236878cc0, 0x000001d236878f18]
Event: 0.252 Thread 0x000001d251c2a1a0  328       1       java.util.LinkedHashMap::removeEldestEntry (2 bytes)
Event: 0.252 Thread 0x000001d251c2a1a0 nmethod 328 0x000001d23e2f6f90 code [0x000001d23e2f7120, 0x000001d23e2f71f8]
Event: 0.253 Thread 0x000001d251c209a0  329       4       java.util.Arrays::copyOfRange (64 bytes)
Event: 0.253 Thread 0x000001d251c2a1a0  330       3       jdk.internal.jimage.ImageLocation::readValue (61 bytes)
Event: 0.253 Thread 0x000001d251c2a1a0 nmethod 330 0x000001d236879010 code [0x000001d2368791e0, 0x000001d2368795b8]
Event: 0.253 Thread 0x000001d251c2a1a0  331       1       java.util.zip.Inflater$InflaterZStreamRef::address (5 bytes)
Event: 0.253 Thread 0x000001d251c2a1a0 nmethod 331 0x000001d23e2f7290 code [0x000001d23e2f7420, 0x000001d23e2f74f8]
Event: 0.254 Thread 0x000001d251c209a0 nmethod 329 0x000001d23e2f7590 code [0x000001d23e2f7720, 0x000001d23e2f7a58]

GC Heap History (0 events):
No events

Dll operation events (1 events):
Event: 0.010 Loaded shared library D:\Program Files\JetBrains\IntelliJ IDEA 2024.1.1\jbr\bin\java.dll

Deoptimization events (0 events):
No events

Classes unloaded (0 events):
No events

Classes redefined (0 events):
No events

Internal exceptions (7 events):
Event: 0.212 Thread 0x000001d23309d360 Exception <a 'sun/nio/fs/WindowsException'{0x0000000714147e10}> (0x0000000714147e10) 
thrown [s\src\hotspot\share\prims\jni.cpp, line 531]
Event: 0.229 Thread 0x000001d23309d360 Exception <a 'java/lang/NoSuchMethodError'{0x0000000714174788}: 'int java.lang.invoke.DirectMethodHandle$Holder.invokeStaticInit(java.lang.Object, java.lang.Object, java.lang.Object, java.lang.Object)'> (0x0000000714174788) 
thrown [s\src\hotspot\share\interpreter\linkResolver.cpp, line 771]
Event: 0.231 Thread 0x000001d23309d360 Exception <a 'java/lang/NoSuchMethodError'{0x000000071417f3e8}: 'java.lang.Object java.lang.invoke.DirectMethodHandle$Holder.invokeInterface(java.lang.Object, java.lang.Object)'> (0x000000071417f3e8) 
thrown [s\src\hotspot\share\interpreter\linkResolver.cpp, line 771]
Event: 0.232 Thread 0x000001d23309d360 Exception <a 'java/lang/IncompatibleClassChangeError'{0x0000000714182d08}: Found class java.lang.Object, but interface was expected> (0x0000000714182d08) 
thrown [s\src\hotspot\share\interpreter\linkResolver.cpp, line 838]
Event: 0.232 Thread 0x000001d23309d360 Exception <a 'java/lang/NoSuchMethodError'{0x00000007141860b8}: 'void java.lang.invoke.DirectMethodHandle$Holder.invokeStatic(java.lang.Object, java.lang.Object)'> (0x00000007141860b8) 
thrown [s\src\hotspot\share\interpreter\linkResolver.cpp, line 771]
Event: 0.233 Thread 0x000001d23309d360 Exception <a 'java/lang/NoSuchMethodError'{0x00000007141899d0}: 'void java.lang.invoke.DirectMethodHandle$Holder.invokeStaticInit(java.lang.Object, java.lang.Object)'> (0x00000007141899d0) 
thrown [s\src\hotspot\share\interpreter\linkResolver.cpp, line 771]
Event: 0.234 Thread 0x000001d23309d360 Exception <a 'java/lang/NoSuchMethodError'{0x0000000714190248}: 'int java.lang.invoke.DirectMethodHandle$Holder.invokeStaticInit(java.lang.Object, java.lang.Object)'> (0x0000000714190248) 
thrown [s\src\hotspot\share\interpreter\linkResolver.cpp, line 771]

VM Operations (4 events):
Event: 0.112 Executing VM operation: HandshakeAllThreads
Event: 0.112 Executing VM operation: HandshakeAllThreads done
Event: 0.127 Executing VM operation: HandshakeAllThreads
Event: 0.127 Executing VM operation: HandshakeAllThreads done

Events (20 events):
Event: 0.254 loading class java/security/InvalidKeyException done
Event: 0.254 loading class java/security/InvalidAlgorithmParameterException
Event: 0.254 loading class java/security/InvalidAlgorithmParameterException done
Event: 0.254 loading class java/security/interfaces/ECKey
Event: 0.254 loading class java/security/interfaces/ECKey done
Event: 0.254 loading class java/lang/UnsupportedOperationException
Event: 0.254 loading class java/lang/UnsupportedOperationException done
Event: 0.254 loading class java/security/MessageDigest
Event: 0.254 loading class java/security/MessageDigestSpi
Event: 0.254 loading class java/security/MessageDigestSpi done
Event: 0.254 loading class java/security/MessageDigest done
Event: 0.254 loading class sun/security/provider/SHA
Event: 0.254 loading class sun/security/provider/DigestBase
Event: 0.254 loading class sun/security/provider/DigestBase done
Event: 0.254 loading class sun/security/provider/SHA done
Event: 0.254 loading class sun/security/jca/GetInstance$Instance
Event: 0.254 loading class sun/security/jca/GetInstance$Instance done
Event: 0.254 loading class java/security/MessageDigest$Delegate
Event: 0.254 loading class sun/security/util/MessageDigestSpi2
Event: 0.254 loading class sun/security/util/MessageDigestSpi2 done


Dynamic libraries:
0x00007ff6b27c0000 - 0x00007ff6b27ca000 	D:\Program Files\JetBrains\IntelliJ IDEA 2024.1.1\jbr\bin\java.exe
0x00007ffac4d90000 - 0x00007ffac4fa7000 	C:\WINDOWS\SYSTEM32\ntdll.dll
0x00007ffac31e0000 - 0x00007ffac32a4000 	C:\WINDOWS\System32\KERNEL32.DLL
0x00007ffac2310000 - 0x00007ffac26b7000 	C:\WINDOWS\System32\KERNELBASE.dll
0x00007ffac2830000 - 0x00007ffac2941000 	C:\WINDOWS\System32\ucrtbase.dll
0x00007ffaa9500000 - 0x00007ffaa9517000 	D:\Program Files\JetBrains\IntelliJ IDEA 2024.1.1\jbr\bin\jli.dll
0x00007ffaaf530000 - 0x00007ffaaf54b000 	D:\Program Files\JetBrains\IntelliJ IDEA 2024.1.1\jbr\bin\VCRUNTIME140.dll
0x00007ffac3760000 - 0x00007ffac390e000 	C:\WINDOWS\System32\USER32.dll
0x00007ffac21c0000 - 0x00007ffac21e6000 	C:\WINDOWS\System32\win32u.dll
0x00007ffac30f0000 - 0x00007ffac3119000 	C:\WINDOWS\System32\GDI32.dll
0x00007ffac21f0000 - 0x00007ffac2309000 	C:\WINDOWS\System32\gdi32full.dll
0x00007ffac2120000 - 0x00007ffac21ba000 	C:\WINDOWS\System32\msvcp_win.dll
0x00007ffaaa6c0000 - 0x00007ffaaa953000 	C:\WINDOWS\WinSxS\amd64_microsoft.windows.common-controls_6595b64144ccf1df_6.0.22621.3527_none_270e469b73872a76\COMCTL32.dll
0x00007ffac2e60000 - 0x00007ffac2f07000 	C:\WINDOWS\System32\msvcrt.dll
0x00007ffac33f0000 - 0x00007ffac3421000 	C:\WINDOWS\System32\IMM32.DLL
0x00007ffabce40000 - 0x00007ffabce4c000 	D:\Program Files\JetBrains\IntelliJ IDEA 2024.1.1\jbr\bin\vcruntime140_1.dll
0x00007ffa83b10000 - 0x00007ffa83b9d000 	D:\Program Files\JetBrains\IntelliJ IDEA 2024.1.1\jbr\bin\msvcp140.dll
0x00007ffa0ce60000 - 0x00007ffa0dae2000 	D:\Program Files\JetBrains\IntelliJ IDEA 2024.1.1\jbr\bin\server\jvm.dll
0x00007ffac3120000 - 0x00007ffac31d2000 	C:\WINDOWS\System32\ADVAPI32.dll
0x00007ffac4930000 - 0x00007ffac49d8000 	C:\WINDOWS\System32\sechost.dll
0x00007ffac26c0000 - 0x00007ffac26e8000 	C:\WINDOWS\System32\bcrypt.dll
0x00007ffac32d0000 - 0x00007ffac33e5000 	C:\WINDOWS\System32\RPCRT4.dll
0x00007ffac1080000 - 0x00007ffac10cd000 	C:\WINDOWS\SYSTEM32\POWRPROF.dll
0x00007ffabf760000 - 0x00007ffabf794000 	C:\WINDOWS\SYSTEM32\WINMM.dll
0x00007ffaad140000 - 0x00007ffaad149000 	C:\WINDOWS\SYSTEM32\WSOCK32.dll
0x00007ffab82c0000 - 0x00007ffab82ca000 	C:\WINDOWS\SYSTEM32\VERSION.dll
0x00007ffac4700000 - 0x00007ffac4771000 	C:\WINDOWS\System32\WS2_32.dll
0x00007ffac0f50000 - 0x00007ffac0f63000 	C:\WINDOWS\SYSTEM32\UMPDC.dll
0x00007ffac11c0000 - 0x00007ffac11d8000 	C:\WINDOWS\SYSTEM32\kernel.appcore.dll
0x00007ffaa8e70000 - 0x00007ffaa8e7a000 	D:\Program Files\JetBrains\IntelliJ IDEA 2024.1.1\jbr\bin\jimage.dll
0x00007ffabf3b0000 - 0x00007ffabf5e2000 	C:\WINDOWS\SYSTEM32\DBGHELP.DLL
0x00007ffac2ac0000 - 0x00007ffac2e48000 	C:\WINDOWS\System32\combase.dll
0x00007ffac3010000 - 0x00007ffac30e7000 	C:\WINDOWS\System32\OLEAUT32.dll
0x00007ffabf720000 - 0x00007ffabf752000 	C:\WINDOWS\SYSTEM32\dbgcore.DLL
0x00007ffac27b0000 - 0x00007ffac2829000 	C:\WINDOWS\System32\bcryptPrimitives.dll
0x00007ffaa8e40000 - 0x00007ffaa8e65000 	D:\Program Files\JetBrains\IntelliJ IDEA 2024.1.1\jbr\bin\java.dll
0x00007ffa923a0000 - 0x00007ffa923b8000 	D:\Program Files\JetBrains\IntelliJ IDEA 2024.1.1\jbr\bin\zip.dll
0x00007ffac39c0000 - 0x00007ffac421c000 	C:\WINDOWS\System32\SHELL32.dll
0x00007ffabfff0000 - 0x00007ffac08e6000 	C:\WINDOWS\SYSTEM32\windows.storage.dll
0x00007ffabfeb0000 - 0x00007ffabffee000 	C:\WINDOWS\SYSTEM32\wintypes.dll
0x00007ffac4b90000 - 0x00007ffac4c85000 	C:\WINDOWS\System32\SHCORE.dll
0x00007ffac4cf0000 - 0x00007ffac4d4e000 	C:\WINDOWS\System32\shlwapi.dll
0x00007ffac1fe0000 - 0x00007ffac2001000 	C:\WINDOWS\SYSTEM32\profapi.dll
0x00007ffa92220000 - 0x00007ffa92239000 	D:\Program Files\JetBrains\IntelliJ IDEA 2024.1.1\jbr\bin\net.dll
0x00007ffabbb50000 - 0x00007ffabbc86000 	C:\WINDOWS\SYSTEM32\WINHTTP.dll
0x00007ffac1630000 - 0x00007ffac1699000 	C:\WINDOWS\system32\mswsock.dll
0x00007ffa8d1c0000 - 0x00007ffa8d1d6000 	D:\Program Files\JetBrains\IntelliJ IDEA 2024.1.1\jbr\bin\nio.dll
0x00007ffaae9c0000 - 0x00007ffaae9ce000 	D:\Program Files\JetBrains\IntelliJ IDEA 2024.1.1\jbr\bin\sunmscapi.dll
0x00007ffac2950000 - 0x00007ffac2ab8000 	C:\WINDOWS\System32\CRYPT32.dll
0x00007ffac1a50000 - 0x00007ffac1a7e000 	C:\WINDOWS\SYSTEM32\ncrypt.dll
0x00007ffac1a10000 - 0x00007ffac1a47000 	C:\WINDOWS\SYSTEM32\NTASN1.dll

dbghelp: loaded successfully - version: 4.0.5 - missing functions: none
symbol engine: initialized successfully - sym options: 0x614 - pdb path: .;D:\Program Files\JetBrains\IntelliJ IDEA 2024.1.1\jbr\bin;C:\WINDOWS\SYSTEM32;C:\WINDOWS\WinSxS\amd64_microsoft.windows.common-controls_6595b64144ccf1df_6.0.22621.3527_none_270e469b73872a76;D:\Program Files\JetBrains\IntelliJ IDEA 2024.1.1\jbr\bin\server

VM Arguments:
java_command: git4idea.http.GitAskPassApp Username for 'https://github.com': 
java_class_path (initial): D:/Program Files/JetBrains/IntelliJ IDEA 2024.1.1/plugins/vcs-git/lib/git4idea-rt.jar;D:/Program Files/JetBrains/IntelliJ IDEA 2024.1.1/lib/externalProcess-rt.jar
Launcher Type: SUN_STANDARD

[Global flags]
     intx CICompilerCount                          = 4                                         {product} {ergonomic}
     uint ConcGCThreads                            = 2                                         {product} {ergonomic}
     uint G1ConcRefinementThreads                  = 8                                         {product} {ergonomic}
   size_t G1HeapRegionSize                         = 2097152                                   {product} {ergonomic}
    uintx GCDrainStackTargetSize                   = 64                                        {product} {ergonomic}
   size_t InitialHeapSize                          = 264241152                                 {product} {ergonomic}
   size_t MarkStackSize                            = 4194304                                   {product} {ergonomic}
   size_t MaxHeapSize                              = 4219469824                                {product} {ergonomic}
   size_t MaxNewSize                               = 2531262464                                {product} {ergonomic}
   size_t MinHeapDeltaBytes                        = 2097152                                   {product} {ergonomic}
   size_t MinHeapSize                              = 8388608                                   {product} {ergonomic}
    uintx NonNMethodCodeHeapSize                   = 5839372                                {pd product} {ergonomic}
    uintx NonProfiledCodeHeapSize                  = 122909434                              {pd product} {ergonomic}
    uintx ProfiledCodeHeapSize                     = 122909434                              {pd product} {ergonomic}
    uintx ReservedCodeCacheSize                    = 251658240                              {pd product} {ergonomic}
     bool SegmentedCodeCache                       = true                                      {product} {ergonomic}
   size_t SoftMaxHeapSize                          = 4219469824                             {manageable} {ergonomic}
     bool UseCompressedClassPointers               = true                           {product lp64_product} {ergonomic}
     bool UseCompressedOops                        = true                           {product lp64_product} {ergonomic}
     bool UseG1GC                                  = true                                      {product} {ergonomic}
     bool UseLargePagesIndividualAllocation        = false                                  {pd product} {ergonomic}

Logging:
Log output configuration:
 #0: stdout all=warning uptime,level,tags
 #1: stderr all=off uptime,level,tags

Environment Variables:
JAVA_HOME=D:\Program Files\Eclipse Adoptium\jdk-21.0.2.13-hotspot
PATH=C:\Program Files\Git\mingw64\libexec\git-core;C:\Program Files\Git\mingw64\libexec\git-core;C:\Program Files\Git\mingw64\bin;C:\Program Files\Git\usr\bin;C:\Users\loved\bin;C:\Program Files (x86)\VMware\VMware Player\bin;D:\Program Files\Eclipse Adoptium\jdk-21.0.2.13-hotspot\bin;C:\Oracle\dbhomeXE\bin;C:\Program Files (x86)\Common Files\Oracle\Java\javapath;C:\WINDOWS\system32;C:\WINDOWS;C:\WINDOWS\System32\Wbem;C:\WINDOWS\System32\WindowsPowerShell\v1.0;C:\WINDOWS\System32\OpenSSH;D:\Program Files\Eclipse Adoptium\jdk-21.0.2.13-hotspot\bin;C:\Program Files\Git\cmd;D:\Program Files;C:\Python\Scripts;C:\Python;C:\Users\loved\AppData\Local\Microsoft\WindowsApps;C:\Users\loved\AppData\Local\Programs\Microsoft VS Code\bin;C:\Program Files\Bandizip;C:\Users\loved\AppData\Local\JetBrains\IntelliJ IDEA Community Edition 2023.3.5\bin;D:\Program Files\JetBrains\IntelliJ IDEA 2024.1.1\bin
USERNAME=loved
DISPLAY=:0.0
LC_ALL=en_US.UTF-8
TERM=cygwin
TMPDIR=C:\Users\loved\AppData\Local\Temp
OS=Windows_NT
PROCESSOR_IDENTIFIER=Intel64 Family 6 Model 140 Stepping 1, GenuineIntel
TMP=C:\Users\loved\AppData\Local\Temp
TEMP=C:\Users\loved\AppData\Local\Temp



Periodic native trim disabled

JNI global refs:
JNI global refs: 9, weak refs: 0

JNI global refs memory usage: 843, weak refs: 209

OOME stack traces (most recent first):
Classloader memory used:
Loader bootstrap                                                                       : 1128K
Loader jdk.internal.loader.ClassLoaders$PlatformClassLoader                            : 10838B
Loader jdk.internal.loader.ClassLoaders$AppClassLoader                                 : 1808B


---------------  S Y S T E M  ---------------

OS:
 Windows 11 , 64 bit Build 22621 (10.0.22621.3527)
OS uptime: 18 days 2:24 hours

CPU: total 8 (initial active 8) (4 cores per cpu, 2 threads per core) family 6 model 140 stepping 1 microcode 0x9a, cx8, cmov, fxsr, ht, mmx, 3dnowpref, sse, sse2, sse3, ssse3, sse4.1, sse4.2, popcnt, lzcnt, tsc, tscinvbit, avx, avx2, aes, erms, clmul, bmi1, bmi2, adx, avx512f, avx512dq, avx512cd, avx512bw, avx512vl, sha, fma, vzeroupper, avx512_vpopcntdq, avx512_vpclmulqdq, avx512_vaes, avx512_vnni, clflush, clflushopt, clwb, avx512_vbmi2, avx512_vbmi
Processor Information for processor 0
  Max Mhz: 2419, Current Mhz: 2419, Mhz Limit: 2419
Processor Information for processor 1
  Max Mhz: 2419, Current Mhz: 2419, Mhz Limit: 2419
Processor Information for processor 2
  Max Mhz: 2419, Current Mhz: 1007, Mhz Limit: 2419
Processor Information for processor 3
  Max Mhz: 2419, Current Mhz: 1007, Mhz Limit: 2419
Processor Information for processor 4
  Max Mhz: 2419, Current Mhz: 2419, Mhz Limit: 2419
Processor Information for processor 5
  Max Mhz: 2419, Current Mhz: 2419, Mhz Limit: 2419
Processor Information for processor 6
  Max Mhz: 2419, Current Mhz: 2419, Mhz Limit: 2419
Processor Information for processor 7
  Max Mhz: 2419, Current Mhz: 2419, Mhz Limit: 2419

Memory: 4k page, system-wide physical 16092M (3202M free)
TotalPageFile size 18999M (AvailPageFile size 1M)
current process WorkingSet (physical memory assigned to process): 45M, peak: 45M
current process commit charge ("private bytes"): 340M, peak: 341M

vm_info: OpenJDK 64-Bit Server VM (17.0.10+1-b1207.14) for windows-amd64 JRE (17.0.10+1-b1207.14), built on 2024-04-05 by "builduser" with MS VC++ 16.10 / 16.11 (VS2019)

END.
