#
# There is insufficient memory for the Java Runtime Environment to continue.
# Native memory allocation (malloc) failed to allocate 2097152 bytes for AllocateHeap
# Possible reasons:
#   The system is out of physical RAM or swap space
#   The process is running with CompressedOops enabled, and the Java Heap may be blocking the growth of the native heap
# Possible solutions:
#   Reduce memory load on the system
#   Increase physical memory or swap space
#   Check if swap backing store is full
#   Decrease Java heap size (-Xmx/-Xms)
#   Decrease number of Java threads
#   Decrease Java thread stack sizes (-Xss)
#   Set larger code cache with -XX:ReservedCodeCacheSize=
#   JVM is running with Zero Based Compressed Oops mode in which the Java heap is
#     placed in the first 32GB address space. The Java Heap base address is the
#     maximum limit for the native heap growth. Please use -XX:HeapBaseMinAddress
#     to set the Java Heap base and to place the Java Heap above 32GB virtual address.
# This output file may be truncated or incomplete.
#
#  Out of Memory Error (allocation.cpp:44), pid=26580, tid=32412
#
# JRE version: OpenJDK Runtime Environment Temurin-21.0.2+13 (21.0.2+13) (build 21.0.2+13-LTS)
# Java VM: OpenJDK 64-Bit Server VM Temurin-21.0.2+13 (21.0.2+13-LTS, mixed mode, emulated-client, sharing, tiered, compressed oops, compressed class ptrs, g1 gc, windows-amd64)
# No core dump will be written. Minidumps are not enabled by default on client versions of Windows
#

---------------  S U M M A R Y ------------

Command Line: -XX:TieredStopAtLevel=1 -Dspring.output.ansi.enabled=always -Dcom.sun.management.jmxremote -Dspring.jmx.enabled=true -Dspring.liveBeansView.mbeanDomain -Dspring.application.admin.enabled=true -Dmanagement.endpoints.jmx.exposure.include=* -javaagent:D:\Program Files\JetBrains\IntelliJ IDEA 2024.1.1\lib\idea_rt.jar=53125:D:\Program Files\JetBrains\IntelliJ IDEA 2024.1.1\bin -Dfile.encoding=UTF-8 -Dsun.stdout.encoding=UTF-8 -Dsun.stderr.encoding=UTF-8 com.sosigae.LuckeyTurkey.LuckeyTurkeyApplication

Host: 11th Gen Intel(R) Core(TM) i5-1135G7 @ 2.40GHz, 8 cores, 15G,  Windows 11 , 64 bit Build 22621 (10.0.22621.3527)
Time: Sat May 25 21:22:46 2024  Windows 11 , 64 bit Build 22621 (10.0.22621.3527) elapsed time: 2020.190023 seconds (0d 0h 33m 40s)

---------------  T H R E A D  ---------------

Current thread (0x000002b248b97df0):  VMThread "VM Thread"          [id=32412, stack(0x000000c4e1200000,0x000000c4e1300000) (1024K)]

Stack: [0x000000c4e1200000,0x000000c4e1300000]
Native frames: (J=compiled Java code, j=interpreted, Vv=VM code, C=native code)
V  [jvm.dll+0x6c94f9]
V  [jvm.dll+0x8a3c21]
V  [jvm.dll+0x8a614e]
V  [jvm.dll+0x8a6823]
V  [jvm.dll+0x27fa86]
V  [jvm.dll+0xbf567]
V  [jvm.dll+0x3444ae]
V  [jvm.dll+0x33edde]
V  [jvm.dll+0x327698]
V  [jvm.dll+0x3698e4]
V  [jvm.dll+0x8ac12f]
V  [jvm.dll+0x8ad234]
V  [jvm.dll+0x8ad770]
V  [jvm.dll+0x8ada13]
V  [jvm.dll+0x84cb3b]
V  [jvm.dll+0x6c7c2d]
C  [ucrtbase.dll+0x29333]
C  [KERNEL32.DLL+0x1257d]
C  [ntdll.dll+0x5aa48]

VM_Operation (0x000000c4e08feda0): G1CollectFull, mode: safepoint, requested by thread 0x000002b2908040c0


---------------  P R O C E S S  ---------------

Threads class SMR info:
_java_thread_list=0x000002b28f45fd20, length=17, elements={
0x000002b248bb7e40, 0x000002b248bb8f10, 0x000002b248bbe7b0, 0x000002b248bc0380,
0x000002b248bc1140, 0x000002b248bc60b0, 0x000002b248bd3100, 0x000002b248b87c50,
0x000002b28e5304e0, 0x000002b28e530f50, 0x000002b28e834ca0, 0x000002b28f405580,
0x000002b28ff341c0, 0x000002b28ff32780, 0x000002b290808260, 0x000002b290803a30,
0x000002b2908040c0
}

Java Threads: ( => current thread )
  0x000002b248bb7e40 JavaThread "Reference Handler"          daemon [_thread_blocked, id=27672, stack(0x000000c4e1300000,0x000000c4e1400000) (1024K)]
  0x000002b248bb8f10 JavaThread "Finalizer"                  daemon [_thread_blocked, id=29584, stack(0x000000c4e1400000,0x000000c4e1500000) (1024K)]
  0x000002b248bbe7b0 JavaThread "Signal Dispatcher"          daemon [_thread_blocked, id=30440, stack(0x000000c4e1500000,0x000000c4e1600000) (1024K)]
  0x000002b248bc0380 JavaThread "Attach Listener"            daemon [_thread_blocked, id=27208, stack(0x000000c4e1600000,0x000000c4e1700000) (1024K)]
  0x000002b248bc1140 JavaThread "Service Thread"             daemon [_thread_blocked, id=30064, stack(0x000000c4e1700000,0x000000c4e1800000) (1024K)]
  0x000002b248bc60b0 JavaThread "Monitor Deflation Thread"   daemon [_thread_blocked, id=31044, stack(0x000000c4e1800000,0x000000c4e1900000) (1024K)]
  0x000002b248bd3100 JavaThread "C1 CompilerThread0"         daemon [_thread_blocked, id=10708, stack(0x000000c4e1900000,0x000000c4e1a00000) (1024K)]
  0x000002b248b87c50 JavaThread "Common-Cleaner"             daemon [_thread_blocked, id=30232, stack(0x000000c4e1a00000,0x000000c4e1b00000) (1024K)]
  0x000002b28e5304e0 JavaThread "Monitor Ctrl-Break"         daemon [_thread_in_native, id=11308, stack(0x000000c4e1e00000,0x000000c4e1f00000) (1024K)]
  0x000002b28e530f50 JavaThread "Notification Thread"        daemon [_thread_blocked, id=25344, stack(0x000000c4e1f00000,0x000000c4e2000000) (1024K)]
  0x000002b28e834ca0 JavaThread "RMI TCP Accept-0"           daemon [_thread_in_native, id=28620, stack(0x000000c4e2000000,0x000000c4e2100000) (1024K)]
  0x000002b28f405580 JavaThread "RMI Scheduler(0)"           daemon [_thread_blocked, id=30120, stack(0x000000c4e2c00000,0x000000c4e2d00000) (1024K)]
  0x000002b28ff341c0 JavaThread "oracle.jdbc.driver.BlockSource.ThreadedCachingBlockSource.BlockReleaser" daemon [_thread_blocked, id=23836, stack(0x000000c4e2d00000,0x000000c4e2e00000) (1024K)]
  0x000002b28ff32780 JavaThread "InterruptTimer"             daemon [_thread_blocked, id=29240, stack(0x000000c4e2e00000,0x000000c4e2f00000) (1024K)]
  0x000002b290808260 JavaThread "Live Reload Server"         daemon [_thread_in_native, id=14868, stack(0x000000c4e3700000,0x000000c4e3800000) (1024K)]
  0x000002b290803a30 JavaThread "DestroyJavaVM"                     [_thread_blocked, id=22020, stack(0x000000c4e0b00000,0x000000c4e0c00000) (1024K)]
  0x000002b2908040c0 JavaThread "Thread-44"                         [_thread_blocked, id=2184, stack(0x000000c4e0800000,0x000000c4e0900000) (1024K)]
Total: 17

Other Threads:
=>0x000002b248b97df0 VMThread "VM Thread"                           [id=32412, stack(0x000000c4e1200000,0x000000c4e1300000) (1024K)]
  0x000002b248b86e90 WatcherThread "VM Periodic Task Thread"        [id=14056, stack(0x000000c4e1100000,0x000000c4e1200000) (1024K)]
  0x000002b235ae1210 WorkerThread "GC Thread#0"                     [id=28932, stack(0x000000c4e0c00000,0x000000c4e0d00000) (1024K)]
  0x000002b28e95dd20 WorkerThread "GC Thread#1"                     [id=2204, stack(0x000000c4e2100000,0x000000c4e2200000) (1024K)]
  0x000002b28e914ef0 WorkerThread "GC Thread#2"                     [id=28540, stack(0x000000c4e2200000,0x000000c4e2300000) (1024K)]
  0x000002b28e915290 WorkerThread "GC Thread#3"                     [id=26204, stack(0x000000c4e2300000,0x000000c4e2400000) (1024K)]
  0x000002b28e915ab0 WorkerThread "GC Thread#4"                     [id=25812, stack(0x000000c4e2400000,0x000000c4e2500000) (1024K)]
  0x000002b28e90dcd0 WorkerThread "GC Thread#5"                     [id=17760, stack(0x000000c4e2500000,0x000000c4e2600000) (1024K)]
  0x000002b28e95b1b0 WorkerThread "GC Thread#6"                     [id=30528, stack(0x000000c4e2600000,0x000000c4e2700000) (1024K)]
  0x000002b28e97ea30 WorkerThread "GC Thread#7"                     [id=16564, stack(0x000000c4e2700000,0x000000c4e2800000) (1024K)]
  0x000002b235af1bf0 ConcurrentGCThread "G1 Main Marker"            [id=3608, stack(0x000000c4e0d00000,0x000000c4e0e00000) (1024K)]
  0x000002b23397e750 WorkerThread "G1 Conc#0"                       [id=26248, stack(0x000000c4e0e00000,0x000000c4e0f00000) (1024K)]
  0x000002b28f2117a0 WorkerThread "G1 Conc#1"                       [id=25280, stack(0x000000c4e2a00000,0x000000c4e2b00000) (1024K)]
  0x000002b235b2e9f0 ConcurrentGCThread "G1 Refine#0"               [id=28260, stack(0x000000c4e0f00000,0x000000c4e1000000) (1024K)]
  0x000002b248a576f0 ConcurrentGCThread "G1 Service"                [id=21676, stack(0x000000c4e1000000,0x000000c4e1100000) (1024K)]
Total: 15

Threads with active compile tasks:
C1 CompilerThread0  2020205 10404       1       ch.qos.logback.core.encoder.LayoutWrappingEncoder::convertToBytes (21 bytes)
Total: 1

VM state: at safepoint (normal execution)

VM Mutex/Monitor currently owned by a thread:  ([mutex/lock_event])
[0x00007ffd56213198] Threads_lock - owner thread: 0x000002b248b97df0
[0x00007ffd56213298] Heap_lock - owner thread: 0x000002b2908040c0

Heap address: 0x0000000704800000, size: 4024 MB, Compressed Oops mode: Zero based, Oop shift amount: 3

CDS archive(s) mapped at: [0x000002b249000000-0x000002b249c90000-0x000002b249c90000), size 13172736, SharedBaseAddress: 0x000002b249000000, ArchiveRelocationMode: 1.
Compressed class space mapped at: 0x000002b24a000000-0x000002b28a000000, reserved size: 1073741824
Narrow klass base: 0x000002b249000000, Narrow klass shift: 0, Narrow klass range: 0x100000000

GC Precious Log:
 CardTable entry size: 512
 Card Set container configuration: InlinePtr #cards 4 size 8 Array Of Cards #cards 16 size 48 Howl #buckets 8 coarsen threshold 3686 Howl Bitmap #cards 512 size 80 coarsen threshold 460 Card regions per heap region 1 cards per card region 4096
 CPUs: 8 total, 8 available
 Memory: 16092M
 Large Page Support: Disabled
 NUMA Support: Disabled
 Compressed Oops: Enabled (Zero based)
 Heap Region Size: 2M
 Heap Min Capacity: 8M
 Heap Initial Capacity: 252M
 Heap Max Capacity: 4024M
 Pre-touch: Disabled
 Parallel Workers: 8
 Concurrent Workers: 2
 Concurrent Refinement Workers: 8
 Periodic GC: Disabled

Heap:
 garbage-first heap   total 81920K, used 57544K [0x0000000704800000, 0x0000000800000000)
  region size 2048K, 16 young (32768K), 2 survivors (4096K)
 Metaspace       used 66048K, committed 66688K, reserved 1114112K
  class space    used 9046K, committed 9280K, reserved 1048576K

Heap Regions: E=young(eden), S=young(survivor), O=old, HS=humongous(starts), HC=humongous(continues), CS=collection set, F=free, TAMS=top-at-mark-start, PB=parsable bottom
|   0|0x0000000704800000, 0x0000000704a00000, 0x0000000704a00000|100%| O|  |TAMS 0x0000000704800000| PB 0x0000000704800000| Untracked 
|   1|0x0000000704a00000, 0x0000000704bfffe8, 0x0000000704c00000| 99%| O|  |TAMS 0x0000000704a00000| PB 0x0000000704a00000| Untracked 
|   2|0x0000000704c00000, 0x0000000704e00000, 0x0000000704e00000|100%| O|  |TAMS 0x0000000704c00000| PB 0x0000000704c00000| Untracked 
|   3|0x0000000704e00000, 0x0000000704ffffc0, 0x0000000705000000| 99%| O|  |TAMS 0x0000000704e00000| PB 0x0000000704e00000| Untracked 
|   4|0x0000000705000000, 0x00000007051fffc8, 0x0000000705200000| 99%| O|  |TAMS 0x0000000705000000| PB 0x0000000705000000| Untracked 
|   5|0x0000000705200000, 0x00000007053ffff8, 0x0000000705400000| 99%| O|  |TAMS 0x0000000705200000| PB 0x0000000705200000| Untracked 
|   6|0x0000000705400000, 0x00000007055fffc8, 0x0000000705600000| 99%| O|  |TAMS 0x0000000705400000| PB 0x0000000705400000| Untracked 
|   7|0x0000000705600000, 0x00000007057e0b00, 0x0000000705800000| 93%| O|  |TAMS 0x0000000705600000| PB 0x0000000705600000| Untracked 
|   8|0x0000000705800000, 0x00000007059965e8, 0x0000000705a00000| 79%| O|  |TAMS 0x0000000705800000| PB 0x0000000705800000| Untracked 
|   9|0x0000000705a00000, 0x0000000705bffff0, 0x0000000705c00000| 99%| O|  |TAMS 0x0000000705a00000| PB 0x0000000705a00000| Untracked 
|  10|0x0000000705c00000, 0x0000000705dffff8, 0x0000000705e00000| 99%| O|  |TAMS 0x0000000705c00000| PB 0x0000000705c00000| Untracked 
|  11|0x0000000705e00000, 0x0000000705e8db20, 0x0000000706000000| 27%| O|  |TAMS 0x0000000705e00000| PB 0x0000000705e00000| Untracked 
|  12|0x0000000706000000, 0x0000000706200000, 0x0000000706200000|100%| O|  |TAMS 0x0000000706000000| PB 0x0000000706000000| Untracked 
|  13|0x0000000706200000, 0x0000000706400000, 0x0000000706400000|100%| O|  |TAMS 0x0000000706200000| PB 0x0000000706200000| Untracked 
|  14|0x0000000706400000, 0x0000000706526048, 0x0000000706600000| 57%| O|  |TAMS 0x0000000706400000| PB 0x0000000706400000| Untracked 
|  15|0x0000000706600000, 0x00000007066586b0, 0x0000000706800000| 17%| O|  |TAMS 0x0000000706600000| PB 0x0000000706600000| Untracked 
|  16|0x0000000706800000, 0x0000000706800000, 0x0000000706a00000|  0%| F|  |TAMS 0x0000000706800000| PB 0x0000000706800000| Untracked 
|  17|0x0000000706a00000, 0x0000000706a00000, 0x0000000706c00000|  0%| F|  |TAMS 0x0000000706a00000| PB 0x0000000706a00000| Untracked 
|  18|0x0000000706c00000, 0x0000000706c00000, 0x0000000706e00000|  0%| F|  |TAMS 0x0000000706c00000| PB 0x0000000706c00000| Untracked 
|  19|0x0000000706e00000, 0x0000000706e00000, 0x0000000707000000|  0%| F|  |TAMS 0x0000000706e00000| PB 0x0000000706e00000| Untracked 
|  20|0x0000000707000000, 0x0000000707000000, 0x0000000707200000|  0%| F|  |TAMS 0x0000000707000000| PB 0x0000000707000000| Untracked 
|  21|0x0000000707200000, 0x00000007072af188, 0x0000000707400000| 34%| S|CS|TAMS 0x0000000707200000| PB 0x0000000707200000| Complete 
|  22|0x0000000707400000, 0x0000000707600000, 0x0000000707600000|100%| S|CS|TAMS 0x0000000707400000| PB 0x0000000707400000| Complete 
|  23|0x0000000707600000, 0x0000000707600000, 0x0000000707800000|  0%| F|  |TAMS 0x0000000707600000| PB 0x0000000707600000| Untracked 
|  24|0x0000000707800000, 0x0000000707800000, 0x0000000707a00000|  0%| F|  |TAMS 0x0000000707800000| PB 0x0000000707800000| Untracked 
|  25|0x0000000707a00000, 0x0000000707a00000, 0x0000000707c00000|  0%| F|  |TAMS 0x0000000707a00000| PB 0x0000000707a00000| Untracked 
|  26|0x0000000707c00000, 0x0000000707c2be48, 0x0000000707e00000|  8%| E|  |TAMS 0x0000000707c00000| PB 0x0000000707c00000| Complete 
|  27|0x0000000707e00000, 0x0000000708000000, 0x0000000708000000|100%| E|CS|TAMS 0x0000000707e00000| PB 0x0000000707e00000| Complete 
|  28|0x0000000708000000, 0x0000000708200000, 0x0000000708200000|100%| E|CS|TAMS 0x0000000708000000| PB 0x0000000708000000| Complete 
|  29|0x0000000708200000, 0x0000000708400000, 0x0000000708400000|100%| E|CS|TAMS 0x0000000708200000| PB 0x0000000708200000| Complete 
|  30|0x0000000708400000, 0x0000000708600000, 0x0000000708600000|100%| E|CS|TAMS 0x0000000708400000| PB 0x0000000708400000| Complete 
|  31|0x0000000708600000, 0x0000000708800000, 0x0000000708800000|100%| E|CS|TAMS 0x0000000708600000| PB 0x0000000708600000| Complete 
|  32|0x0000000708800000, 0x0000000708a00000, 0x0000000708a00000|100%| E|CS|TAMS 0x0000000708800000| PB 0x0000000708800000| Complete 
|  33|0x0000000708a00000, 0x0000000708c00000, 0x0000000708c00000|100%| E|CS|TAMS 0x0000000708a00000| PB 0x0000000708a00000| Complete 
|  34|0x0000000708c00000, 0x0000000708e00000, 0x0000000708e00000|100%| E|CS|TAMS 0x0000000708c00000| PB 0x0000000708c00000| Complete 
|  35|0x0000000708e00000, 0x0000000709000000, 0x0000000709000000|100%| E|CS|TAMS 0x0000000708e00000| PB 0x0000000708e00000| Complete 
|  36|0x0000000709000000, 0x0000000709200000, 0x0000000709200000|100%| E|CS|TAMS 0x0000000709000000| PB 0x0000000709000000| Complete 
|  37|0x0000000709200000, 0x0000000709400000, 0x0000000709400000|100%| E|CS|TAMS 0x0000000709200000| PB 0x0000000709200000| Complete 
|  38|0x0000000709400000, 0x0000000709600000, 0x0000000709600000|100%| E|CS|TAMS 0x0000000709400000| PB 0x0000000709400000| Complete 
|  39|0x0000000709600000, 0x0000000709800000, 0x0000000709800000|100%| E|CS|TAMS 0x0000000709600000| PB 0x0000000709600000| Complete 

Card table byte_map: [0x000002b241a30000,0x000002b242210000] _byte_map_base: 0x000002b23e20c000

Marking Bits: (CMBitMap*) 0x000002b235ae1820
 Bits: [0x000002b242210000, 0x000002b2460f0000)

Polling page: 0x000002b233870000

Metaspace:

Usage:
  Non-class:     55.67 MB used.
      Class:      8.83 MB used.
       Both:     64.50 MB used.

Virtual space:
  Non-class space:       64.00 MB reserved,      56.06 MB ( 88%) committed,  1 nodes.
      Class space:        1.00 GB reserved,       9.06 MB ( <1%) committed,  1 nodes.
             Both:        1.06 GB reserved,      65.12 MB (  6%) committed. 

Chunk freelists:
   Non-Class:  7.94 MB
       Class:  6.85 MB
        Both:  14.78 MB

MaxMetaspaceSize: unlimited
CompressedClassSpaceSize: 1.00 GB
Initial GC threshold: 21.00 MB
Current GC threshold: 108.69 MB
CDS: on
 - commit_granule_bytes: 65536.
 - commit_granule_words: 8192.
 - virtual_space_node_default_size: 8388608.
 - enlarge_chunks_in_place: 1.
 - use_allocation_guard: 0.


Internal statistics:

num_allocs_failed_limit: 9.
num_arena_births: 1262.
num_arena_deaths: 604.
num_vsnodes_births: 2.
num_vsnodes_deaths: 0.
num_space_committed: 1045.
num_space_uncommitted: 2.
num_chunks_returned_to_freelist: 862.
num_chunks_taken_from_freelist: 3774.
num_chunk_merges: 187.
num_chunk_splits: 2394.
num_chunks_enlarged: 1826.
num_inconsistent_stats: 0.

CodeCache: size=49152Kb used=16726Kb max_used=17225Kb free=32425Kb
 bounds [0x000002b23e140000, 0x000002b23f250000, 0x000002b241140000]
 total_blobs=9249 nmethods=8520 adapters=651
 compilation: enabled
              stopped_count=0, restarted_count=0
 full_count=0

Compilation events (20 events):
Event: 1807.330 Thread 0x000002b248bd3100 10395       1       org.apache.catalina.core.StandardHost$MemoryLeakTrackingListener::lifecycleEvent (66 bytes)
Event: 1807.330 Thread 0x000002b248bd3100 nmethod 10395 0x000002b23ee7d990 code [0x000002b23ee7dba0, 0x000002b23ee7df20]
Event: 1807.330 Thread 0x000002b248bd3100 10396       1       org.springframework.boot.autoconfigure.web.embedded.TomcatWebServerFactoryCustomizer$$Lambda/0x000002b24a3ad870::lifecycleEvent (13 bytes)
Event: 1807.331 Thread 0x000002b248bd3100 nmethod 10396 0x000002b23ee7d610 code [0x000002b23ee7d7c0, 0x000002b23ee7d8b8]
Event: 1807.331 Thread 0x000002b248bd3100 10397       1       org.springframework.boot.autoconfigure.web.embedded.TomcatWebServerFactoryCustomizer::lambda$null$30 (55 bytes)
Event: 1807.331 Thread 0x000002b248bd3100 nmethod 10397 0x000002b23ee7cd10 code [0x000002b23ee7cf20, 0x000002b23ee7d290]
Event: 1807.331 Thread 0x000002b248bd3100 10398       1       org.springframework.boot.web.embedded.tomcat.TomcatWebServer$$Lambda/0x000002b24a3ae000::lifecycleEvent (13 bytes)
Event: 1807.332 Thread 0x000002b248bd3100 nmethod 10398 0x000002b23ee7c890 code [0x000002b23ee7ca60, 0x000002b23ee7cbf0]
Event: 2020.076 Thread 0x000002b248bd3100 10399       1       org.springframework.boot.context.logging.LoggingApplicationListener::getOrder (5 bytes)
Event: 2020.076 Thread 0x000002b248bd3100 nmethod 10399 0x000002b23ee7c590 code [0x000002b23ee7c720, 0x000002b23ee7c7e8]
Event: 2020.076 Thread 0x000002b248bd3100 10400       1       org.mybatis.spring.mapper.MapperFactoryBean::isSingleton (2 bytes)
Event: 2020.076 Thread 0x000002b248bd3100 nmethod 10400 0x000002b23ee7c290 code [0x000002b23ee7c420, 0x000002b23ee7c4e8]
Event: 2020.080 Thread 0x000002b248bd3100 10401       1       org.apache.tomcat.util.modeler.NoDescriptorRegistry::unregisterComponent (1 bytes)
Event: 2020.080 Thread 0x000002b248bd3100 nmethod 10401 0x000002b23ee7bf90 code [0x000002b23ee7c120, 0x000002b23ee7c1e8]
Event: 2020.081 Thread 0x000002b248bd3100 10402       1       com.zaxxer.hikari.pool.PoolEntry::compareAndSet (10 bytes)
Event: 2020.081 Thread 0x000002b248bd3100 nmethod 10402 0x000002b23ee7bb90 code [0x000002b23ee7bd40, 0x000002b23ee7bec8]
Event: 2020.081 Thread 0x000002b248bd3100 10403       1       java.util.concurrent.atomic.AtomicIntegerFieldUpdater$AtomicIntegerFieldUpdaterImpl::compareAndSet (19 bytes)
Event: 2020.081 Thread 0x000002b248bd3100 nmethod 10403 0x000002b23ee7b790 code [0x000002b23ee7b940, 0x000002b23ee7baa0]
Event: 2020.181 Thread 0x000002b248bd3100 10404       1       ch.qos.logback.core.encoder.LayoutWrappingEncoder::convertToBytes (21 bytes)
Event: 2020.181 Thread 0x000002b248bd3100 nmethod 10404 0x000002b23ee7b210 code [0x000002b23ee7b3e0, 0x000002b23ee7b618]

GC Heap History (20 events):
Event: 327.512 GC heap after
{Heap after GC invocations=25 (full 4):
 garbage-first heap   total 98304K, used 28376K [0x0000000704800000, 0x0000000800000000)
  region size 2048K, 2 young (4096K), 2 survivors (4096K)
 Metaspace       used 66092K, committed 66624K, reserved 1114112K
  class space    used 9046K, committed 9280K, reserved 1048576K
}
Event: 414.370 GC heap before
{Heap before GC invocations=25 (full 4):
 garbage-first heap   total 98304K, used 79576K [0x0000000704800000, 0x0000000800000000)
  region size 2048K, 28 young (57344K), 2 survivors (4096K)
 Metaspace       used 66313K, committed 66816K, reserved 1114112K
  class space    used 9069K, committed 9280K, reserved 1048576K
}
Event: 414.376 GC heap after
{Heap after GC invocations=26 (full 4):
 garbage-first heap   total 98304K, used 32296K [0x0000000704800000, 0x0000000800000000)
  region size 2048K, 4 young (8192K), 4 survivors (8192K)
 Metaspace       used 66313K, committed 66816K, reserved 1114112K
  class space    used 9069K, committed 9280K, reserved 1048576K
}
Event: 804.164 GC heap before
{Heap before GC invocations=26 (full 4):
 garbage-first heap   total 98304K, used 58920K [0x0000000704800000, 0x0000000800000000)
  region size 2048K, 18 young (36864K), 4 survivors (8192K)
 Metaspace       used 66316K, committed 66880K, reserved 1114112K
  class space    used 9069K, committed 9280K, reserved 1048576K
}
Event: 804.197 GC heap after
{Heap after GC invocations=27 (full 5):
 garbage-first heap   total 81920K, used 22740K [0x0000000704800000, 0x0000000800000000)
  region size 2048K, 0 young (0K), 0 survivors (0K)
 Metaspace       used 65487K, committed 66752K, reserved 1114112K
  class space    used 8955K, committed 9280K, reserved 1048576K
}
Event: 804.468 GC heap before
{Heap before GC invocations=27 (full 5):
 garbage-first heap   total 81920K, used 65748K [0x0000000704800000, 0x0000000800000000)
  region size 2048K, 22 young (45056K), 0 survivors (0K)
 Metaspace       used 65645K, committed 66752K, reserved 1114112K
  class space    used 8996K, committed 9280K, reserved 1048576K
}
Event: 804.470 GC heap after
{Heap after GC invocations=28 (full 5):
 garbage-first heap   total 81920K, used 26836K [0x0000000704800000, 0x0000000800000000)
  region size 2048K, 2 young (4096K), 2 survivors (4096K)
 Metaspace       used 65645K, committed 66752K, reserved 1114112K
  class space    used 8996K, committed 9280K, reserved 1048576K
}
Event: 804.940 GC heap before
{Heap before GC invocations=28 (full 5):
 garbage-first heap   total 81920K, used 69844K [0x0000000704800000, 0x0000000800000000)
  region size 2048K, 23 young (47104K), 2 survivors (4096K)
 Metaspace       used 65838K, committed 66752K, reserved 1114112K
  class space    used 9026K, committed 9280K, reserved 1048576K
}
Event: 804.943 GC heap after
{Heap after GC invocations=29 (full 5):
 garbage-first heap   total 81920K, used 29749K [0x0000000704800000, 0x0000000800000000)
  region size 2048K, 2 young (4096K), 2 survivors (4096K)
 Metaspace       used 65838K, committed 66752K, reserved 1114112K
  class space    used 9026K, committed 9280K, reserved 1048576K
}
Event: 806.368 GC heap before
{Heap before GC invocations=29 (full 5):
 garbage-first heap   total 81920K, used 35893K [0x0000000704800000, 0x0000000800000000)
  region size 2048K, 6 young (12288K), 2 survivors (4096K)
 Metaspace       used 65841K, committed 66752K, reserved 1114112K
  class space    used 9027K, committed 9280K, reserved 1048576K
}
Event: 806.397 GC heap after
{Heap after GC invocations=30 (full 6):
 garbage-first heap   total 81920K, used 23722K [0x0000000704800000, 0x0000000800000000)
  region size 2048K, 0 young (0K), 0 survivors (0K)
 Metaspace       used 65776K, committed 66688K, reserved 1114112K
  class space    used 9011K, committed 9280K, reserved 1048576K
}
Event: 806.611 GC heap before
{Heap before GC invocations=30 (full 6):
 garbage-first heap   total 81920K, used 66730K [0x0000000704800000, 0x0000000800000000)
  region size 2048K, 21 young (43008K), 0 survivors (0K)
 Metaspace       used 65814K, committed 66688K, reserved 1114112K
  class space    used 9020K, committed 9280K, reserved 1048576K
}
Event: 806.613 GC heap after
{Heap after GC invocations=31 (full 6):
 garbage-first heap   total 81920K, used 26721K [0x0000000704800000, 0x0000000800000000)
  region size 2048K, 2 young (4096K), 2 survivors (4096K)
 Metaspace       used 65814K, committed 66688K, reserved 1114112K
  class space    used 9020K, committed 9280K, reserved 1048576K
}
Event: 807.445 GC heap before
{Heap before GC invocations=31 (full 6):
 garbage-first heap   total 81920K, used 65633K [0x0000000704800000, 0x0000000800000000)
  region size 2048K, 22 young (45056K), 2 survivors (4096K)
 Metaspace       used 65928K, committed 66688K, reserved 1114112K
  class space    used 9030K, committed 9280K, reserved 1048576K
}
Event: 807.448 GC heap after
{Heap after GC invocations=32 (full 6):
 garbage-first heap   total 81920K, used 28335K [0x0000000704800000, 0x0000000800000000)
  region size 2048K, 3 young (6144K), 3 survivors (6144K)
 Metaspace       used 65928K, committed 66688K, reserved 1114112K
  class space    used 9030K, committed 9280K, reserved 1048576K
}
Event: 1173.628 GC heap before
{Heap before GC invocations=32 (full 6):
 garbage-first heap   total 81920K, used 67247K [0x0000000704800000, 0x0000000800000000)
  region size 2048K, 22 young (45056K), 3 survivors (6144K)
 Metaspace       used 66006K, committed 66688K, reserved 1114112K
  class space    used 9036K, committed 9280K, reserved 1048576K
}
Event: 1173.631 GC heap after
{Heap after GC invocations=33 (full 6):
 garbage-first heap   total 81920K, used 30405K [0x0000000704800000, 0x0000000800000000)
  region size 2048K, 3 young (6144K), 3 survivors (6144K)
 Metaspace       used 66006K, committed 66688K, reserved 1114112K
  class space    used 9036K, committed 9280K, reserved 1048576K
}
Event: 1642.675 GC heap before
{Heap before GC invocations=33 (full 6):
 garbage-first heap   total 81920K, used 65221K [0x0000000704800000, 0x0000000800000000)
  region size 2048K, 20 young (40960K), 3 survivors (6144K)
 Metaspace       used 66046K, committed 66688K, reserved 1114112K
  class space    used 9045K, committed 9280K, reserved 1048576K
}
Event: 1642.680 GC heap after
{Heap after GC invocations=34 (full 6):
 garbage-first heap   total 81920K, used 30920K [0x0000000704800000, 0x0000000800000000)
  region size 2048K, 2 young (4096K), 2 survivors (4096K)
 Metaspace       used 66046K, committed 66688K, reserved 1114112K
  class space    used 9045K, committed 9280K, reserved 1048576K
}
Event: 2020.181 GC heap before
{Heap before GC invocations=34 (full 6):
 garbage-first heap   total 81920K, used 57544K [0x0000000704800000, 0x0000000800000000)
  region size 2048K, 16 young (32768K), 2 survivors (4096K)
 Metaspace       used 66048K, committed 66688K, reserved 1114112K
  class space    used 9046K, committed 9280K, reserved 1048576K
}

Dll operation events (13 events):
Event: 0.012 Loaded shared library D:\Program Files\Eclipse Adoptium\jdk-21.0.2.13-hotspot\bin\java.dll
Event: 0.148 Loaded shared library D:\Program Files\Eclipse Adoptium\jdk-21.0.2.13-hotspot\bin\zip.dll
Event: 0.152 Loaded shared library D:\Program Files\Eclipse Adoptium\jdk-21.0.2.13-hotspot\bin\instrument.dll
Event: 0.156 Loaded shared library D:\Program Files\Eclipse Adoptium\jdk-21.0.2.13-hotspot\bin\net.dll
Event: 0.159 Loaded shared library D:\Program Files\Eclipse Adoptium\jdk-21.0.2.13-hotspot\bin\nio.dll
Event: 0.162 Loaded shared library D:\Program Files\Eclipse Adoptium\jdk-21.0.2.13-hotspot\bin\zip.dll
Event: 0.228 Loaded shared library D:\Program Files\JetBrains\IntelliJ IDEA 2024.1.1\bin\breakgen64.dll
Event: 0.233 Loaded shared library D:\Program Files\Eclipse Adoptium\jdk-21.0.2.13-hotspot\bin\jimage.dll
Event: 0.237 Loaded shared library D:\Program Files\Eclipse Adoptium\jdk-21.0.2.13-hotspot\bin\extnet.dll
Event: 0.252 Loaded shared library D:\Program Files\Eclipse Adoptium\jdk-21.0.2.13-hotspot\bin\management.dll
Event: 0.260 Loaded shared library D:\Program Files\Eclipse Adoptium\jdk-21.0.2.13-hotspot\bin\management_ext.dll
Event: 0.466 Loaded shared library D:\Program Files\Eclipse Adoptium\jdk-21.0.2.13-hotspot\bin\verify.dll
Event: 1.979 Loaded shared library D:\Program Files\Eclipse Adoptium\jdk-21.0.2.13-hotspot\bin\sunmscapi.dll

Deoptimization events (2 events):
Event: 3.949 Thread 0x000002b28eba0f30 DEOPT PACKING pc=0x000002b23e7aed81 sp=0x000000c4e29fda00
Event: 3.949 Thread 0x000002b28eba0f30 DEOPT UNPACKING pc=0x000002b23e1988e2 sp=0x000000c4e29fcf08 mode 3

Classes loaded (20 events):
Event: 806.534 Loading class java/lang/ObjectCustomizer
Event: 806.534 Loading class java/lang/ObjectCustomizer done
Event: 806.812 Loading class java/lang/ObjectCustomizer
Event: 806.812 Loading class java/lang/ObjectCustomizer done
Event: 806.812 Loading class java/lang/ObjectCustomizer
Event: 806.812 Loading class java/lang/ObjectCustomizer done
Event: 806.819 Loading class java/lang/ObjectCustomizer
Event: 806.819 Loading class java/lang/ObjectCustomizer done
Event: 806.819 Loading class java/lang/ObjectCustomizer
Event: 806.819 Loading class java/lang/ObjectCustomizer done
Event: 806.821 Loading class java/util/EventListenerCustomizer
Event: 806.821 Loading class java/util/EventListenerCustomizer done
Event: 806.821 Loading class java/util/EventListenerCustomizer
Event: 806.821 Loading class java/util/EventListenerCustomizer done
Event: 806.848 Loading class java/lang/ObjectCustomizer
Event: 806.848 Loading class java/lang/ObjectCustomizer done
Event: 806.848 Loading class java/lang/ObjectCustomizer
Event: 806.848 Loading class java/lang/ObjectCustomizer done
Event: 1464.797 Loading class sun/net/ConnectionResetException
Event: 1464.797 Loading class sun/net/ConnectionResetException done

Classes unloaded (20 events):
Event: 806.377 Thread 0x000002b248b97df0 Unloading class 0x000002b24a7e4000 'java/lang/invoke/LambdaForm$MH+0x000002b24a7e4000'
Event: 806.377 Thread 0x000002b248b97df0 Unloading class 0x000002b24a7e5c00 'java/lang/invoke/LambdaForm$MH+0x000002b24a7e5c00'
Event: 806.377 Thread 0x000002b248b97df0 Unloading class 0x000002b24a004800 'java/lang/invoke/LambdaForm$MH+0x000002b24a004800'
Event: 806.377 Thread 0x000002b248b97df0 Unloading class 0x000002b24a005800 'java/lang/invoke/LambdaForm$MH+0x000002b24a005800'
Event: 806.377 Thread 0x000002b248b97df0 Unloading class 0x000002b24a008000 'java/lang/invoke/LambdaForm$MH+0x000002b24a008000'
Event: 806.377 Thread 0x000002b248b97df0 Unloading class 0x000002b24a008c00 'java/lang/invoke/LambdaForm$MH+0x000002b24a008c00'
Event: 806.377 Thread 0x000002b248b97df0 Unloading class 0x000002b24a00c400 'java/lang/invoke/LambdaForm$MH+0x000002b24a00c400'
Event: 806.377 Thread 0x000002b248b97df0 Unloading class 0x000002b24a338800 'java/lang/invoke/LambdaForm$MH+0x000002b24a338800'
Event: 806.377 Thread 0x000002b248b97df0 Unloading class 0x000002b24a36d800 'java/lang/invoke/LambdaForm$MH+0x000002b24a36d800'
Event: 806.377 Thread 0x000002b248b97df0 Unloading class 0x000002b24a39d000 'java/lang/invoke/LambdaForm$MH+0x000002b24a39d000'
Event: 806.377 Thread 0x000002b248b97df0 Unloading class 0x000002b24a4ac400 'java/lang/invoke/LambdaForm$MH+0x000002b24a4ac400'
Event: 806.377 Thread 0x000002b248b97df0 Unloading class 0x000002b24a7e4800 'java/lang/invoke/LambdaForm$MH+0x000002b24a7e4800'
Event: 806.377 Thread 0x000002b248b97df0 Unloading class 0x000002b24a854c00 'java/lang/invoke/LambdaForm$MH+0x000002b24a854c00'
Event: 806.377 Thread 0x000002b248b97df0 Unloading class 0x000002b24a388c00 'java/lang/invoke/LambdaForm$MH+0x000002b24a388c00'
Event: 806.377 Thread 0x000002b248b97df0 Unloading class 0x000002b24a36f800 'java/lang/invoke/LambdaForm$MH+0x000002b24a36f800'
Event: 806.377 Thread 0x000002b248b97df0 Unloading class 0x000002b24a309c00 'java/lang/invoke/LambdaForm$MH+0x000002b24a309c00'
Event: 806.377 Thread 0x000002b248b97df0 Unloading class 0x000002b24a309400 'java/lang/invoke/LambdaForm$MH+0x000002b24a309400'
Event: 806.377 Thread 0x000002b248b97df0 Unloading class 0x000002b24a271800 'java/lang/invoke/LambdaForm$MH+0x000002b24a271800'
Event: 806.378 Thread 0x000002b248b97df0 Unloading class 0x000002b24a082c00 'java/lang/invoke/LambdaForm$MH+0x000002b24a082c00'
Event: 806.378 Thread 0x000002b248b97df0 Unloading class 0x000002b24a082800 'java/lang/invoke/LambdaForm$MH+0x000002b24a082800'

Classes redefined (0 events):
No events

Internal exceptions (20 events):
Event: 806.821 Thread 0x000002b2908040c0 Exception <a 'java/lang/ClassNotFoundException'{0x0000000708f05cc8}: org/springframework/context/ApplicationListenerCustomizer> (0x0000000708f05cc8) 
thrown [s\src\hotspot\share\classfile\systemDictionary.cpp, line 312]
Event: 806.821 Thread 0x000002b2908040c0 Exception <a 'java/lang/ClassNotFoundException'{0x0000000708f0af50}: java/util/EventListenerCustomizer> (0x0000000708f0af50) 
thrown [s\src\hotspot\share\classfile\systemDictionary.cpp, line 312]
Event: 806.848 Thread 0x000002b2908040c0 Exception <a 'java/lang/ClassNotFoundException'{0x00000007081ee380}: java/lang/ObjectCustomizer> (0x00000007081ee380) 
thrown [s\src\hotspot\share\classfile\systemDictionary.cpp, line 312]
Event: 806.848 Thread 0x000002b2908040c0 Exception <a 'java/lang/ClassNotFoundException'{0x00000007081f6cf0}: org/springframework/web/servlet/config/annotation/WebMvcConfigurationSupportCustomizer> (0x00000007081f6cf0) 
thrown [s\src\hotspot\share\classfile\systemDictionary.cpp, line 312]
Event: 806.848 Thread 0x000002b2908040c0 Exception <a 'java/lang/ClassNotFoundException'{0x0000000707e0b418}: org/springframework/web/servlet/config/annotation/DelegatingWebMvcConfigurationCustomizer> (0x0000000707e0b418) 
thrown [s\src\hotspot\share\classfile\systemDictionary.cpp, line 312]
Event: 806.849 Thread 0x000002b2908040c0 Exception <a 'java/lang/ClassNotFoundException'{0x0000000707e15128}: org/springframework/boot/autoconfigure/web/servlet/WebMvcAutoConfiguration$EnableWebMvcConfigurationCustomizer> (0x0000000707e15128) 
thrown [s\src\hotspot\share\classfile\systemDictionary.cpp, line 312]
Event: 806.849 Thread 0x000002b2908040c0 Exception <a 'java/lang/ClassNotFoundException'{0x0000000707e28af0}: org/springframework/context/ResourceLoaderAwareCustomizer> (0x0000000707e28af0) 
thrown [s\src\hotspot\share\classfile\systemDictionary.cpp, line 312]
Event: 806.849 Thread 0x000002b2908040c0 Exception <a 'java/lang/ClassNotFoundException'{0x0000000707e2e840}: org/springframework/beans/factory/AwareCustomizer> (0x0000000707e2e840) 
thrown [s\src\hotspot\share\classfile\systemDictionary.cpp, line 312]
Event: 806.849 Thread 0x000002b2908040c0 Exception <a 'java/lang/ClassNotFoundException'{0x0000000707e336b0}: org/springframework/context/ApplicationContextAwareCustomizer> (0x0000000707e336b0) 
thrown [s\src\hotspot\share\classfile\systemDictionary.cpp, line 312]
Event: 806.849 Thread 0x000002b2908040c0 Exception <a 'java/lang/ClassNotFoundException'{0x0000000707e39ad0}: org/springframework/beans/factory/AwareCustomizer> (0x0000000707e39ad0) 
thrown [s\src\hotspot\share\classfile\systemDictionary.cpp, line 312]
Event: 806.849 Thread 0x000002b2908040c0 Exception <a 'java/lang/ClassNotFoundException'{0x0000000707e3e918}: org/springframework/web/context/ServletContextAwareCustomizer> (0x0000000707e3e918) 
thrown [s\src\hotspot\share\classfile\systemDictionary.cpp, line 312]
Event: 806.849 Thread 0x000002b2908040c0 Exception <a 'java/lang/ClassNotFoundException'{0x0000000707e44680}: org/springframework/beans/factory/AwareCustomizer> (0x0000000707e44680) 
thrown [s\src\hotspot\share\classfile\systemDictionary.cpp, line 312]
Event: 833.198 Thread 0x000002b290806820 Exception <a 'java/lang/NoSuchMethodError'{0x000000070906af98}: 'java.lang.Object java.lang.invoke.DirectMethodHandle$Holder.invokeVirtual(java.lang.Object, java.lang.Object, int, java.lang.Object)'> (0x000000070906af98) 
thrown [s\src\hotspot\share\interpreter\linkResolver.cpp, line 773]
Event: 1425.311 Thread 0x000002b28ff30d40 Exception <a 'java/lang/NoSuchMethodError'{0x000000070845ece0}: 'java.lang.Object java.lang.invoke.DirectMethodHandle$Holder.invokeVirtual(java.lang.Object, java.lang.Object, java.lang.Object, java.lang.Object, java.lang.Object, java.lang.Object)'> (0x000000070845ece0) 
thrown [s\src\hotspot\share\interpreter\linkResolver.cpp, line 773]
Event: 1425.334 Thread 0x000002b28ff30d40 Exception <a 'java/lang/NoSuchMethodError'{0x00000007084ac4e8}: static Lcom/sosigae/LuckeyTurkey/domain/Hospital;.<clinit>()V> (0x00000007084ac4e8) 
thrown [s\src\hotspot\share\prims\jni.cpp, line 1106]
Event: 1464.797 Thread 0x000002b290806820 Exception <a 'sun/net/ConnectionResetException'{0x00000007090901b8}: Connection reset> (0x00000007090901b8) 
thrown [s\src\hotspot\share\prims\jni.cpp, line 539]
Event: 1464.798 Thread 0x000002b2908033a0 Exception <a 'sun/net/ConnectionResetException'{0x0000000708c97da8}: Connection reset> (0x0000000708c97da8) 
thrown [s\src\hotspot\share\prims\jni.cpp, line 539]
Event: 1464.798 Thread 0x000002b28ff30d40 Exception <a 'sun/net/ConnectionResetException'{0x0000000708513ca0}: Connection reset> (0x0000000708513ca0) 
thrown [s\src\hotspot\share\prims\jni.cpp, line 539]
Event: 1464.799 Thread 0x000002b29080a9c0 Exception <a 'sun/net/ConnectionResetException'{0x0000000708542758}: Connection reset> (0x0000000708542758) 
thrown [s\src\hotspot\share\prims\jni.cpp, line 539]
Event: 2020.080 Thread 0x000002b290809ca0 Exception <a 'java/lang/InterruptedException'{0x0000000707ff2188}: sleep interrupted> (0x0000000707ff2188) 
thrown [s\src\hotspot\share\prims\jvm.cpp, line 3074]

ZGC Phase Switch (0 events):
No events

VM Operations (20 events):
Event: 1262.763 Executing VM operation: RendezvousGCThreads done
Event: 1425.391 Executing VM operation: Cleanup
Event: 1425.391 Executing VM operation: Cleanup done
Event: 1443.292 Executing VM operation: HandshakeAllThreads (HandshakeForDeflation)
Event: 1443.292 Executing VM operation: HandshakeAllThreads (HandshakeForDeflation) done
Event: 1443.292 Executing VM operation: RendezvousGCThreads
Event: 1443.292 Executing VM operation: RendezvousGCThreads done
Event: 1642.675 Executing VM operation: G1CollectForAllocation (G1 Evacuation Pause)
Event: 1642.680 Executing VM operation: G1CollectForAllocation (G1 Evacuation Pause) done
Event: 1645.699 Executing VM operation: Cleanup
Event: 1645.699 Executing VM operation: Cleanup done
Event: 1647.705 Executing VM operation: Cleanup
Event: 1647.705 Executing VM operation: Cleanup done
Event: 1683.900 Executing VM operation: HandshakeAllThreads (HandshakeForDeflation)
Event: 1683.900 Executing VM operation: HandshakeAllThreads (HandshakeForDeflation) done
Event: 1683.900 Executing VM operation: RendezvousGCThreads
Event: 1683.900 Executing VM operation: RendezvousGCThreads done
Event: 1706.032 Executing VM operation: Cleanup
Event: 1706.032 Executing VM operation: Cleanup done
Event: 2020.181 Executing VM operation: G1CollectFull (System.gc())

Events (20 events):
Event: 2020.075 Thread 0x000002b2908040c0 Thread added: 0x000002b2908040c0
Event: 2020.075 Thread 0x000002b290805b00 Thread exited: 0x000002b290805b00
Event: 2020.078 Thread 0x000002b28ff320f0 Thread exited: 0x000002b28ff320f0
Event: 2020.079 Thread 0x000002b28ff31a60 Thread exited: 0x000002b28ff31a60
Event: 2020.080 Thread 0x000002b29080a330 Thread exited: 0x000002b29080a330
Event: 2020.080 Thread 0x000002b28ff33b30 Thread exited: 0x000002b28ff33b30
Event: 2020.080 Thread 0x000002b2908033a0 Thread exited: 0x000002b2908033a0
Event: 2020.080 Thread 0x000002b2908088f0 Thread exited: 0x000002b2908088f0
Event: 2020.080 Thread 0x000002b29080a9c0 Thread exited: 0x000002b29080a9c0
Event: 2020.080 Thread 0x000002b28ff30d40 Thread exited: 0x000002b28ff30d40
Event: 2020.080 Thread 0x000002b290806820 Thread exited: 0x000002b290806820
Event: 2020.080 Thread 0x000002b28ff313d0 Thread exited: 0x000002b28ff313d0
Event: 2020.080 Thread 0x000002b28ff334a0 Thread exited: 0x000002b28ff334a0
Event: 2020.080 Thread 0x000002b290809610 Thread exited: 0x000002b290809610
Event: 2020.080 Thread 0x000002b290804de0 Thread exited: 0x000002b290804de0
Event: 2020.080 Thread 0x000002b290807540 Thread exited: 0x000002b290807540
Event: 2020.080 Thread 0x000002b290809ca0 Thread exited: 0x000002b290809ca0
Event: 2020.081 Thread 0x000002b290806820 Thread added: 0x000002b290806820
Event: 2020.081 Thread 0x000002b290808f80 Thread exited: 0x000002b290808f80
Event: 2020.180 Thread 0x000002b290806820 Thread exited: 0x000002b290806820


Dynamic libraries:
0x00007ff6395b0000 - 0x00007ff6395be000 	D:\Program Files\Eclipse Adoptium\jdk-21.0.2.13-hotspot\bin\java.exe
0x00007ffdbd830000 - 0x00007ffdbda47000 	C:\WINDOWS\SYSTEM32\ntdll.dll
0x00007ffdbba80000 - 0x00007ffdbbb44000 	C:\WINDOWS\System32\KERNEL32.DLL
0x00007ffdbb180000 - 0x00007ffdbb527000 	C:\WINDOWS\System32\KERNELBASE.dll
0x00007ffdbb060000 - 0x00007ffdbb171000 	C:\WINDOWS\System32\ucrtbase.dll
0x00007ffdb5f40000 - 0x00007ffdb5f58000 	D:\Program Files\Eclipse Adoptium\jdk-21.0.2.13-hotspot\bin\jli.dll
0x00007ffdb5f20000 - 0x00007ffdb5f3b000 	D:\Program Files\Eclipse Adoptium\jdk-21.0.2.13-hotspot\bin\VCRUNTIME140.dll
0x00007ffdbc560000 - 0x00007ffdbc70e000 	C:\WINDOWS\System32\USER32.dll
0x00007ffdbac40000 - 0x00007ffdbac66000 	C:\WINDOWS\System32\win32u.dll
0x00007ffdbb600000 - 0x00007ffdbb629000 	C:\WINDOWS\System32\GDI32.dll
0x00007ffdbac70000 - 0x00007ffdbad89000 	C:\WINDOWS\System32\gdi32full.dll
0x00007ffdbad90000 - 0x00007ffdbae2a000 	C:\WINDOWS\System32\msvcp_win.dll
0x00007ffda4700000 - 0x00007ffda4993000 	C:\WINDOWS\WinSxS\amd64_microsoft.windows.common-controls_6595b64144ccf1df_6.0.22621.3527_none_270e469b73872a76\COMCTL32.dll
0x00007ffdbd740000 - 0x00007ffdbd7e7000 	C:\WINDOWS\System32\msvcrt.dll
0x00007ffdbc4c0000 - 0x00007ffdbc4f1000 	C:\WINDOWS\System32\IMM32.DLL
0x00007ffdb5f10000 - 0x00007ffdb5f1c000 	D:\Program Files\Eclipse Adoptium\jdk-21.0.2.13-hotspot\bin\vcruntime140_1.dll
0x00007ffdb5e80000 - 0x00007ffdb5f0e000 	D:\Program Files\Eclipse Adoptium\jdk-21.0.2.13-hotspot\bin\msvcp140.dll
0x00007ffd55570000 - 0x00007ffd562f3000 	D:\Program Files\Eclipse Adoptium\jdk-21.0.2.13-hotspot\bin\server\jvm.dll
0x00007ffdbc850000 - 0x00007ffdbc902000 	C:\WINDOWS\System32\ADVAPI32.dll
0x00007ffdbc7a0000 - 0x00007ffdbc848000 	C:\WINDOWS\System32\sechost.dll
0x00007ffdbb530000 - 0x00007ffdbb558000 	C:\WINDOWS\System32\bcrypt.dll
0x00007ffdbb630000 - 0x00007ffdbb745000 	C:\WINDOWS\System32\RPCRT4.dll
0x00007ffdbcac0000 - 0x00007ffdbcb31000 	C:\WINDOWS\System32\WS2_32.dll
0x00007ffdb9c30000 - 0x00007ffdb9c7d000 	C:\WINDOWS\SYSTEM32\POWRPROF.dll
0x00007ffdb8110000 - 0x00007ffdb8144000 	C:\WINDOWS\SYSTEM32\WINMM.dll
0x00007ffdabef0000 - 0x00007ffdabefa000 	C:\WINDOWS\SYSTEM32\VERSION.dll
0x00007ffdb9c10000 - 0x00007ffdb9c23000 	C:\WINDOWS\SYSTEM32\UMPDC.dll
0x00007ffdb9bf0000 - 0x00007ffdb9c08000 	C:\WINDOWS\SYSTEM32\kernel.appcore.dll
0x00007ffdb5e70000 - 0x00007ffdb5e7a000 	D:\Program Files\Eclipse Adoptium\jdk-21.0.2.13-hotspot\bin\jimage.dll
0x00007ffdb7e50000 - 0x00007ffdb8082000 	C:\WINDOWS\SYSTEM32\DBGHELP.DLL
0x00007ffdbcb40000 - 0x00007ffdbcec8000 	C:\WINDOWS\System32\combase.dll
0x00007ffdbd660000 - 0x00007ffdbd737000 	C:\WINDOWS\System32\OLEAUT32.dll
0x00007ffdb80d0000 - 0x00007ffdb8102000 	C:\WINDOWS\SYSTEM32\dbgcore.DLL
0x00007ffdbab50000 - 0x00007ffdbabc9000 	C:\WINDOWS\System32\bcryptPrimitives.dll
0x00007ffdb1bd0000 - 0x00007ffdb1bdf000 	D:\Program Files\Eclipse Adoptium\jdk-21.0.2.13-hotspot\bin\instrument.dll
0x00007ffdb58d0000 - 0x00007ffdb58ef000 	D:\Program Files\Eclipse Adoptium\jdk-21.0.2.13-hotspot\bin\java.dll
0x00007ffdbbbb0000 - 0x00007ffdbc40c000 	C:\WINDOWS\System32\SHELL32.dll
0x00007ffdb8a90000 - 0x00007ffdb9386000 	C:\WINDOWS\SYSTEM32\windows.storage.dll
0x00007ffdb8950000 - 0x00007ffdb8a8e000 	C:\WINDOWS\SYSTEM32\wintypes.dll
0x00007ffdbd080000 - 0x00007ffdbd175000 	C:\WINDOWS\System32\SHCORE.dll
0x00007ffdbd600000 - 0x00007ffdbd65e000 	C:\WINDOWS\System32\shlwapi.dll
0x00007ffdbaa80000 - 0x00007ffdbaaa1000 	C:\WINDOWS\SYSTEM32\profapi.dll
0x00007ffdb1f10000 - 0x00007ffdb1f28000 	D:\Program Files\Eclipse Adoptium\jdk-21.0.2.13-hotspot\bin\zip.dll
0x00007ffdb5a90000 - 0x00007ffdb5aa0000 	D:\Program Files\Eclipse Adoptium\jdk-21.0.2.13-hotspot\bin\net.dll
0x00007ffdb34a0000 - 0x00007ffdb35d6000 	C:\WINDOWS\SYSTEM32\WINHTTP.dll
0x00007ffdba0d0000 - 0x00007ffdba139000 	C:\WINDOWS\system32\mswsock.dll
0x00007ffdb5720000 - 0x00007ffdb5736000 	D:\Program Files\Eclipse Adoptium\jdk-21.0.2.13-hotspot\bin\nio.dll
0x00007ffdb1370000 - 0x00007ffdb138a000 	D:\Program Files\JetBrains\IntelliJ IDEA 2024.1.1\bin\breakgen64.dll
0x00007ffdb0d00000 - 0x00007ffdb0d09000 	D:\Program Files\Eclipse Adoptium\jdk-21.0.2.13-hotspot\bin\extnet.dll
0x00007ffdb9610000 - 0x00007ffdb9708000 	C:\WINDOWS\SYSTEM32\DNSAPI.dll
0x00007ffdb95e0000 - 0x00007ffdb960d000 	C:\WINDOWS\SYSTEM32\IPHLPAPI.DLL
0x00007ffdbca10000 - 0x00007ffdbca19000 	C:\WINDOWS\System32\NSI.dll
0x00007ffdb0c30000 - 0x00007ffdb0c3a000 	C:\Windows\System32\rasadhlp.dll
0x00007ffdb1550000 - 0x00007ffdb15d3000 	C:\WINDOWS\System32\fwpuclnt.dll
0x00007ffdb1b90000 - 0x00007ffdb1b9a000 	D:\Program Files\Eclipse Adoptium\jdk-21.0.2.13-hotspot\bin\management.dll
0x00007ffdb1b50000 - 0x00007ffdb1b5b000 	D:\Program Files\Eclipse Adoptium\jdk-21.0.2.13-hotspot\bin\management_ext.dll
0x00007ffdbc550000 - 0x00007ffdbc558000 	C:\WINDOWS\System32\PSAPI.DLL
0x00007ffdba330000 - 0x00007ffdba34b000 	C:\WINDOWS\SYSTEM32\CRYPTSP.dll
0x00007ffdb9b40000 - 0x00007ffdb9b75000 	C:\WINDOWS\system32\rsaenh.dll
0x00007ffdba1d0000 - 0x00007ffdba1f8000 	C:\WINDOWS\SYSTEM32\USERENV.dll
0x00007ffdba350000 - 0x00007ffdba35c000 	C:\WINDOWS\SYSTEM32\CRYPTBASE.dll
0x00007ffd93250000 - 0x00007ffd93267000 	C:\WINDOWS\system32\napinsp.dll
0x00007ffd91710000 - 0x00007ffd9172b000 	C:\WINDOWS\system32\pnrpnsp.dll
0x00007ffd916f0000 - 0x00007ffd91701000 	C:\WINDOWS\System32\winrnr.dll
0x00007ffdb0ec0000 - 0x00007ffdb0ed5000 	C:\WINDOWS\system32\wshbth.dll
0x00007ffd916c0000 - 0x00007ffd916e7000 	C:\WINDOWS\system32\nlansp_c.dll
0x00007ffda8a10000 - 0x00007ffda8a20000 	D:\Program Files\Eclipse Adoptium\jdk-21.0.2.13-hotspot\bin\verify.dll
0x00007ffda8a20000 - 0x00007ffda8a2e000 	D:\Program Files\Eclipse Adoptium\jdk-21.0.2.13-hotspot\bin\sunmscapi.dll
0x00007ffdbaef0000 - 0x00007ffdbb058000 	C:\WINDOWS\System32\CRYPT32.dll
0x00007ffdba4f0000 - 0x00007ffdba51e000 	C:\WINDOWS\SYSTEM32\ncrypt.dll
0x00007ffdba4b0000 - 0x00007ffdba4e7000 	C:\WINDOWS\SYSTEM32\NTASN1.dll
0x00007ffdb1fe0000 - 0x00007ffdb1fe8000 	C:\WINDOWS\system32\wshunix.dll

dbghelp: loaded successfully - version: 4.0.5 - missing functions: none
symbol engine: initialized successfully - sym options: 0x614 - pdb path: .;D:\Program Files\Eclipse Adoptium\jdk-21.0.2.13-hotspot\bin;C:\WINDOWS\SYSTEM32;C:\WINDOWS\WinSxS\amd64_microsoft.windows.common-controls_6595b64144ccf1df_6.0.22621.3527_none_270e469b73872a76;D:\Program Files\Eclipse Adoptium\jdk-21.0.2.13-hotspot\bin\server;D:\Program Files\JetBrains\IntelliJ IDEA 2024.1.1\bin

VM Arguments:
jvm_args: -XX:TieredStopAtLevel=1 -Dspring.output.ansi.enabled=always -Dcom.sun.management.jmxremote -Dspring.jmx.enabled=true -Dspring.liveBeansView.mbeanDomain -Dspring.application.admin.enabled=true -Dmanagement.endpoints.jmx.exposure.include=* -javaagent:D:\Program Files\JetBrains\IntelliJ IDEA 2024.1.1\lib\idea_rt.jar=53125:D:\Program Files\JetBrains\IntelliJ IDEA 2024.1.1\bin -Dfile.encoding=UTF-8 -Dsun.stdout.encoding=UTF-8 -Dsun.stderr.encoding=UTF-8 
java_command: com.sosigae.LuckeyTurkey.LuckeyTurkeyApplication
java_class_path (initial): D:\DWU\4-1\sosiga\healthNote\target\classes;C:\Users\loved\.m2\repository\org\springframework\boot\spring-boot-starter-web\2.7.18\spring-boot-starter-web-2.7.18.jar;C:\Users\loved\.m2\repository\org\springframework\boot\spring-boot-starter\2.7.18\spring-boot-starter-2.7.18.jar;C:\Users\loved\.m2\repository\org\springframework\boot\spring-boot-starter-logging\2.7.18\spring-boot-starter-logging-2.7.18.jar;C:\Users\loved\.m2\repository\ch\qos\logback\logback-classic\1.2.12\logback-classic-1.2.12.jar;C:\Users\loved\.m2\repository\ch\qos\logback\logback-core\1.2.12\logback-core-1.2.12.jar;C:\Users\loved\.m2\repository\org\apache\logging\log4j\log4j-to-slf4j\2.17.2\log4j-to-slf4j-2.17.2.jar;C:\Users\loved\.m2\repository\org\apache\logging\log4j\log4j-api\2.17.2\log4j-api-2.17.2.jar;C:\Users\loved\.m2\repository\org\slf4j\jul-to-slf4j\1.7.36\jul-to-slf4j-1.7.36.jar;C:\Users\loved\.m2\repository\jakarta\annotation\jakarta.annotation-api\1.3.5\jakarta.annotation-api-1.3.5.jar;C:\Users\loved\.m2\repository\org\yaml\snakeyaml\1.30\snakeyaml-1.30.jar;C:\Users\loved\.m2\repository\org\springframework\boot\spring-boot-starter-json\2.7.18\spring-boot-starter-json-2.7.18.jar;C:\Users\loved\.m2\repository\com\fasterxml\jackson\core\jackson-databind\2.13.5\jackson-databind-2.13.5.jar;C:\Users\loved\.m2\repository\com\fasterxml\jackson\core\jackson-annotations\2.13.5\jackson-annotations-2.13.5.jar;C:\Users\loved\.m2\repository\com\fasterxml\jackson\core\jackson-core\2.13.5\jackson-core-2.13.5.jar;C:\Users\loved\.m2\repository\com\fasterxml\jackson\datatype\jackson-datatype-jdk8\2.13.5\jackson-datatype-jdk8-2.13.5.jar;C:\Users\loved\.m2\repository\com\fasterxml\jackson\datatype\jackson-datatype-jsr310\2.13.5\jackson-datatype-jsr310-2.13.5.jar;C:\Users\loved\.m2\repository\com\fasterxml\jackson\module\jackson-module-parameter-names\2.13.5\jackson-module-parameter-names-2.13.5.jar;C:\Users\loved\.m2\repository\org\springframework\boot\spring-boot-starter-tomcat\2.7.18\spring-boot-starter-tomcat-2.7.18.jar;C:\Users\loved\.m2\repository\org\apache\tomcat\embed\tomcat-embed-websocket\9.0.83\tomcat-embed-websocket-9.0.83.jar;C:\Users\loved\.m2\repository\org\springframework\spring-web\5.3.31\spring-web-5.3.31.jar;C:\Users\loved\.m2\repository\org\springframework\spring-beans\5.3.31\spring-beans-5.3.31.jar;C:\Users\loved\.m2\repository\org\springframework\spring-webmvc\5.3.31\spring-webmvc-5.3.31.jar;C:\Users\loved\.m2\repository\org\springframework\spring-aop\5.3.31\spring-aop-5.3.31.jar;C:\Users\loved\.m2\repository\org\springframework\spring-context\5.3.31\spring-context-5.3.31.jar;C:\Users\loved\.m2\repository\org\springframework\spring-expression\5.3.31\spring-expression-5.3.31.jar;C:\Users\loved\.m2\repository\org\springframework\boot\spring-boot-starter-data-jpa\2.7.18\spring-boot-starter-data-jpa-2.7.18.jar;C:\Users\loved\.m2\repository\org\springframework\boot\spring-boot-starter-aop\2.7.18\spring-boot-starter-aop-2.7.18.jar;C:\Users\loved\.m2\repository\org\aspectj\aspectjweaver\1.9.7\aspectjweaver-1.9.7.jar;C:\Users\loved\.m2\repository\org\springframework\boot\spring-boot-starter-jdbc\2.7.18\spring-boot-starter-jdbc-2.7.18.jar;C:\Users\loved\.m2\repository\com\zaxxer\HikariCP\4.0.3\HikariCP-4.0.3.jar;C:\Users\loved\.m2\repository\org\springframework\spring-jdbc\5.3.31\spring-jdbc-5.3.31.jar;C:\Users\loved\.m2\repository\jakarta\transaction\jakarta.transaction-api\1.3.3\jakarta.transaction-api-1.3.3.jar;C:\Users\loved\.m2\repository\jakarta\persistence\jakarta.persistence-api\2.2.3\jakarta.persistence-api-2.2.3.jar;C:\Users\loved\.m2\repository\org\hibernate\hibernate-core\5.6.15.Final\hibernate-core-5.6.15.Final.jar;C:\Users\loved\.m2\repository\org\jboss\logging\jboss-logging\3.4.3.Final\jboss-logging-3.4.3.Final.jar;C:\Users\loved\.m2\repository\net\bytebuddy\byte-buddy\1.12.23\byte-buddy-1.12.23.jar;C:\Users\loved\.m2\repository\antlr\antlr\2.7.7\antlr-2.7.7.jar;C:\Users\loved\.m2\repository\org\jboss\jandex\2.4.2.Final\jandex-2.4.2.Final.jar;C:\Users\loved\.m2\repository\com\fasterxml\classmate\1.5.1\classmate-1.5.1.jar;C:\Users\loved\.m2\repository\org\hibernate\common\hibernate-commons-annotations\5.1.2.Final\hibernate-commons-annotations-5.1.2.Final.jar;C:\Users\loved\.m2\repository\org\glassfish\jaxb\jaxb-runtime\2.3.9\jaxb-runtime-2.3.9.jar;C:\Users\loved\.m2\repository\org\glassfish\jaxb\txw2\2.3.9\txw2-2.3.9.jar;C:\Users\loved\.m2\repository\com\sun\istack\istack-commons-runtime\3.0.12\istack-commons-runtime-3.0.12.jar;C:\Users\loved\.m2\repository\com\sun\activation\jakarta.activation\1.2.2\jakarta.activation-1.2.2.jar;C:\Users\loved\.m2\repository\org\springframework\data\spring-data-jpa\2.7.18\spring-data-jpa-2.7.18.jar;C:\Users\loved\.m2\repository\org\springframework\data\spring-data-commons\2.7.18\spring-data-commons-2.7.18.jar;C:\Users\loved\.m2\repository\org\springframework\spring-orm\5.3.31\spring-orm-5.3.31.jar;C:\Users\loved\.m2\repository\org\springframework\spring-tx\5.3.31\spring-tx-5.3.31.jar;C:\Users\loved\.m2\repository\org\slf4j\slf4j-api\1.7.36\slf4j-api-1.7.36.jar;C:\Users\loved\.m2\repository\org\springframework\spring-aspects\5.3.31\spring-aspects-5.3.31.jar;C:\Users\loved\.m2\repository\org\mybatis\spring\boot\mybatis-spring-boot-starter\2.3.0\mybatis-spring-boot-starter-2.3.0.jar;C:\Users\loved\.m2\repository\org\mybatis\spring\boot\mybatis-spring-boot-autoconfigure\2.3.0\mybatis-spring-boot-autoconfigure-2.3.0.jar;C:\Users\loved\.m2\repository\org\mybatis\mybatis\3.5.11\mybatis-3.5.11.jar;C:\Users\loved\.m2\repository\org\mybatis\mybatis-spring\2.1.0\mybatis-spring-2.1.0.jar;C:\Users\loved\.m2\repository\javax\servlet\jstl\1.2\jstl-1.2.jar;C:\Users\loved\.m2\repository\org\apache\tomcat\embed\tomcat-embed-jasper\9.0.83\tomcat-embed-jasper-9.0.83.jar;C:\Users\loved\.m2\repository\org\apache\tomcat\embed\tomcat-embed-core\9.0.83\tomcat-embed-core-9.0.83.jar;C:\Users\loved\.m2\repository\org\apache\tomcat\tomcat-annotations-api\9.0.83\tomcat-annotations-api-9.0.83.jar;C:\Users\loved\.m2\repository\org\apache\tomcat\embed\tomcat-embed-el\9.0.83\tomcat-embed-el-9.0.83.jar;C:\Users\loved\.m2\repository\org\eclipse\jdt\ecj\3.26.0\ecj-3.26.0.jar;C:\Users\loved\.m2\repository\com\oracle\database\jdbc\ojdbc8\21.5.0.0\ojdbc8-21.5.0.0.jar;C:\Users\loved\.m2\repository\org\springframework\boot\spring-boot-devtools\2.7.18\spring-boot-devtools-2.7.18.jar;C:\Users\loved\.m2\repository\org\springframework\boot\spring-boot\2.7.18\spring-boot-2.7.18.jar;C:\Users\loved\.m2\repository\org\springframework\boot\spring-boot-autoconfigure\2.7.18\spring-boot-autoconfigure-2.7.18.jar;C:\Users\loved\.m2\repository\com\h2database\h2\2.1.214\h2-2.1.214.jar;C:\Users\loved\.m2\repository\org\projectlombok\lombok\1.18.30\lombok-1.18.30.jar;C:\Users\loved\.m2\repository\jakarta\xml\bind\jakarta.xml.bind-api\2.3.3\jakarta.xml.bind-api-2.3.3.jar;C:\Users\loved\.m2\repository\jakarta\activation\jakarta.activation-api\1.2.2\jakarta.activation-api-1.2.2.jar;C:\Users\loved\.m2\repository\org\springframework\spring-core\5.3.31\spring-core-5.3.31.jar;C:\Users\loved\.m2\repository\org\springframework\spring-jcl\5.3.31\spring-jcl-5.3.31.jar;C:\Users\loved\.m2\repository\org\springframework\boot\spring-boot-starter-thymeleaf\2.7.18\spring-boot-starter-thymeleaf-2.7.18.jar;C:\Users\loved\.m2\repository\org\thymeleaf\thymeleaf-spring5\3.0.15.RELEASE\thymeleaf-spring5-3.0.15.RELEASE.jar;C:\Users\loved\.m2\repository\org\thymeleaf\thymeleaf\3.0.15.RELEASE\thymeleaf-3.0.15.RELEASE.jar;C:\Users\loved\.m2\repository\org\attoparser\attoparser\2.0.5.RELEASE\attoparser-2.0.5.RELEASE.jar;C:\Users\loved\.m2\repository\org\unbescape\unbescape\1.1.6.RELEASE\unbescape-1.1.6.RELEASE.jar;C:\Users\loved\.m2\repository\org\thymeleaf\extras\thymeleaf-extras-java8time\3.0.4.RELEASE\thymeleaf-extras-java8time-3.0.4.RELEASE.jar
Launcher Type: SUN_STANDARD

[Global flags]
     intx CICompilerCount                          = 4                                         {product} {ergonomic}
     uint ConcGCThreads                            = 2                                         {product} {ergonomic}
     uint G1ConcRefinementThreads                  = 8                                         {product} {ergonomic}
   size_t G1HeapRegionSize                         = 2097152                                   {product} {ergonomic}
    uintx GCDrainStackTargetSize                   = 64                                        {product} {ergonomic}
   size_t InitialHeapSize                          = 264241152                                 {product} {ergonomic}
     bool ManagementServer                         = true                                      {product} {command line}
   size_t MarkStackSize                            = 4194304                                   {product} {ergonomic}
   size_t MaxHeapSize                              = 4219469824                                {product} {ergonomic}
   size_t MaxNewSize                               = 2531262464                                {product} {ergonomic}
   size_t MinHeapDeltaBytes                        = 2097152                                   {product} {ergonomic}
   size_t MinHeapSize                              = 8388608                                   {product} {ergonomic}
    uintx NonNMethodCodeHeapSize                   = 4096                                   {pd product} {ergonomic}
    uintx NonProfiledCodeHeapSize                  = 0                                      {pd product} {ergonomic}
     bool ProfileInterpreter                       = false                                  {pd product} {command line}
    uintx ProfiledCodeHeapSize                     = 0                                      {pd product} {ergonomic}
   size_t SoftMaxHeapSize                          = 4219469824                             {manageable} {ergonomic}
     intx TieredStopAtLevel                        = 1                                         {product} {command line}
     bool UseCompressedOops                        = true                           {product lp64_product} {ergonomic}
     bool UseG1GC                                  = true                                      {product} {ergonomic}
     bool UseLargePagesIndividualAllocation        = false                                  {pd product} {ergonomic}

Logging:
Log output configuration:
 #0: stdout all=warning uptime,level,tags foldmultilines=false
 #1: stderr all=off uptime,level,tags foldmultilines=false

Environment Variables:
JAVA_HOME=D:\Program Files\Eclipse Adoptium\jdk-21.0.2.13-hotspot
PATH=C:\Program Files (x86)\VMware\VMware Player\bin\;D:\Program Files\Eclipse Adoptium\jdk-21.0.2.13-hotspot\bin;C:\Oracle\dbhomeXE\bin;C:\Program Files (x86)\Common Files\Oracle\Java\javapath;C:\WINDOWS\system32;C:\WINDOWS;C:\WINDOWS\System32\Wbem;C:\WINDOWS\System32\WindowsPowerShell\v1.0\;C:\WINDOWS\System32\OpenSSH\;D:\Program Files\Eclipse Adoptium\jdk-21.0.2.13-hotspot\bin;C:\Program Files\Git\cmd;D:\Program Files\;C:\Python\Scripts\;C:\Python\;C:\Users\loved\AppData\Local\Microsoft\WindowsApps;;C:\Users\loved\AppData\Local\Programs\Microsoft VS Code\bin;C:\Program Files\Bandizip\;C:\Users\loved\AppData\Local\JetBrains\IntelliJ IDEA Community Edition 2023.3.5\bin;;D:\Program Files\JetBrains\IntelliJ IDEA 2024.1.1\bin;
USERNAME=loved
OS=Windows_NT
PROCESSOR_IDENTIFIER=Intel64 Family 6 Model 140 Stepping 1, GenuineIntel
TMP=C:\Users\loved\AppData\Local\Temp
TEMP=C:\Users\loved\AppData\Local\Temp




Periodic native trim disabled

---------------  S Y S T E M  ---------------

OS:
 Windows 11 , 64 bit Build 22621 (10.0.22621.3527)
OS uptime: 0 days 2:50 hours

CPU: total 8 (initial active 8) (4 cores per cpu, 2 threads per core) family 6 model 140 stepping 1 microcode 0x9a, cx8, cmov, fxsr, ht, mmx, 3dnowpref, sse, sse2, sse3, ssse3, sse4.1, sse4.2, popcnt, lzcnt, tsc, tscinvbit, avx, avx2, aes, erms, clmul, bmi1, bmi2, adx, avx512f, avx512dq, avx512cd, avx512bw, avx512vl, sha, fma, vzeroupper, avx512_vpopcntdq, avx512_vpclmulqdq, avx512_vaes, avx512_vnni, clflush, clflushopt, clwb, avx512_vbmi2, avx512_vbmi, rdtscp, rdpid, fsrm, gfni, avx512_bitalg, f16c, pku, cet_ibt, cet_ss, avx512_ifma
Processor Information for processor 0
  Max Mhz: 2419, Current Mhz: 2419, Mhz Limit: 2419
Processor Information for processor 1
  Max Mhz: 2419, Current Mhz: 1209, Mhz Limit: 2419
Processor Information for processor 2
  Max Mhz: 2419, Current Mhz: 2419, Mhz Limit: 2419
Processor Information for processor 3
  Max Mhz: 2419, Current Mhz: 2419, Mhz Limit: 2419
Processor Information for processor 4
  Max Mhz: 2419, Current Mhz: 2419, Mhz Limit: 2419
Processor Information for processor 5
  Max Mhz: 2419, Current Mhz: 2419, Mhz Limit: 2419
Processor Information for processor 6
  Max Mhz: 2419, Current Mhz: 2419, Mhz Limit: 2419
Processor Information for processor 7
  Max Mhz: 2419, Current Mhz: 2419, Mhz Limit: 2419

Memory: 4k page, system-wide physical 16092M (4272M free)
TotalPageFile size 18999M (AvailPageFile size 6M)
current process WorkingSet (physical memory assigned to process): 240M, peak: 257M
current process commit charge ("private bytes"): 281M, peak: 373M

vm_info: OpenJDK 64-Bit Server VM (21.0.2+13-LTS) for windows-amd64 JRE (21.0.2+13-LTS), built on 2024-01-16T00:00:00Z by "admin" with unknown MS VC++:1937

END.
