#
# There is insufficient memory for the Java Runtime Environment to continue.
# Native memory allocation (malloc) failed to allocate 2097152 bytes for AllocateHeap
# Possible reasons:
#   The system is out of physical RAM or swap space
#   The process is running with CompressedOops enabled, and the Java Heap may be blocking the growth of the native heap
# Possible solutions:
#   Reduce memory load on the system
#   Increase physical memory or swap space
#   Check if swap backing store is full
#   Decrease Java heap size (-Xmx/-Xms)
#   Decrease number of Java threads
#   Decrease Java thread stack sizes (-Xss)
#   Set larger code cache with -XX:ReservedCodeCacheSize=
#   JVM is running with Zero Based Compressed Oops mode in which the Java heap is
#     placed in the first 32GB address space. The Java Heap base address is the
#     maximum limit for the native heap growth. Please use -XX:HeapBaseMinAddress
#     to set the Java Heap base and to place the Java Heap above 32GB virtual address.
# This output file may be truncated or incomplete.
#
#  Out of Memory Error (allocation.cpp:44), pid=8696, tid=16968
#
# JRE version: OpenJDK Runtime Environment Temurin-21.0.2+13 (21.0.2+13) (build 21.0.2+13-LTS)
# Java VM: OpenJDK 64-Bit Server VM Temurin-21.0.2+13 (21.0.2+13-LTS, mixed mode, emulated-client, sharing, tiered, compressed oops, compressed class ptrs, g1 gc, windows-amd64)
# No core dump will be written. Minidumps are not enabled by default on client versions of Windows
#

---------------  S U M M A R Y ------------

Command Line: -XX:TieredStopAtLevel=1 -Dspring.output.ansi.enabled=always -Dcom.sun.management.jmxremote -Dspring.jmx.enabled=true -Dspring.liveBeansView.mbeanDomain -Dspring.application.admin.enabled=true -Dmanagement.endpoints.jmx.exposure.include=* -javaagent:D:\Program Files\JetBrains\IntelliJ IDEA 2024.1.1\lib\idea_rt.jar=55818:D:\Program Files\JetBrains\IntelliJ IDEA 2024.1.1\bin -Dfile.encoding=UTF-8 -Dsun.stdout.encoding=UTF-8 -Dsun.stderr.encoding=UTF-8 com.sosigae.LuckeyTurkey.LuckeyTurkeyApplication

Host: 11th Gen Intel(R) Core(TM) i5-1135G7 @ 2.40GHz, 8 cores, 15G,  Windows 11 , 64 bit Build 22621 (10.0.22621.3672)
Time: Fri Jun 21 13:55:07 2024  Windows 11 , 64 bit Build 22621 (10.0.22621.3672) elapsed time: 1876.354824 seconds (0d 0h 31m 16s)

---------------  T H R E A D  ---------------

Current thread (0x0000023ec4ca9f80):  VMThread "VM Thread"          [id=16968, stack(0x000000877cc00000,0x000000877cd00000) (1024K)]

Stack: [0x000000877cc00000,0x000000877cd00000]
Native frames: (J=compiled Java code, j=interpreted, Vv=VM code, C=native code)
V  [jvm.dll+0x6c94f9]
V  [jvm.dll+0x8a3c21]
V  [jvm.dll+0x8a614e]
V  [jvm.dll+0x8a6823]
V  [jvm.dll+0x27fa86]
V  [jvm.dll+0xbf567]
V  [jvm.dll+0x3444ae]
V  [jvm.dll+0x33edde]
V  [jvm.dll+0x327698]
V  [jvm.dll+0x3698e4]
V  [jvm.dll+0x8ac12f]
V  [jvm.dll+0x8ad234]
V  [jvm.dll+0x8ad770]
V  [jvm.dll+0x8ada13]
V  [jvm.dll+0x84cb3b]
V  [jvm.dll+0x6c7c2d]
C  [ucrtbase.dll+0x29333]
C  [KERNEL32.DLL+0x1257d]
C  [ntdll.dll+0x5af28]

VM_Operation (0x000000877c2ff460): G1CollectFull, mode: safepoint, requested by thread 0x0000023f0c79bfe0


---------------  P R O C E S S  ---------------

Threads class SMR info:
_java_thread_list=0x0000023f0d7abf40, length=18, elements={
0x0000023ec4cc6d50, 0x0000023ec4cc7b70, 0x0000023ec4ccc0d0, 0x0000023ec4cce000,
0x0000023ec4cd0ba0, 0x0000023ec4cdd4e0, 0x0000023ec4cde070, 0x0000023ec53c25a0,
0x0000023ec56c7fc0, 0x0000023ec56c8630, 0x0000023ec5b16eb0, 0x0000023f0b6cc3a0,
0x0000023f0c4059f0, 0x0000023f0c406080, 0x0000023f0c7a1bc0, 0x0000023ec5cacdb0,
0x0000023ec5caee80, 0x0000023f0c79bfe0
}

Java Threads: ( => current thread )
  0x0000023ec4cc6d50 JavaThread "Reference Handler"          daemon [_thread_blocked, id=19152, stack(0x000000877cd00000,0x000000877ce00000) (1024K)]
  0x0000023ec4cc7b70 JavaThread "Finalizer"                  daemon [_thread_blocked, id=25032, stack(0x000000877ce00000,0x000000877cf00000) (1024K)]
  0x0000023ec4ccc0d0 JavaThread "Signal Dispatcher"          daemon [_thread_blocked, id=30512, stack(0x000000877cf00000,0x000000877d000000) (1024K)]
  0x0000023ec4cce000 JavaThread "Attach Listener"            daemon [_thread_blocked, id=28912, stack(0x000000877d000000,0x000000877d100000) (1024K)]
  0x0000023ec4cd0ba0 JavaThread "Service Thread"             daemon [_thread_blocked, id=33456, stack(0x000000877d100000,0x000000877d200000) (1024K)]
  0x0000023ec4cdd4e0 JavaThread "Monitor Deflation Thread"   daemon [_thread_blocked, id=12240, stack(0x000000877d200000,0x000000877d300000) (1024K)]
  0x0000023ec4cde070 JavaThread "C1 CompilerThread0"         daemon [_thread_blocked, id=21956, stack(0x000000877d300000,0x000000877d400000) (1024K)]
  0x0000023ec53c25a0 JavaThread "Common-Cleaner"             daemon [_thread_blocked, id=30160, stack(0x000000877d400000,0x000000877d500000) (1024K)]
  0x0000023ec56c7fc0 JavaThread "Monitor Ctrl-Break"         daemon [_thread_in_native, id=32456, stack(0x000000877d700000,0x000000877d800000) (1024K)]
  0x0000023ec56c8630 JavaThread "Notification Thread"        daemon [_thread_blocked, id=16756, stack(0x000000877d800000,0x000000877d900000) (1024K)]
  0x0000023ec5b16eb0 JavaThread "RMI TCP Accept-0"           daemon [_thread_in_native, id=17172, stack(0x000000877da00000,0x000000877db00000) (1024K)]
  0x0000023f0b6cc3a0 JavaThread "RMI Scheduler(0)"           daemon [_thread_blocked, id=15172, stack(0x000000877e600000,0x000000877e700000) (1024K)]
  0x0000023f0c4059f0 JavaThread "oracle.jdbc.driver.BlockSource.ThreadedCachingBlockSource.BlockReleaser" daemon [_thread_blocked, id=28112, stack(0x000000877e400000,0x000000877e500000) (1024K)]
  0x0000023f0c406080 JavaThread "InterruptTimer"             daemon [_thread_blocked, id=26436, stack(0x000000877e800000,0x000000877e900000) (1024K)]
  0x0000023f0c7a1bc0 JavaThread "Live Reload Server"         daemon [_thread_in_native, id=28612, stack(0x000000877f100000,0x000000877f200000) (1024K)]
  0x0000023ec5cacdb0 JavaThread "DestroyJavaVM"                     [_thread_blocked, id=33752, stack(0x000000877c500000,0x000000877c600000) (1024K)]
  0x0000023ec5caee80 JavaThread "OJDBC-WORKER-THREAD-5"      daemon [_thread_blocked, id=19840, stack(0x000000877d600000,0x000000877d700000) (1024K)]
  0x0000023f0c79bfe0 JavaThread "Thread-61"                         [_thread_blocked, id=23532, stack(0x000000877c200000,0x000000877c300000) (1024K)]
Total: 18

Other Threads:
=>0x0000023ec4ca9f80 VMThread "VM Thread"                           [id=16968, stack(0x000000877cc00000,0x000000877cd00000) (1024K)]
  0x0000023ec4c93d80 WatcherThread "VM Periodic Task Thread"        [id=15280, stack(0x000000877cb00000,0x000000877cc00000) (1024K)]
  0x0000023eb01514c0 WorkerThread "GC Thread#0"                     [id=28528, stack(0x000000877c600000,0x000000877c700000) (1024K)]
  0x0000023ec5be71f0 WorkerThread "GC Thread#1"                     [id=15096, stack(0x000000877db00000,0x000000877dc00000) (1024K)]
  0x0000023ec5bdf970 WorkerThread "GC Thread#2"                     [id=29044, stack(0x000000877dc00000,0x000000877dd00000) (1024K)]
  0x0000023ec5bdc2d0 WorkerThread "GC Thread#3"                     [id=15048, stack(0x000000877dd00000,0x000000877de00000) (1024K)]
  0x0000023ec5c29120 WorkerThread "GC Thread#4"                     [id=18948, stack(0x000000877de00000,0x000000877df00000) (1024K)]
  0x0000023ec5c2b950 WorkerThread "GC Thread#5"                     [id=27844, stack(0x000000877df00000,0x000000877e000000) (1024K)]
  0x0000023ec5c6c130 WorkerThread "GC Thread#6"                     [id=15380, stack(0x000000877e000000,0x000000877e100000) (1024K)]
  0x0000023ec5c6c4d0 WorkerThread "GC Thread#7"                     [id=29080, stack(0x000000877e100000,0x000000877e200000) (1024K)]
  0x0000023eb01620e0 ConcurrentGCThread "G1 Main Marker"            [id=27380, stack(0x000000877c700000,0x000000877c800000) (1024K)]
  0x0000023eb0163290 WorkerThread "G1 Conc#0"                       [id=15716, stack(0x000000877c800000,0x000000877c900000) (1024K)]
  0x0000023f0b5b9af0 WorkerThread "G1 Conc#1"                       [id=33384, stack(0x000000877e700000,0x000000877e800000) (1024K)]
  0x0000023eb019e860 ConcurrentGCThread "G1 Refine#0"               [id=32552, stack(0x000000877c900000,0x000000877ca00000) (1024K)]
  0x0000023ec4b64420 ConcurrentGCThread "G1 Service"                [id=24596, stack(0x000000877ca00000,0x000000877cb00000) (1024K)]
Total: 15

Threads with active compile tasks:
C1 CompilerThread0  1876420 13682       1       java.text.DecimalFormat::subformatNumber (1173 bytes)
Total: 1

VM state: at safepoint (normal execution)

VM Mutex/Monitor currently owned by a thread:  ([mutex/lock_event])
[0x00007ffeb1a63198] Threads_lock - owner thread: 0x0000023ec4ca9f80
[0x00007ffeb1a63298] Heap_lock - owner thread: 0x0000023f0c79bfe0

Heap address: 0x0000000704800000, size: 4024 MB, Compressed Oops mode: Zero based, Oop shift amount: 3

CDS archive(s) mapped at: [0x0000023ec6000000-0x0000023ec6c90000-0x0000023ec6c90000), size 13172736, SharedBaseAddress: 0x0000023ec6000000, ArchiveRelocationMode: 1.
Compressed class space mapped at: 0x0000023ec7000000-0x0000023f07000000, reserved size: 1073741824
Narrow klass base: 0x0000023ec6000000, Narrow klass shift: 0, Narrow klass range: 0x100000000

GC Precious Log:
 CardTable entry size: 512
 Card Set container configuration: InlinePtr #cards 4 size 8 Array Of Cards #cards 16 size 48 Howl #buckets 8 coarsen threshold 3686 Howl Bitmap #cards 512 size 80 coarsen threshold 460 Card regions per heap region 1 cards per card region 4096
 CPUs: 8 total, 8 available
 Memory: 16092M
 Large Page Support: Disabled
 NUMA Support: Disabled
 Compressed Oops: Enabled (Zero based)
 Heap Region Size: 2M
 Heap Min Capacity: 8M
 Heap Initial Capacity: 252M
 Heap Max Capacity: 4024M
 Pre-touch: Disabled
 Parallel Workers: 8
 Concurrent Workers: 2
 Concurrent Refinement Workers: 8
 Periodic GC: Disabled

Heap:
 garbage-first heap   total 102400K, used 40518K [0x0000000704800000, 0x0000000800000000)
  region size 2048K, 7 young (14336K), 3 survivors (6144K)
 Metaspace       used 71457K, committed 72320K, reserved 1114112K
  class space    used 9892K, committed 10176K, reserved 1048576K

Heap Regions: E=young(eden), S=young(survivor), O=old, HS=humongous(starts), HC=humongous(continues), CS=collection set, F=free, TAMS=top-at-mark-start, PB=parsable bottom
|   0|0x0000000704800000, 0x0000000704a00000, 0x0000000704a00000|100%| O|  |TAMS 0x0000000704800000| PB 0x0000000704800000| Untracked 
|   1|0x0000000704a00000, 0x0000000704bfffc8, 0x0000000704c00000| 99%| O|  |TAMS 0x0000000704a00000| PB 0x0000000704a00000| Untracked 
|   2|0x0000000704c00000, 0x0000000704dffff8, 0x0000000704e00000| 99%| O|  |TAMS 0x0000000704c00000| PB 0x0000000704c00000| Untracked 
|   3|0x0000000704e00000, 0x0000000704ffffc8, 0x0000000705000000| 99%| O|  |TAMS 0x0000000704e00000| PB 0x0000000704e00000| Untracked 
|   4|0x0000000705000000, 0x00000007051ffff0, 0x0000000705200000| 99%| O|  |TAMS 0x0000000705000000| PB 0x0000000705000000| Untracked 
|   5|0x0000000705200000, 0x0000000705400000, 0x0000000705400000|100%| O|  |TAMS 0x0000000705200000| PB 0x0000000705200000| Untracked 
|   6|0x0000000705400000, 0x00000007055fffc8, 0x0000000705600000| 99%| O|  |TAMS 0x0000000705400000| PB 0x0000000705400000| Untracked 
|   7|0x0000000705600000, 0x00000007057ffff8, 0x0000000705800000| 99%| O|  |TAMS 0x0000000705600000| PB 0x0000000705600000| Untracked 
|   8|0x0000000705800000, 0x0000000705a00000, 0x0000000705a00000|100%| O|  |TAMS 0x0000000705800000| PB 0x0000000705800000| Untracked 
|   9|0x0000000705a00000, 0x0000000705bffff8, 0x0000000705c00000| 99%| O|  |TAMS 0x0000000705a00000| PB 0x0000000705a00000| Untracked 
|  10|0x0000000705c00000, 0x0000000705c67dc8, 0x0000000705e00000| 20%| O|  |TAMS 0x0000000705c00000| PB 0x0000000705c00000| Untracked 
|  11|0x0000000705e00000, 0x0000000705fffe20, 0x0000000706000000| 99%| O|  |TAMS 0x0000000705e00000| PB 0x0000000705e00000| Untracked 
|  12|0x0000000706000000, 0x00000007061c80d8, 0x0000000706200000| 89%| O|  |TAMS 0x0000000706000000| PB 0x0000000706000000| Untracked 
|  13|0x0000000706200000, 0x0000000706202ab0, 0x0000000706400000|  0%| O|Cm|TAMS 0x0000000706200000| PB 0x0000000706200000| Complete 
|  14|0x0000000706400000, 0x0000000706600000, 0x0000000706600000|100%| O|  |TAMS 0x0000000706400000| PB 0x0000000706400000| Untracked 
|  15|0x0000000706600000, 0x0000000706673a18, 0x0000000706800000| 22%| O|  |TAMS 0x0000000706600000| PB 0x0000000706600000| Untracked 
|  16|0x0000000706800000, 0x0000000706a00000, 0x0000000706a00000|100%| O|  |TAMS 0x0000000706800000| PB 0x0000000706800000| Untracked 
|  17|0x0000000706a00000, 0x0000000706a00000, 0x0000000706c00000|  0%| F|  |TAMS 0x0000000706a00000| PB 0x0000000706a00000| Untracked 
|  18|0x0000000706c00000, 0x0000000706c00000, 0x0000000706e00000|  0%| F|  |TAMS 0x0000000706c00000| PB 0x0000000706c00000| Untracked 
|  19|0x0000000706e00000, 0x0000000706e00000, 0x0000000707000000|  0%| F|  |TAMS 0x0000000706e00000| PB 0x0000000706e00000| Untracked 
|  20|0x0000000707000000, 0x00000007070ce100, 0x0000000707200000| 40%| O|  |TAMS 0x0000000707000000| PB 0x0000000707000000| Untracked 
|  21|0x0000000707200000, 0x000000070721d940, 0x0000000707400000|  5%| S|CS|TAMS 0x0000000707200000| PB 0x0000000707200000| Complete 
|  22|0x0000000707400000, 0x0000000707600000, 0x0000000707600000|100%| S|CS|TAMS 0x0000000707400000| PB 0x0000000707400000| Complete 
|  23|0x0000000707600000, 0x0000000707800000, 0x0000000707800000|100%| S|CS|TAMS 0x0000000707600000| PB 0x0000000707600000| Complete 
|  24|0x0000000707800000, 0x0000000707800000, 0x0000000707a00000|  0%| F|  |TAMS 0x0000000707800000| PB 0x0000000707800000| Untracked 
|  25|0x0000000707a00000, 0x0000000707a00000, 0x0000000707c00000|  0%| F|  |TAMS 0x0000000707a00000| PB 0x0000000707a00000| Untracked 
|  26|0x0000000707c00000, 0x0000000707c00000, 0x0000000707e00000|  0%| F|  |TAMS 0x0000000707c00000| PB 0x0000000707c00000| Untracked 
|  27|0x0000000707e00000, 0x0000000707e00000, 0x0000000708000000|  0%| F|  |TAMS 0x0000000707e00000| PB 0x0000000707e00000| Untracked 
|  28|0x0000000708000000, 0x0000000708000000, 0x0000000708200000|  0%| F|  |TAMS 0x0000000708000000| PB 0x0000000708000000| Untracked 
|  29|0x0000000708200000, 0x0000000708200000, 0x0000000708400000|  0%| F|  |TAMS 0x0000000708200000| PB 0x0000000708200000| Untracked 
|  30|0x0000000708400000, 0x0000000708400000, 0x0000000708600000|  0%| F|  |TAMS 0x0000000708400000| PB 0x0000000708400000| Untracked 
|  31|0x0000000708600000, 0x0000000708600000, 0x0000000708800000|  0%| F|  |TAMS 0x0000000708600000| PB 0x0000000708600000| Untracked 
|  32|0x0000000708800000, 0x0000000708800000, 0x0000000708a00000|  0%| F|  |TAMS 0x0000000708800000| PB 0x0000000708800000| Untracked 
|  33|0x0000000708a00000, 0x0000000708a00000, 0x0000000708c00000|  0%| F|  |TAMS 0x0000000708a00000| PB 0x0000000708a00000| Untracked 
|  34|0x0000000708c00000, 0x0000000708c00000, 0x0000000708e00000|  0%| F|  |TAMS 0x0000000708c00000| PB 0x0000000708c00000| Untracked 
|  35|0x0000000708e00000, 0x0000000708e00000, 0x0000000709000000|  0%| F|  |TAMS 0x0000000708e00000| PB 0x0000000708e00000| Untracked 
|  36|0x0000000709000000, 0x0000000709000000, 0x0000000709200000|  0%| F|  |TAMS 0x0000000709000000| PB 0x0000000709000000| Untracked 
|  37|0x0000000709200000, 0x0000000709200000, 0x0000000709400000|  0%| F|  |TAMS 0x0000000709200000| PB 0x0000000709200000| Untracked 
|  38|0x0000000709400000, 0x0000000709400000, 0x0000000709600000|  0%| F|  |TAMS 0x0000000709400000| PB 0x0000000709400000| Untracked 
|  39|0x0000000709600000, 0x0000000709600000, 0x0000000709800000|  0%| F|  |TAMS 0x0000000709600000| PB 0x0000000709600000| Untracked 
|  40|0x0000000709800000, 0x0000000709800000, 0x0000000709a00000|  0%| F|  |TAMS 0x0000000709800000| PB 0x0000000709800000| Untracked 
|  41|0x0000000709a00000, 0x0000000709a00000, 0x0000000709c00000|  0%| F|  |TAMS 0x0000000709a00000| PB 0x0000000709a00000| Untracked 
|  42|0x0000000709c00000, 0x0000000709c00000, 0x0000000709e00000|  0%| F|  |TAMS 0x0000000709c00000| PB 0x0000000709c00000| Untracked 
|  43|0x0000000709e00000, 0x0000000709e00000, 0x000000070a000000|  0%| F|  |TAMS 0x0000000709e00000| PB 0x0000000709e00000| Untracked 
|  44|0x000000070a000000, 0x000000070a000000, 0x000000070a200000|  0%| F|  |TAMS 0x000000070a000000| PB 0x000000070a000000| Untracked 
|  45|0x000000070a200000, 0x000000070a200000, 0x000000070a400000|  0%| F|  |TAMS 0x000000070a200000| PB 0x000000070a200000| Untracked 
|  46|0x000000070a400000, 0x000000070a551108, 0x000000070a600000| 65%| E|  |TAMS 0x000000070a400000| PB 0x000000070a400000| Complete 
|  99|0x0000000710e00000, 0x0000000711000000, 0x0000000711000000|100%| E|CS|TAMS 0x0000000710e00000| PB 0x0000000710e00000| Complete 
| 125|0x0000000714200000, 0x0000000714400000, 0x0000000714400000|100%| E|CS|TAMS 0x0000000714200000| PB 0x0000000714200000| Complete 
|2011|0x00000007ffe00000, 0x0000000800000000, 0x0000000800000000|100%| E|CS|TAMS 0x00000007ffe00000| PB 0x00000007ffe00000| Complete 

Card table byte_map: [0x0000023ebe060000,0x0000023ebe840000] _byte_map_base: 0x0000023eba83c000

Marking Bits: (CMBitMap*) 0x0000023eb0151ad0
 Bits: [0x0000023ebe840000, 0x0000023ec2720000)

Polling page: 0x0000023eb01a0000

Metaspace:

Usage:
  Non-class:     60.12 MB used.
      Class:      9.66 MB used.
       Both:     69.78 MB used.

Virtual space:
  Non-class space:       64.00 MB reserved,      60.69 MB ( 95%) committed,  1 nodes.
      Class space:        1.00 GB reserved,       9.94 MB ( <1%) committed,  1 nodes.
             Both:        1.06 GB reserved,      70.62 MB (  6%) committed. 

Chunk freelists:
   Non-Class:  2.91 MB
       Class:  5.96 MB
        Both:  8.87 MB

MaxMetaspaceSize: unlimited
CompressedClassSpaceSize: 1.00 GB
Initial GC threshold: 21.00 MB
Current GC threshold: 117.94 MB
CDS: on
 - commit_granule_bytes: 65536.
 - commit_granule_words: 8192.
 - virtual_space_node_default_size: 8388608.
 - enlarge_chunks_in_place: 1.
 - use_allocation_guard: 0.


Internal statistics:

num_allocs_failed_limit: 12.
num_arena_births: 1706.
num_arena_deaths: 912.
num_vsnodes_births: 2.
num_vsnodes_deaths: 0.
num_space_committed: 1143.
num_space_uncommitted: 11.
num_chunks_returned_to_freelist: 1518.
num_chunks_taken_from_freelist: 4881.
num_chunk_merges: 227.
num_chunk_splits: 2825.
num_chunks_enlarged: 2113.
num_inconsistent_stats: 0.

CodeCache: size=49152Kb used=19186Kb max_used=20864Kb free=29965Kb
 bounds [0x0000023eb9f90000, 0x0000023ebb440000, 0x0000023ebcf90000]
 total_blobs=10186 nmethods=9451 adapters=658
 compilation: enabled
              stopped_count=0, restarted_count=0
 full_count=0

Compilation events (20 events):
Event: 1876.231 Thread 0x0000023ec4cde070 nmethod 13669 0x0000023eba808990 code [0x0000023eba808b40, 0x0000023eba808c70]
Event: 1876.233 Thread 0x0000023ec4cde070 13670       1       java.text.DecimalFormat::setMinimumIntegerDigits (66 bytes)
Event: 1876.233 Thread 0x0000023ec4cde070 nmethod 13670 0x0000023ebaa88e90 code [0x0000023ebaa89040, 0x0000023ebaa891b0]
Event: 1876.233 Thread 0x0000023ec4cde070 13674       1       java.util.ArrayList$ListItr::previous (59 bytes)
Event: 1876.234 Thread 0x0000023ec4cde070 nmethod 13674 0x0000023ebb1e3c90 code [0x0000023ebb1e3e60, 0x0000023ebb1e4180]
Event: 1876.234 Thread 0x0000023ec4cde070 13671       1       java.text.NumberFormat::setMinimumIntegerDigits (29 bytes)
Event: 1876.234 Thread 0x0000023ec4cde070 nmethod 13671 0x0000023eba4ce910 code [0x0000023eba4ceaa0, 0x0000023eba4ceb88]
Event: 1876.234 Thread 0x0000023ec4cde070 13672       1       java.text.DecimalFormat::setMaximumIntegerDigits (66 bytes)
Event: 1876.234 Thread 0x0000023ec4cde070 nmethod 13672 0x0000023ebaabb290 code [0x0000023ebaabb440, 0x0000023ebaabb5b0]
Event: 1876.234 Thread 0x0000023ec4cde070 13675  s!   1       org.hibernate.service.internal.AbstractServiceRegistryImpl::stopService (41 bytes)
Event: 1876.235 Thread 0x0000023ec4cde070 nmethod 13675 0x0000023ebb2c5590 code [0x0000023ebb2c57a0, 0x0000023ebb2c5d28]
Event: 1876.235 Thread 0x0000023ec4cde070 13673       1       java.text.NumberFormat::setMaximumIntegerDigits (29 bytes)
Event: 1876.235 Thread 0x0000023ec4cde070 nmethod 13673 0x0000023eba548c10 code [0x0000023eba548da0, 0x0000023eba548e88]
Event: 1876.235 Thread 0x0000023ec4cde070 13676       1       jdk.internal.misc.Unsafe::compareAndExchangeByte (114 bytes)
Event: 1876.235 Thread 0x0000023ec4cde070 nmethod 13676 0x0000023ebab1a590 code [0x0000023ebab1a720, 0x0000023ebab1a8e0]
Event: 1876.321 Thread 0x0000023ec4cde070 13677       1       oracle.net.nt.TimeoutInterruptHandler::cancelInterrupt (34 bytes)
Event: 1876.321 Thread 0x0000023ec4cde070 nmethod 13677 0x0000023ebb0c7b90 code [0x0000023ebb0c7d60, 0x0000023ebb0c8010]
Event: 1876.342 Thread 0x0000023ec4cde070 13679       1       java.text.DigitList::set (176 bytes)
Event: 1876.343 Thread 0x0000023ec4cde070 nmethod 13679 0x0000023ebb2c4d90 code [0x0000023ebb2c4f80, 0x0000023ebb2c53a8]
Event: 1876.343 Thread 0x0000023ec4cde070 13682       1       java.text.DecimalFormat::subformatNumber (1173 bytes)

GC Heap History (20 events):
Event: 621.344 GC heap after
{Heap after GC invocations=46 (full 7):
 garbage-first heap   total 102400K, used 32424K [0x0000000704800000, 0x0000000800000000)
  region size 2048K, 2 young (4096K), 2 survivors (4096K)
 Metaspace       used 71898K, committed 72448K, reserved 1114112K
  class space    used 9915K, committed 10176K, reserved 1048576K
}
Event: 622.276 GC heap before
{Heap before GC invocations=47 (full 7):
 garbage-first heap   total 102400K, used 85672K [0x0000000704800000, 0x0000000800000000)
  region size 2048K, 29 young (59392K), 2 survivors (4096K)
 Metaspace       used 72079K, committed 72640K, reserved 1114112K
  class space    used 9922K, committed 10176K, reserved 1048576K
}
Event: 622.279 GC heap after
{Heap after GC invocations=48 (full 7):
 garbage-first heap   total 102400K, used 34670K [0x0000000704800000, 0x0000000800000000)
  region size 2048K, 4 young (8192K), 4 survivors (8192K)
 Metaspace       used 72079K, committed 72640K, reserved 1114112K
  class space    used 9922K, committed 10176K, reserved 1048576K
}
Event: 623.167 GC heap before
{Heap before GC invocations=48 (full 7):
 garbage-first heap   total 102400K, used 38766K [0x0000000704800000, 0x0000000800000000)
  region size 2048K, 7 young (14336K), 4 survivors (8192K)
 Metaspace       used 72085K, committed 72640K, reserved 1114112K
  class space    used 9923K, committed 10176K, reserved 1048576K
}
Event: 623.213 GC heap after
{Heap after GC invocations=49 (full 8):
 garbage-first heap   total 102400K, used 26566K [0x0000000704800000, 0x0000000800000000)
  region size 2048K, 0 young (0K), 0 survivors (0K)
 Metaspace       used 71270K, committed 72512K, reserved 1114112K
  class space    used 9847K, committed 10176K, reserved 1048576K
}
Event: 624.016 GC heap before
{Heap before GC invocations=49 (full 8):
 garbage-first heap   total 102400K, used 83910K [0x0000000704800000, 0x0000000800000000)
  region size 2048K, 29 young (59392K), 0 survivors (0K)
 Metaspace       used 71474K, committed 72512K, reserved 1114112K
  class space    used 9873K, committed 10176K, reserved 1048576K
}
Event: 624.022 GC heap after
{Heap after GC invocations=50 (full 8):
 garbage-first heap   total 102400K, used 30930K [0x0000000704800000, 0x0000000800000000)
  region size 2048K, 3 young (6144K), 3 survivors (6144K)
 Metaspace       used 71474K, committed 72512K, reserved 1114112K
  class space    used 9873K, committed 10176K, reserved 1048576K
}
Event: 625.085 GC heap before
{Heap before GC invocations=51 (full 8):
 garbage-first heap   total 102400K, used 82130K [0x0000000704800000, 0x0000000800000000)
  region size 2048K, 29 young (59392K), 3 survivors (6144K)
 Metaspace       used 71684K, committed 72512K, reserved 1114112K
  class space    used 9885K, committed 10176K, reserved 1048576K
}
Event: 625.094 GC heap after
{Heap after GC invocations=52 (full 8):
 garbage-first heap   total 102400K, used 32412K [0x0000000704800000, 0x0000000800000000)
  region size 2048K, 3 young (6144K), 3 survivors (6144K)
 Metaspace       used 71684K, committed 72512K, reserved 1114112K
  class space    used 9885K, committed 10176K, reserved 1048576K
}
Event: 1060.622 GC heap before
{Heap before GC invocations=52 (full 8):
 garbage-first heap   total 102400K, used 83612K [0x0000000704800000, 0x0000000800000000)
  region size 2048K, 29 young (59392K), 3 survivors (6144K)
 Metaspace       used 71741K, committed 72512K, reserved 1114112K
  class space    used 9899K, committed 10176K, reserved 1048576K
}
Event: 1060.633 GC heap after
{Heap after GC invocations=53 (full 8):
 garbage-first heap   total 102400K, used 33943K [0x0000000704800000, 0x0000000800000000)
  region size 2048K, 3 young (6144K), 3 survivors (6144K)
 Metaspace       used 71741K, committed 72512K, reserved 1114112K
  class space    used 9899K, committed 10176K, reserved 1048576K
}
Event: 1507.014 GC heap before
{Heap before GC invocations=53 (full 8):
 garbage-first heap   total 102400K, used 83095K [0x0000000704800000, 0x0000000800000000)
  region size 2048K, 28 young (57344K), 3 survivors (6144K)
 Metaspace       used 71754K, committed 72512K, reserved 1114112K
  class space    used 9901K, committed 10176K, reserved 1048576K
}
Event: 1507.018 GC heap after
{Heap after GC invocations=54 (full 8):
 garbage-first heap   total 102400K, used 34085K [0x0000000704800000, 0x0000000800000000)
  region size 2048K, 3 young (6144K), 3 survivors (6144K)
 Metaspace       used 71754K, committed 72512K, reserved 1114112K
  class space    used 9901K, committed 10176K, reserved 1048576K
}
Event: 1873.244 GC heap before
{Heap before GC invocations=55 (full 8):
 garbage-first heap   total 102400K, used 75045K [0x0000000704800000, 0x0000000800000000)
  region size 2048K, 24 young (49152K), 3 survivors (6144K)
 Metaspace       used 71343K, committed 72448K, reserved 1114112K
  class space    used 9863K, committed 10176K, reserved 1048576K
}
Event: 1873.295 GC heap after
{Heap after GC invocations=56 (full 9):
 garbage-first heap   total 102400K, used 25240K [0x0000000704800000, 0x0000000800000000)
  region size 2048K, 0 young (0K), 0 survivors (0K)
 Metaspace       used 70861K, committed 72256K, reserved 1114112K
  class space    used 9805K, committed 10112K, reserved 1048576K
}
Event: 1874.353 GC heap before
{Heap before GC invocations=56 (full 9):
 garbage-first heap   total 102400K, used 84632K [0x0000000704800000, 0x0000000800000000)
  region size 2048K, 30 young (61440K), 0 survivors (0K)
 Metaspace       used 71206K, committed 72256K, reserved 1114112K
  class space    used 9868K, committed 10112K, reserved 1048576K
}
Event: 1874.356 GC heap after
{Heap after GC invocations=57 (full 9):
 garbage-first heap   total 102400K, used 30718K [0x0000000704800000, 0x0000000800000000)
  region size 2048K, 3 young (6144K), 3 survivors (6144K)
 Metaspace       used 71206K, committed 72256K, reserved 1114112K
  class space    used 9868K, committed 10112K, reserved 1048576K
}
Event: 1874.779 GC heap before
{Heap before GC invocations=58 (full 9):
 garbage-first heap   total 102400K, used 83966K [0x0000000704800000, 0x0000000800000000)
  region size 2048K, 29 young (59392K), 3 survivors (6144K)
 Metaspace       used 71451K, committed 72320K, reserved 1114112K
  class space    used 9891K, committed 10176K, reserved 1048576K
}
Event: 1874.784 GC heap after
{Heap after GC invocations=59 (full 9):
 garbage-first heap   total 102400K, used 34374K [0x0000000704800000, 0x0000000800000000)
  region size 2048K, 3 young (6144K), 3 survivors (6144K)
 Metaspace       used 71451K, committed 72320K, reserved 1114112K
  class space    used 9891K, committed 10176K, reserved 1048576K
}
Event: 1876.343 GC heap before
{Heap before GC invocations=59 (full 9):
 garbage-first heap   total 102400K, used 40518K [0x0000000704800000, 0x0000000800000000)
  region size 2048K, 7 young (14336K), 3 survivors (6144K)
 Metaspace       used 71457K, committed 72320K, reserved 1114112K
  class space    used 9892K, committed 10176K, reserved 1048576K
}

Dll operation events (13 events):
Event: 0.015 Loaded shared library D:\Program Files\Eclipse Adoptium\jdk-21.0.2.13-hotspot\bin\java.dll
Event: 0.147 Loaded shared library D:\Program Files\Eclipse Adoptium\jdk-21.0.2.13-hotspot\bin\zip.dll
Event: 0.152 Loaded shared library D:\Program Files\Eclipse Adoptium\jdk-21.0.2.13-hotspot\bin\instrument.dll
Event: 0.157 Loaded shared library D:\Program Files\Eclipse Adoptium\jdk-21.0.2.13-hotspot\bin\net.dll
Event: 0.161 Loaded shared library D:\Program Files\Eclipse Adoptium\jdk-21.0.2.13-hotspot\bin\nio.dll
Event: 0.165 Loaded shared library D:\Program Files\Eclipse Adoptium\jdk-21.0.2.13-hotspot\bin\zip.dll
Event: 0.275 Loaded shared library D:\Program Files\JetBrains\IntelliJ IDEA 2024.1.1\bin\breakgen64.dll
Event: 0.279 Loaded shared library D:\Program Files\Eclipse Adoptium\jdk-21.0.2.13-hotspot\bin\jimage.dll
Event: 0.283 Loaded shared library D:\Program Files\Eclipse Adoptium\jdk-21.0.2.13-hotspot\bin\extnet.dll
Event: 0.299 Loaded shared library D:\Program Files\Eclipse Adoptium\jdk-21.0.2.13-hotspot\bin\management.dll
Event: 0.306 Loaded shared library D:\Program Files\Eclipse Adoptium\jdk-21.0.2.13-hotspot\bin\management_ext.dll
Event: 0.524 Loaded shared library D:\Program Files\Eclipse Adoptium\jdk-21.0.2.13-hotspot\bin\verify.dll
Event: 2.464 Loaded shared library D:\Program Files\Eclipse Adoptium\jdk-21.0.2.13-hotspot\bin\sunmscapi.dll

Deoptimization events (4 events):
Event: 1.833 Thread 0x0000023ec5d6fdf0 DEOPT PACKING pc=0x0000023eba61e3c4 sp=0x000000877e3fd790
Event: 1.833 Thread 0x0000023ec5d6fdf0 DEOPT UNPACKING pc=0x0000023eb9fe88e2 sp=0x000000877e3fcce8 mode 0
Event: 4.818 Thread 0x0000023ec5d6fdf0 DEOPT PACKING pc=0x0000023eba5f0a91 sp=0x000000877e3fc340
Event: 4.818 Thread 0x0000023ec5d6fdf0 DEOPT UNPACKING pc=0x0000023eb9fe88e2 sp=0x000000877e3fb848 mode 3

Classes loaded (20 events):
Event: 1874.410 Loading class java/lang/ObjectCustomizer
Event: 1874.410 Loading class java/lang/ObjectCustomizer done
Event: 1874.419 Loading class java/lang/ObjectCustomizer
Event: 1874.419 Loading class java/lang/ObjectCustomizer done
Event: 1874.419 Loading class java/lang/ObjectCustomizer
Event: 1874.419 Loading class java/lang/ObjectCustomizer done
Event: 1874.449 Loading class java/lang/ObjectCustomizer
Event: 1874.449 Loading class java/lang/ObjectCustomizer done
Event: 1874.449 Loading class java/lang/ObjectCustomizer
Event: 1874.449 Loading class java/lang/ObjectCustomizer done
Event: 1874.495 Loading class java/lang/ObjectCustomizer
Event: 1874.495 Loading class java/lang/ObjectCustomizer done
Event: 1874.495 Loading class java/lang/ObjectCustomizer
Event: 1874.495 Loading class java/lang/ObjectCustomizer done
Event: 1874.564 Loading class java/time/DurationEditor
Event: 1874.564 Loading class java/time/DurationEditor done
Event: 1874.576 Loading class java/lang/ObjectCustomizer
Event: 1874.576 Loading class java/lang/ObjectCustomizer done
Event: 1874.576 Loading class java/lang/ObjectCustomizer
Event: 1874.576 Loading class java/lang/ObjectCustomizer done

Classes unloaded (20 events):
Event: 1873.258 Thread 0x0000023ec4ca9f80 Unloading class 0x0000023ec7385800 'java/lang/invoke/LambdaForm$MH+0x0000023ec7385800'
Event: 1873.258 Thread 0x0000023ec4ca9f80 Unloading class 0x0000023ec7129000 'java/lang/invoke/LambdaForm$MH+0x0000023ec7129000'
Event: 1873.258 Thread 0x0000023ec4ca9f80 Unloading class 0x0000023ec7161c00 'java/lang/invoke/LambdaForm$MH+0x0000023ec7161c00'
Event: 1873.258 Thread 0x0000023ec4ca9f80 Unloading class 0x0000023ec7163000 'java/lang/invoke/LambdaForm$MH+0x0000023ec7163000'
Event: 1873.258 Thread 0x0000023ec4ca9f80 Unloading class 0x0000023ec7180c00 'java/lang/invoke/LambdaForm$MH+0x0000023ec7180c00'
Event: 1873.258 Thread 0x0000023ec4ca9f80 Unloading class 0x0000023ec71a4800 'java/lang/invoke/LambdaForm$MH+0x0000023ec71a4800'
Event: 1873.258 Thread 0x0000023ec4ca9f80 Unloading class 0x0000023ec71a5000 'java/lang/invoke/LambdaForm$MH+0x0000023ec71a5000'
Event: 1873.258 Thread 0x0000023ec4ca9f80 Unloading class 0x0000023ec71aa400 'java/lang/invoke/LambdaForm$DMH+0x0000023ec71aa400'
Event: 1873.258 Thread 0x0000023ec4ca9f80 Unloading class 0x0000023ec71abc00 'java/lang/invoke/LambdaForm$MH+0x0000023ec71abc00'
Event: 1873.258 Thread 0x0000023ec4ca9f80 Unloading class 0x0000023ec71b2000 'java/lang/invoke/LambdaForm$DMH+0x0000023ec71b2000'
Event: 1873.258 Thread 0x0000023ec4ca9f80 Unloading class 0x0000023ec7538000 'java/lang/invoke/LambdaForm$MH+0x0000023ec7538000'
Event: 1873.258 Thread 0x0000023ec4ca9f80 Unloading class 0x0000023ec794c000 'java/lang/invoke/LambdaForm$MH+0x0000023ec794c000'
Event: 1873.258 Thread 0x0000023ec4ca9f80 Unloading class 0x0000023ec73c0000 'java/lang/invoke/LambdaForm$MH+0x0000023ec73c0000'
Event: 1873.258 Thread 0x0000023ec4ca9f80 Unloading class 0x0000023ec7082c00 'java/lang/invoke/LambdaForm$MH+0x0000023ec7082c00'
Event: 1874.384 Thread 0x0000023ec4ca9f80 Unloading class 0x0000023ec794ac00 'jdk/internal/reflect/GeneratedSerializationConstructorAccessor65'
Event: 1874.384 Thread 0x0000023ec4ca9f80 Unloading class 0x0000023ec78da000 'java/lang/invoke/LambdaForm$MH+0x0000023ec78da000'
Event: 1874.384 Thread 0x0000023ec4ca9f80 Unloading class 0x0000023ec7534400 'jdk/internal/reflect/GeneratedSerializationConstructorAccessor62'
Event: 1874.384 Thread 0x0000023ec4ca9f80 Unloading class 0x0000023ec78e8000 'java/lang/invoke/LambdaForm$MH+0x0000023ec78e8000'
Event: 1874.384 Thread 0x0000023ec4ca9f80 Unloading class 0x0000023ec78d8800 'jdk/internal/reflect/GeneratedSerializationConstructorAccessor60'
Event: 1874.384 Thread 0x0000023ec4ca9f80 Unloading class 0x0000023ec71b0800 'java/lang/invoke/LambdaForm$MH+0x0000023ec71b0800'

Classes redefined (0 events):
No events

Internal exceptions (20 events):
Event: 1874.419 Thread 0x0000023ec5cae7f0 Exception <a 'java/lang/ClassNotFoundException'{0x000000070945bae8}: java/lang/ObjectCustomizer> (0x000000070945bae8) 
thrown [s\src\hotspot\share\classfile\systemDictionary.cpp, line 312]
Event: 1874.419 Thread 0x0000023ec5cae7f0 Exception <a 'java/lang/ClassNotFoundException'{0x0000000709464960}: org/springframework/core/io/support/PropertiesLoaderSupportCustomizer> (0x0000000709464960) 
thrown [s\src\hotspot\share\classfile\systemDictionary.cpp, line 312]
Event: 1874.420 Thread 0x0000023ec5cae7f0 Exception <a 'java/lang/ClassNotFoundException'{0x0000000709472f58}: org/springframework/beans/factory/config/PropertiesFactoryBeanCustomizer> (0x0000000709472f58) 
thrown [s\src\hotspot\share\classfile\systemDictionary.cpp, line 312]
Event: 1874.420 Thread 0x0000023ec5cae7f0 Exception <a 'java/lang/ClassNotFoundException'{0x0000000709489578}: org/springframework/beans/factory/FactoryBeanCustomizer> (0x0000000709489578) 
thrown [s\src\hotspot\share\classfile\systemDictionary.cpp, line 312]
Event: 1874.421 Thread 0x0000023ec5cae7f0 Exception <a 'java/lang/ClassNotFoundException'{0x00000007094a8408}: org/springframework/beans/factory/InitializingBeanCustomizer> (0x00000007094a8408) 
thrown [s\src\hotspot\share\classfile\systemDictionary.cpp, line 312]
Event: 1874.449 Thread 0x0000023ec5cae7f0 Exception <a 'java/lang/ClassNotFoundException'{0x000000070939b710}: java/lang/ObjectCustomizer> (0x000000070939b710) 
thrown [s\src\hotspot\share\classfile\systemDictionary.cpp, line 312]
Event: 1874.449 Thread 0x0000023ec5cae7f0 Exception <a 'java/lang/ClassNotFoundException'{0x00000007093a4e58}: com/sosigae/LuckeyTurkey/domain/ReservationCustomizer> (0x00000007093a4e58) 
thrown [s\src\hotspot\share\classfile\systemDictionary.cpp, line 312]
Event: 1874.495 Thread 0x0000023ec5cae7f0 Exception <a 'java/lang/ClassNotFoundException'{0x0000000708cf0470}: java/lang/ObjectCustomizer> (0x0000000708cf0470) 
thrown [s\src\hotspot\share\classfile\systemDictionary.cpp, line 312]
Event: 1874.496 Thread 0x0000023ec5cae7f0 Exception <a 'java/lang/ClassNotFoundException'{0x0000000708cf9ea8}: com/sosigae/LuckeyTurkey/domain/VaccinationRecordCustomizer> (0x0000000708cf9ea8) 
thrown [s\src\hotspot\share\classfile\systemDictionary.cpp, line 312]
Event: 1874.576 Thread 0x0000023ec5cae7f0 Exception <a 'java/lang/ClassNotFoundException'{0x000000070841e0d8}: java/lang/ObjectCustomizer> (0x000000070841e0d8) 
thrown [s\src\hotspot\share\classfile\systemDictionary.cpp, line 312]
Event: 1874.577 Thread 0x0000023ec5cae7f0 Exception <a 'java/lang/ClassNotFoundException'{0x0000000708426a48}: org/springframework/web/servlet/config/annotation/WebMvcConfigurationSupportCustomizer> (0x0000000708426a48) 
thrown [s\src\hotspot\share\classfile\systemDictionary.cpp, line 312]
Event: 1874.578 Thread 0x0000023ec5cae7f0 Exception <a 'java/lang/ClassNotFoundException'{0x000000070843b7d8}: org/springframework/web/servlet/config/annotation/DelegatingWebMvcConfigurationCustomizer> (0x000000070843b7d8) 
thrown [s\src\hotspot\share\classfile\systemDictionary.cpp, line 312]
Event: 1874.578 Thread 0x0000023ec5cae7f0 Exception <a 'java/lang/ClassNotFoundException'{0x0000000708445a40}: org/springframework/boot/autoconfigure/web/servlet/WebMvcAutoConfiguration$EnableWebMvcConfigurationCustomizer> (0x0000000708445a40) 
thrown [s\src\hotspot\share\classfile\systemDictionary.cpp, line 312]
Event: 1874.579 Thread 0x0000023ec5cae7f0 Exception <a 'java/lang/ClassNotFoundException'{0x0000000708459418}: org/springframework/context/ResourceLoaderAwareCustomizer> (0x0000000708459418) 
thrown [s\src\hotspot\share\classfile\systemDictionary.cpp, line 312]
Event: 1874.579 Thread 0x0000023ec5cae7f0 Exception <a 'java/lang/ClassNotFoundException'{0x000000070845f168}: org/springframework/beans/factory/AwareCustomizer> (0x000000070845f168) 
thrown [s\src\hotspot\share\classfile\systemDictionary.cpp, line 312]
Event: 1874.579 Thread 0x0000023ec5cae7f0 Exception <a 'java/lang/ClassNotFoundException'{0x0000000708463fd8}: org/springframework/context/ApplicationContextAwareCustomizer> (0x0000000708463fd8) 
thrown [s\src\hotspot\share\classfile\systemDictionary.cpp, line 312]
Event: 1874.582 Thread 0x0000023ec5cae7f0 Exception <a 'java/lang/ClassNotFoundException'{0x000000070846a3f8}: org/springframework/beans/factory/AwareCustomizer> (0x000000070846a3f8) 
thrown [s\src\hotspot\share\classfile\systemDictionary.cpp, line 312]
Event: 1874.582 Thread 0x0000023ec5cae7f0 Exception <a 'java/lang/ClassNotFoundException'{0x000000070846f240}: org/springframework/web/context/ServletContextAwareCustomizer> (0x000000070846f240) 
thrown [s\src\hotspot\share\classfile\systemDictionary.cpp, line 312]
Event: 1874.583 Thread 0x0000023ec5cae7f0 Exception <a 'java/lang/ClassNotFoundException'{0x0000000708474fa8}: org/springframework/beans/factory/AwareCustomizer> (0x0000000708474fa8) 
thrown [s\src\hotspot\share\classfile\systemDictionary.cpp, line 312]
Event: 1876.231 Thread 0x0000023ec5cb43d0 Exception <a 'java/lang/InterruptedException'{0x000000070a4ebad8}: sleep interrupted> (0x000000070a4ebad8) 
thrown [s\src\hotspot\share\prims\jvm.cpp, line 3074]

ZGC Phase Switch (0 events):
No events

VM Operations (20 events):
Event: 1683.581 Executing VM operation: RendezvousGCThreads done
Event: 1743.705 Executing VM operation: HandshakeAllThreads (HandshakeForDeflation)
Event: 1743.705 Executing VM operation: HandshakeAllThreads (HandshakeForDeflation) done
Event: 1743.705 Executing VM operation: RendezvousGCThreads
Event: 1743.705 Executing VM operation: RendezvousGCThreads done
Event: 1873.244 Executing VM operation: G1CollectFull (System.gc())
Event: 1873.299 Executing VM operation: G1CollectFull (System.gc()) done
Event: 1874.302 Executing VM operation: Cleanup
Event: 1874.302 Executing VM operation: Cleanup done
Event: 1874.353 Executing VM operation: G1CollectForAllocation (G1 Evacuation Pause)
Event: 1874.356 Executing VM operation: G1CollectForAllocation (G1 Evacuation Pause) done
Event: 1874.384 Executing VM operation: G1PauseRemark
Event: 1874.392 Executing VM operation: G1PauseRemark done
Event: 1874.400 Executing VM operation: G1PauseCleanup
Event: 1874.400 Executing VM operation: G1PauseCleanup done
Event: 1874.779 Executing VM operation: G1CollectForAllocation (G1 Evacuation Pause)
Event: 1874.785 Executing VM operation: G1CollectForAllocation (G1 Evacuation Pause) done
Event: 1875.785 Executing VM operation: Cleanup
Event: 1875.785 Executing VM operation: Cleanup done
Event: 1876.343 Executing VM operation: G1CollectFull (System.gc())

Events (20 events):
Event: 1876.219 Thread 0x0000023ec5cad440 Thread exited: 0x0000023ec5cad440
Event: 1876.224 Thread 0x0000023f0c79f460 Thread exited: 0x0000023f0c79f460
Event: 1876.230 Thread 0x0000023f0c79b2c0 Thread exited: 0x0000023f0c79b2c0
Event: 1876.231 Thread 0x0000023ec5cb2990 Thread exited: 0x0000023ec5cb2990
Event: 1876.231 Thread 0x0000023f0c79faf0 Thread exited: 0x0000023f0c79faf0
Event: 1876.231 Thread 0x0000023ec5caf510 Thread exited: 0x0000023ec5caf510
Event: 1876.231 Thread 0x0000023ec5cb36b0 Thread exited: 0x0000023ec5cb36b0
Event: 1876.231 Thread 0x0000023ec5cb1c70 Thread exited: 0x0000023ec5cb1c70
Event: 1876.231 Thread 0x0000023ec5cae160 Thread exited: 0x0000023ec5cae160
Event: 1876.231 Thread 0x0000023ec5cafba0 Thread exited: 0x0000023ec5cafba0
Event: 1876.231 Thread 0x0000023ec5cb3020 Thread exited: 0x0000023ec5cb3020
Event: 1876.231 Thread 0x0000023ec5cb2300 Thread exited: 0x0000023ec5cb2300
Event: 1876.231 Thread 0x0000023ec5cb15e0 Thread exited: 0x0000023ec5cb15e0
Event: 1876.231 Thread 0x0000023ec5cb3d40 Thread exited: 0x0000023ec5cb3d40
Event: 1876.231 Thread 0x0000023ec5cb43d0 Thread exited: 0x0000023ec5cb43d0
Event: 1876.231 Thread 0x0000023ec5cb0f50 Thread exited: 0x0000023ec5cb0f50
Event: 1876.234 Thread 0x0000023f0c7a0810 Thread added: 0x0000023f0c7a0810
Event: 1876.234 Thread 0x0000023ec5cadad0 Thread exited: 0x0000023ec5cadad0
Event: 1876.235 Thread 0x0000023ec5cb08c0 Thread exited: 0x0000023ec5cb08c0
Event: 1876.341 Thread 0x0000023f0c7a0810 Thread exited: 0x0000023f0c7a0810


Dynamic libraries:
0x00007ff795470000 - 0x00007ff79547e000 	D:\Program Files\Eclipse Adoptium\jdk-21.0.2.13-hotspot\bin\java.exe
0x00007fff13c30000 - 0x00007fff13e47000 	C:\WINDOWS\SYSTEM32\ntdll.dll
0x00007fff12ab0000 - 0x00007fff12b74000 	C:\WINDOWS\System32\KERNEL32.DLL
0x00007fff11440000 - 0x00007fff117ec000 	C:\WINDOWS\System32\KERNELBASE.dll
0x00007fff111b0000 - 0x00007fff112c1000 	C:\WINDOWS\System32\ucrtbase.dll
0x00007fff0db10000 - 0x00007fff0db28000 	D:\Program Files\Eclipse Adoptium\jdk-21.0.2.13-hotspot\bin\jli.dll
0x00007fff0c580000 - 0x00007fff0c59b000 	D:\Program Files\Eclipse Adoptium\jdk-21.0.2.13-hotspot\bin\VCRUNTIME140.dll
0x00007fff139e0000 - 0x00007fff13b8e000 	C:\WINDOWS\System32\USER32.dll
0x00007fff11940000 - 0x00007fff11966000 	C:\WINDOWS\System32\win32u.dll
0x00007fff130f0000 - 0x00007fff13119000 	C:\WINDOWS\System32\GDI32.dll
0x00007fff117f0000 - 0x00007fff11909000 	C:\WINDOWS\System32\gdi32full.dll
0x00007fff10f60000 - 0x00007fff10ffa000 	C:\WINDOWS\System32\msvcp_win.dll
0x00007ffef6fd0000 - 0x00007ffef7263000 	C:\WINDOWS\WinSxS\amd64_microsoft.windows.common-controls_6595b64144ccf1df_6.0.22621.3672_none_2713b9d173822955\COMCTL32.dll
0x00007fff12ef0000 - 0x00007fff12f97000 	C:\WINDOWS\System32\msvcrt.dll
0x00007fff11970000 - 0x00007fff119a1000 	C:\WINDOWS\System32\IMM32.DLL
0x00007fff0c5d0000 - 0x00007fff0c5dc000 	D:\Program Files\Eclipse Adoptium\jdk-21.0.2.13-hotspot\bin\vcruntime140_1.dll
0x00007fff07790000 - 0x00007fff0781e000 	D:\Program Files\Eclipse Adoptium\jdk-21.0.2.13-hotspot\bin\msvcp140.dll
0x00007ffeb0dc0000 - 0x00007ffeb1b43000 	D:\Program Files\Eclipse Adoptium\jdk-21.0.2.13-hotspot\bin\server\jvm.dll
0x00007fff13770000 - 0x00007fff13822000 	C:\WINDOWS\System32\ADVAPI32.dll
0x00007fff13120000 - 0x00007fff131ca000 	C:\WINDOWS\System32\sechost.dll
0x00007fff11910000 - 0x00007fff11938000 	C:\WINDOWS\System32\bcrypt.dll
0x00007fff11af0000 - 0x00007fff11c05000 	C:\WINDOWS\System32\RPCRT4.dll
0x00007fff120f0000 - 0x00007fff12161000 	C:\WINDOWS\System32\WS2_32.dll
0x00007fff107d0000 - 0x00007fff1081d000 	C:\WINDOWS\SYSTEM32\POWRPROF.dll
0x00007fff0eb00000 - 0x00007fff0eb34000 	C:\WINDOWS\SYSTEM32\WINMM.dll
0x00007fff0c350000 - 0x00007fff0c35a000 	C:\WINDOWS\SYSTEM32\VERSION.dll
0x00007fff107b0000 - 0x00007fff107c3000 	C:\WINDOWS\SYSTEM32\UMPDC.dll
0x00007fff0ff90000 - 0x00007fff0ffa8000 	C:\WINDOWS\SYSTEM32\kernel.appcore.dll
0x00007fff0bc50000 - 0x00007fff0bc5a000 	D:\Program Files\Eclipse Adoptium\jdk-21.0.2.13-hotspot\bin\jimage.dll
0x00007fff0e6f0000 - 0x00007fff0e922000 	C:\WINDOWS\SYSTEM32\DBGHELP.DLL
0x00007fff131d0000 - 0x00007fff13558000 	C:\WINDOWS\System32\combase.dll
0x00007fff11a10000 - 0x00007fff11ae7000 	C:\WINDOWS\System32\OLEAUT32.dll
0x00007fff0eb40000 - 0x00007fff0eb72000 	C:\WINDOWS\SYSTEM32\dbgcore.DLL
0x00007fff110c0000 - 0x00007fff1113b000 	C:\WINDOWS\System32\bcryptPrimitives.dll
0x00007fff09070000 - 0x00007fff0907f000 	D:\Program Files\Eclipse Adoptium\jdk-21.0.2.13-hotspot\bin\instrument.dll
0x00007fff0b690000 - 0x00007fff0b6af000 	D:\Program Files\Eclipse Adoptium\jdk-21.0.2.13-hotspot\bin\java.dll
0x00007fff12250000 - 0x00007fff12aac000 	C:\WINDOWS\System32\SHELL32.dll
0x00007fff0eeb0000 - 0x00007fff0f7a7000 	C:\WINDOWS\SYSTEM32\windows.storage.dll
0x00007fff0ed70000 - 0x00007fff0eeaf000 	C:\WINDOWS\SYSTEM32\wintypes.dll
0x00007fff13560000 - 0x00007fff13654000 	C:\WINDOWS\System32\SHCORE.dll
0x00007fff12090000 - 0x00007fff120ee000 	C:\WINDOWS\System32\shlwapi.dll
0x00007fff10e90000 - 0x00007fff10eb1000 	C:\WINDOWS\SYSTEM32\profapi.dll
0x00007fff07e40000 - 0x00007fff07e58000 	D:\Program Files\Eclipse Adoptium\jdk-21.0.2.13-hotspot\bin\zip.dll
0x00007fff0b750000 - 0x00007fff0b760000 	D:\Program Files\Eclipse Adoptium\jdk-21.0.2.13-hotspot\bin\net.dll
0x00007fff0c380000 - 0x00007fff0c4b6000 	C:\WINDOWS\SYSTEM32\WINHTTP.dll
0x00007fff10470000 - 0x00007fff104d9000 	C:\WINDOWS\system32\mswsock.dll
0x00007fff0b670000 - 0x00007fff0b686000 	D:\Program Files\Eclipse Adoptium\jdk-21.0.2.13-hotspot\bin\nio.dll
0x00007fff07e00000 - 0x00007fff07e1a000 	D:\Program Files\JetBrains\IntelliJ IDEA 2024.1.1\bin\breakgen64.dll
0x00007fff07df0000 - 0x00007fff07df9000 	D:\Program Files\Eclipse Adoptium\jdk-21.0.2.13-hotspot\bin\extnet.dll
0x00007fff0fa30000 - 0x00007fff0fb28000 	C:\WINDOWS\SYSTEM32\DNSAPI.dll
0x00007fff0fa00000 - 0x00007fff0fa2d000 	C:\WINDOWS\SYSTEM32\IPHLPAPI.DLL
0x00007fff12d40000 - 0x00007fff12d49000 	C:\WINDOWS\System32\NSI.dll
0x00007fff08de0000 - 0x00007fff08dea000 	C:\Windows\System32\rasadhlp.dll
0x00007fff0b010000 - 0x00007fff0b093000 	C:\WINDOWS\System32\fwpuclnt.dll
0x00007fff08300000 - 0x00007fff0830a000 	D:\Program Files\Eclipse Adoptium\jdk-21.0.2.13-hotspot\bin\management.dll
0x00007fff07e80000 - 0x00007fff07e8b000 	D:\Program Files\Eclipse Adoptium\jdk-21.0.2.13-hotspot\bin\management_ext.dll
0x00007fff13760000 - 0x00007fff13768000 	C:\WINDOWS\System32\PSAPI.DLL
0x00007fff106d0000 - 0x00007fff106eb000 	C:\WINDOWS\SYSTEM32\CRYPTSP.dll
0x00007fff0fef0000 - 0x00007fff0ff25000 	C:\WINDOWS\system32\rsaenh.dll
0x00007fff10570000 - 0x00007fff10598000 	C:\WINDOWS\SYSTEM32\USERENV.dll
0x00007fff106f0000 - 0x00007fff106fc000 	C:\WINDOWS\SYSTEM32\CRYPTBASE.dll
0x00007ffefec30000 - 0x00007ffefec47000 	C:\WINDOWS\system32\napinsp.dll
0x00007ffefeba0000 - 0x00007ffefebbb000 	C:\WINDOWS\system32\pnrpnsp.dll
0x00007ffefea40000 - 0x00007ffefea51000 	C:\WINDOWS\System32\winrnr.dll
0x00007fff08ee0000 - 0x00007fff08ef5000 	C:\WINDOWS\system32\wshbth.dll
0x00007ffefeb00000 - 0x00007ffefeb27000 	C:\WINDOWS\system32\nlansp_c.dll
0x00007fff07de0000 - 0x00007fff07df0000 	D:\Program Files\Eclipse Adoptium\jdk-21.0.2.13-hotspot\bin\verify.dll
0x00007fff07e30000 - 0x00007fff07e3e000 	D:\Program Files\Eclipse Adoptium\jdk-21.0.2.13-hotspot\bin\sunmscapi.dll
0x00007fff112d0000 - 0x00007fff11437000 	C:\WINDOWS\System32\CRYPT32.dll
0x00007fff10910000 - 0x00007fff1093e000 	C:\WINDOWS\SYSTEM32\ncrypt.dll
0x00007fff108d0000 - 0x00007fff10907000 	C:\WINDOWS\SYSTEM32\NTASN1.dll
0x00007ffeea0b0000 - 0x00007ffeea0b8000 	C:\WINDOWS\system32\wshunix.dll

dbghelp: loaded successfully - version: 4.0.5 - missing functions: none
symbol engine: initialized successfully - sym options: 0x614 - pdb path: .;D:\Program Files\Eclipse Adoptium\jdk-21.0.2.13-hotspot\bin;C:\WINDOWS\SYSTEM32;C:\WINDOWS\WinSxS\amd64_microsoft.windows.common-controls_6595b64144ccf1df_6.0.22621.3672_none_2713b9d173822955;D:\Program Files\Eclipse Adoptium\jdk-21.0.2.13-hotspot\bin\server;D:\Program Files\JetBrains\IntelliJ IDEA 2024.1.1\bin

VM Arguments:
jvm_args: -XX:TieredStopAtLevel=1 -Dspring.output.ansi.enabled=always -Dcom.sun.management.jmxremote -Dspring.jmx.enabled=true -Dspring.liveBeansView.mbeanDomain -Dspring.application.admin.enabled=true -Dmanagement.endpoints.jmx.exposure.include=* -javaagent:D:\Program Files\JetBrains\IntelliJ IDEA 2024.1.1\lib\idea_rt.jar=55818:D:\Program Files\JetBrains\IntelliJ IDEA 2024.1.1\bin -Dfile.encoding=UTF-8 -Dsun.stdout.encoding=UTF-8 -Dsun.stderr.encoding=UTF-8 
java_command: com.sosigae.LuckeyTurkey.LuckeyTurkeyApplication
java_class_path (initial): D:\DWU\4-1\sosiga\healthNote\target\classes;C:\Users\loved\.m2\repository\org\springframework\boot\spring-boot-starter-web\2.7.18\spring-boot-starter-web-2.7.18.jar;C:\Users\loved\.m2\repository\org\springframework\boot\spring-boot-starter\2.7.18\spring-boot-starter-2.7.18.jar;C:\Users\loved\.m2\repository\org\springframework\boot\spring-boot-starter-logging\2.7.18\spring-boot-starter-logging-2.7.18.jar;C:\Users\loved\.m2\repository\ch\qos\logback\logback-classic\1.2.12\logback-classic-1.2.12.jar;C:\Users\loved\.m2\repository\ch\qos\logback\logback-core\1.2.12\logback-core-1.2.12.jar;C:\Users\loved\.m2\repository\org\apache\logging\log4j\log4j-to-slf4j\2.17.2\log4j-to-slf4j-2.17.2.jar;C:\Users\loved\.m2\repository\org\apache\logging\log4j\log4j-api\2.17.2\log4j-api-2.17.2.jar;C:\Users\loved\.m2\repository\org\slf4j\jul-to-slf4j\1.7.36\jul-to-slf4j-1.7.36.jar;C:\Users\loved\.m2\repository\jakarta\annotation\jakarta.annotation-api\1.3.5\jakarta.annotation-api-1.3.5.jar;C:\Users\loved\.m2\repository\org\yaml\snakeyaml\1.30\snakeyaml-1.30.jar;C:\Users\loved\.m2\repository\org\springframework\boot\spring-boot-starter-json\2.7.18\spring-boot-starter-json-2.7.18.jar;C:\Users\loved\.m2\repository\com\fasterxml\jackson\core\jackson-databind\2.13.5\jackson-databind-2.13.5.jar;C:\Users\loved\.m2\repository\com\fasterxml\jackson\core\jackson-annotations\2.13.5\jackson-annotations-2.13.5.jar;C:\Users\loved\.m2\repository\com\fasterxml\jackson\core\jackson-core\2.13.5\jackson-core-2.13.5.jar;C:\Users\loved\.m2\repository\com\fasterxml\jackson\datatype\jackson-datatype-jdk8\2.13.5\jackson-datatype-jdk8-2.13.5.jar;C:\Users\loved\.m2\repository\com\fasterxml\jackson\datatype\jackson-datatype-jsr310\2.13.5\jackson-datatype-jsr310-2.13.5.jar;C:\Users\loved\.m2\repository\com\fasterxml\jackson\module\jackson-module-parameter-names\2.13.5\jackson-module-parameter-names-2.13.5.jar;C:\Users\loved\.m2\repository\org\springframework\boot\spring-boot-starter-tomcat\2.7.18\spring-boot-starter-tomcat-2.7.18.jar;C:\Users\loved\.m2\repository\org\apache\tomcat\embed\tomcat-embed-websocket\9.0.83\tomcat-embed-websocket-9.0.83.jar;C:\Users\loved\.m2\repository\org\springframework\spring-web\5.3.31\spring-web-5.3.31.jar;C:\Users\loved\.m2\repository\org\springframework\spring-beans\5.3.31\spring-beans-5.3.31.jar;C:\Users\loved\.m2\repository\org\springframework\spring-webmvc\5.3.31\spring-webmvc-5.3.31.jar;C:\Users\loved\.m2\repository\org\springframework\spring-aop\5.3.31\spring-aop-5.3.31.jar;C:\Users\loved\.m2\repository\org\springframework\spring-context\5.3.31\spring-context-5.3.31.jar;C:\Users\loved\.m2\repository\org\springframework\spring-expression\5.3.31\spring-expression-5.3.31.jar;C:\Users\loved\.m2\repository\org\springframework\boot\spring-boot-starter-data-jpa\2.7.18\spring-boot-starter-data-jpa-2.7.18.jar;C:\Users\loved\.m2\repository\org\springframework\boot\spring-boot-starter-aop\2.7.18\spring-boot-starter-aop-2.7.18.jar;C:\Users\loved\.m2\repository\org\aspectj\aspectjweaver\1.9.7\aspectjweaver-1.9.7.jar;C:\Users\loved\.m2\repository\org\springframework\boot\spring-boot-starter-jdbc\2.7.18\spring-boot-starter-jdbc-2.7.18.jar;C:\Users\loved\.m2\repository\com\zaxxer\HikariCP\4.0.3\HikariCP-4.0.3.jar;C:\Users\loved\.m2\repository\org\springframework\spring-jdbc\5.3.31\spring-jdbc-5.3.31.jar;C:\Users\loved\.m2\repository\jakarta\transaction\jakarta.transaction-api\1.3.3\jakarta.transaction-api-1.3.3.jar;C:\Users\loved\.m2\repository\jakarta\persistence\jakarta.persistence-api\2.2.3\jakarta.persistence-api-2.2.3.jar;C:\Users\loved\.m2\repository\org\hibernate\hibernate-core\5.6.15.Final\hibernate-core-5.6.15.Final.jar;C:\Users\loved\.m2\repository\net\bytebuddy\byte-buddy\1.12.23\byte-buddy-1.12.23.jar;C:\Users\loved\.m2\repository\antlr\antlr\2.7.7\antlr-2.7.7.jar;C:\Users\loved\.m2\repository\org\jboss\jandex\2.4.2.Final\jandex-2.4.2.Final.jar;C:\Users\loved\.m2\repository\org\hibernate\common\hibernate-commons-annotations\5.1.2.Final\hibernate-commons-annotations-5.1.2.Final.jar;C:\Users\loved\.m2\repository\org\glassfish\jaxb\jaxb-runtime\2.3.9\jaxb-runtime-2.3.9.jar;C:\Users\loved\.m2\repository\org\glassfish\jaxb\txw2\2.3.9\txw2-2.3.9.jar;C:\Users\loved\.m2\repository\com\sun\istack\istack-commons-runtime\3.0.12\istack-commons-runtime-3.0.12.jar;C:\Users\loved\.m2\repository\com\sun\activation\jakarta.activation\1.2.2\jakarta.activation-1.2.2.jar;C:\Users\loved\.m2\repository\org\springframework\data\spring-data-jpa\2.7.18\spring-data-jpa-2.7.18.jar;C:\Users\loved\.m2\repository\org\springframework\data\spring-data-commons\2.7.18\spring-data-commons-2.7.18.jar;C:\Users\loved\.m2\repository\org\springframework\spring-orm\5.3.31\spring-orm-5.3.31.jar;C:\Users\loved\.m2\repository\org\springframework\spring-tx\5.3.31\spring-tx-5.3.31.jar;C:\Users\loved\.m2\repository\org\slf4j\slf4j-api\1.7.36\slf4j-api-1.7.36.jar;C:\Users\loved\.m2\repository\org\springframework\spring-aspects\5.3.31\spring-aspects-5.3.31.jar;C:\Users\loved\.m2\repository\org\mybatis\spring\boot\mybatis-spring-boot-starter\2.3.0\mybatis-spring-boot-starter-2.3.0.jar;C:\Users\loved\.m2\repository\org\mybatis\spring\boot\mybatis-spring-boot-autoconfigure\2.3.0\mybatis-spring-boot-autoconfigure-2.3.0.jar;C:\Users\loved\.m2\repository\org\mybatis\mybatis\3.5.11\mybatis-3.5.11.jar;C:\Users\loved\.m2\repository\org\mybatis\mybatis-spring\2.1.0\mybatis-spring-2.1.0.jar;C:\Users\loved\.m2\repository\javax\servlet\jstl\1.2\jstl-1.2.jar;C:\Users\loved\.m2\repository\org\apache\tomcat\embed\tomcat-embed-jasper\9.0.83\tomcat-embed-jasper-9.0.83.jar;C:\Users\loved\.m2\repository\org\apache\tomcat\embed\tomcat-embed-core\9.0.83\tomcat-embed-core-9.0.83.jar;C:\Users\loved\.m2\repository\org\apache\tomcat\tomcat-annotations-api\9.0.83\tomcat-annotations-api-9.0.83.jar;C:\Users\loved\.m2\repository\org\apache\tomcat\embed\tomcat-embed-el\9.0.83\tomcat-embed-el-9.0.83.jar;C:\Users\loved\.m2\repository\org\eclipse\jdt\ecj\3.26.0\ecj-3.26.0.jar;C:\Users\loved\.m2\repository\com\oracle\database\jdbc\ojdbc8\21.5.0.0\ojdbc8-21.5.0.0.jar;C:\Users\loved\.m2\repository\org\springframework\boot\spring-boot-devtools\2.7.18\spring-boot-devtools-2.7.18.jar;C:\Users\loved\.m2\repository\org\springframework\boot\spring-boot\2.7.18\spring-boot-2.7.18.jar;C:\Users\loved\.m2\repository\org\springframework\boot\spring-boot-autoconfigure\2.7.18\spring-boot-autoconfigure-2.7.18.jar;C:\Users\loved\.m2\repository\com\h2database\h2\2.1.214\h2-2.1.214.jar;C:\Users\loved\.m2\repository\org\projectlombok\lombok\1.18.30\lombok-1.18.30.jar;C:\Users\loved\.m2\repository\jakarta\xml\bind\jakarta.xml.bind-api\2.3.3\jakarta.xml.bind-api-2.3.3.jar;C:\Users\loved\.m2\repository\jakarta\activation\jakarta.activation-api\1.2.2\jakarta.activation-api-1.2.2.jar;C:\Users\loved\.m2\repository\org\springframework\spring-core\5.3.31\spring-core-5.3.31.jar;C:\Users\loved\.m2\repository\org\springframework\spring-jcl\5.3.31\spring-jcl-5.3.31.jar;C:\Users\loved\.m2\repository\org\springframework\boot\spring-boot-starter-thymeleaf\2.7.18\spring-boot-starter-thymeleaf-2.7.18.jar;C:\Users\loved\.m2\repository\org\thymeleaf\thymeleaf-spring5\3.0.15.RELEASE\thymeleaf-spring5-3.0.15.RELEASE.jar;C:\Users\loved\.m2\repository\org\thymeleaf\thymeleaf\3.0.15.RELEASE\thymeleaf-3.0.15.RELEASE.jar;C:\Users\loved\.m2\repository\org\attoparser\attoparser\2.0.5.RELEASE\attoparser-2.0.5.RELEASE.jar;C:\Users\loved\.m2\repository\org\unbescape\unbescape\1.1.6.RELEASE\unbescape-1.1.6.RELEASE.jar;C:\Users\loved\.m2\repository\org\thymeleaf\extras\thymeleaf-extras-java8time\3.0.4.RELEASE\thymeleaf-extras-java8time-3.0.4.RELEASE.jar;C:\Users\loved\.m2\repository\javax\validation\validation-api\2.0.1.Final\validation-api-2.0.1.Final.jar;C:\Users\loved\.m2\repository\org\hibernate\validator\hibernate-validator\6.0.7.Final\hibernate-validator-6.0.7.Final.jar;C:\Users\loved\.m2\repository\org\jboss\logging\jboss-logging\3.4.3.Final\jboss-logging-3.4.3.Final.jar;C:\Users\loved\.m2\repository\com\fasterxml\classmate\1.5.1\classmate-1.5.1.jar
Launcher Type: SUN_STANDARD

[Global flags]
     intx CICompilerCount                          = 4                                         {product} {ergonomic}
     uint ConcGCThreads                            = 2                                         {product} {ergonomic}
     uint G1ConcRefinementThreads                  = 8                                         {product} {ergonomic}
   size_t G1HeapRegionSize                         = 2097152                                   {product} {ergonomic}
    uintx GCDrainStackTargetSize                   = 64                                        {product} {ergonomic}
   size_t InitialHeapSize                          = 264241152                                 {product} {ergonomic}
     bool ManagementServer                         = true                                      {product} {command line}
   size_t MarkStackSize                            = 4194304                                   {product} {ergonomic}
   size_t MaxHeapSize                              = 4219469824                                {product} {ergonomic}
   size_t MaxNewSize                               = 2531262464                                {product} {ergonomic}
   size_t MinHeapDeltaBytes                        = 2097152                                   {product} {ergonomic}
   size_t MinHeapSize                              = 8388608                                   {product} {ergonomic}
    uintx NonNMethodCodeHeapSize                   = 4096                                   {pd product} {ergonomic}
    uintx NonProfiledCodeHeapSize                  = 0                                      {pd product} {ergonomic}
     bool ProfileInterpreter                       = false                                  {pd product} {command line}
    uintx ProfiledCodeHeapSize                     = 0                                      {pd product} {ergonomic}
   size_t SoftMaxHeapSize                          = 4219469824                             {manageable} {ergonomic}
     intx TieredStopAtLevel                        = 1                                         {product} {command line}
     bool UseCompressedOops                        = true                           {product lp64_product} {ergonomic}
     bool UseG1GC                                  = true                                      {product} {ergonomic}
     bool UseLargePagesIndividualAllocation        = false                                  {pd product} {ergonomic}

Logging:
Log output configuration:
 #0: stdout all=warning uptime,level,tags foldmultilines=false
 #1: stderr all=off uptime,level,tags foldmultilines=false

Environment Variables:
JAVA_HOME=D:\Program Files\Eclipse Adoptium\jdk-21.0.2.13-hotspot
PATH=C:\Program Files (x86)\VMware\VMware Player\bin\;D:\Program Files\Eclipse Adoptium\jdk-21.0.2.13-hotspot\bin;C:\Oracle\dbhomeXE\bin;C:\Program Files (x86)\Common Files\Oracle\Java\javapath;C:\WINDOWS\system32;C:\WINDOWS;C:\WINDOWS\System32\Wbem;C:\WINDOWS\System32\WindowsPowerShell\v1.0\;C:\WINDOWS\System32\OpenSSH\;D:\Program Files\Eclipse Adoptium\jdk-21.0.2.13-hotspot\bin;C:\Program Files\Git\cmd;D:\Program Files\;C:\Python\Scripts\;C:\Python\;C:\Users\loved\AppData\Local\Microsoft\WindowsApps;;C:\Users\loved\AppData\Local\Programs\Microsoft VS Code\bin;C:\Program Files\Bandizip\;C:\Users\loved\AppData\Local\JetBrains\IntelliJ IDEA Community Edition 2023.3.5\bin;;D:\Program Files\JetBrains\IntelliJ IDEA 2024.1.1\bin;
USERNAME=loved
OS=Windows_NT
PROCESSOR_IDENTIFIER=Intel64 Family 6 Model 140 Stepping 1, GenuineIntel
TMP=C:\Users\loved\AppData\Local\Temp
TEMP=C:\Users\loved\AppData\Local\Temp




Periodic native trim disabled

---------------  S Y S T E M  ---------------

OS:
 Windows 11 , 64 bit Build 22621 (10.0.22621.3672)
OS uptime: 1 days 12:35 hours

CPU: total 8 (initial active 8) (4 cores per cpu, 2 threads per core) family 6 model 140 stepping 1 microcode 0x9a, cx8, cmov, fxsr, ht, mmx, 3dnowpref, sse, sse2, sse3, ssse3, sse4.1, sse4.2, popcnt, lzcnt, tsc, tscinvbit, avx, avx2, aes, erms, clmul, bmi1, bmi2, adx, avx512f, avx512dq, avx512cd, avx512bw, avx512vl, sha, fma, vzeroupper, avx512_vpopcntdq, avx512_vpclmulqdq, avx512_vaes, avx512_vnni, clflush, clflushopt, clwb, avx512_vbmi2, avx512_vbmi, rdtscp, rdpid, fsrm, gfni, avx512_bitalg, f16c, pku, cet_ibt, cet_ss, avx512_ifma
Processor Information for processor 0
  Max Mhz: 2419, Current Mhz: 2419, Mhz Limit: 2419
Processor Information for processor 1
  Max Mhz: 2419, Current Mhz: 1007, Mhz Limit: 2419
Processor Information for processor 2
  Max Mhz: 2419, Current Mhz: 2419, Mhz Limit: 2419
Processor Information for processor 3
  Max Mhz: 2419, Current Mhz: 2419, Mhz Limit: 2419
Processor Information for processor 4
  Max Mhz: 2419, Current Mhz: 1007, Mhz Limit: 2419
Processor Information for processor 5
  Max Mhz: 2419, Current Mhz: 1007, Mhz Limit: 2419
Processor Information for processor 6
  Max Mhz: 2419, Current Mhz: 1007, Mhz Limit: 2419
Processor Information for processor 7
  Max Mhz: 2419, Current Mhz: 1007, Mhz Limit: 2419

Memory: 4k page, system-wide physical 16092M (3711M free)
TotalPageFile size 18999M (AvailPageFile size 1M)
current process WorkingSet (physical memory assigned to process): 275M, peak: 276M
current process commit charge ("private bytes"): 315M, peak: 376M

vm_info: OpenJDK 64-Bit Server VM (21.0.2+13-LTS) for windows-amd64 JRE (21.0.2+13-LTS), built on 2024-01-16T00:00:00Z by "admin" with unknown MS VC++:1937

END.
